mode: set
github.com/23skdu/longbow/internal/store/memory/arena.go:23.40,27.2 1 0
github.com/23skdu/longbow/internal/store/memory/arena.go:32.45,36.37 2 0
github.com/23skdu/longbow/internal/store/memory/arena.go:36.37,40.3 3 0
github.com/23skdu/longbow/internal/store/memory/arena.go:43.2,44.18 2 0
github.com/23skdu/longbow/internal/store/memory/arena.go:44.18,46.3 1 0
github.com/23skdu/longbow/internal/store/memory/arena.go:48.2,52.20 5 0
github.com/23skdu/longbow/internal/store/memory/arena.go:58.46,63.2 4 0
github.com/23skdu/longbow/internal/store/memory/arena.go:67.33,74.2 6 0
github.com/23skdu/longbow/internal/store/memory/arena.go:77.48,79.2 1 0
github.com/23skdu/longbow/internal/store/adaptive_wal.go:22.47,29.2 1 0
github.com/23skdu/longbow/internal/store/adaptive_wal.go:32.46,33.16 1 0
github.com/23skdu/longbow/internal/store/adaptive_wal.go:33.16,35.3 1 0
github.com/23skdu/longbow/internal/store/adaptive_wal.go:36.2,36.24 1 0
github.com/23skdu/longbow/internal/store/adaptive_wal.go:36.24,38.3 1 0
github.com/23skdu/longbow/internal/store/adaptive_wal.go:39.2,39.24 1 0
github.com/23skdu/longbow/internal/store/adaptive_wal.go:39.24,41.3 1 0
github.com/23skdu/longbow/internal/store/adaptive_wal.go:42.2,42.35 1 0
github.com/23skdu/longbow/internal/store/adaptive_wal.go:42.35,44.3 1 0
github.com/23skdu/longbow/internal/store/adaptive_wal.go:45.2,45.26 1 0
github.com/23skdu/longbow/internal/store/adaptive_wal.go:45.26,47.3 1 0
github.com/23skdu/longbow/internal/store/adaptive_wal.go:48.2,48.12 1 0
github.com/23skdu/longbow/internal/store/adaptive_wal.go:57.87,59.2 1 0
github.com/23skdu/longbow/internal/store/adaptive_wal.go:62.89,63.20 1 0
github.com/23skdu/longbow/internal/store/adaptive_wal.go:63.20,66.3 2 0
github.com/23skdu/longbow/internal/store/adaptive_wal.go:68.2,78.34 8 0
github.com/23skdu/longbow/internal/store/adaptive_wal.go:78.34,81.3 2 0
github.com/23skdu/longbow/internal/store/adaptive_wal.go:82.2,82.34 1 0
github.com/23skdu/longbow/internal/store/adaptive_wal.go:82.34,85.3 2 0
github.com/23skdu/longbow/internal/store/adaptive_wal.go:86.2,87.17 2 0
github.com/23skdu/longbow/internal/store/adaptive_wal.go:100.66,104.2 3 0
github.com/23skdu/longbow/internal/store/adaptive_wal.go:107.42,110.2 2 0
github.com/23skdu/longbow/internal/store/adaptive_wal.go:112.46,117.35 4 0
github.com/23skdu/longbow/internal/store/adaptive_wal.go:117.35,119.3 1 0
github.com/23skdu/longbow/internal/store/adaptive_wal.go:121.2,121.21 1 0
github.com/23skdu/longbow/internal/store/adaptive_wal.go:121.21,123.3 1 0
github.com/23skdu/longbow/internal/store/adaptive_wal.go:124.2,128.35 4 0
github.com/23skdu/longbow/internal/store/adaptive_wal.go:128.35,130.3 1 0
github.com/23skdu/longbow/internal/store/adaptive_wal.go:132.2,142.23 8 0
github.com/23skdu/longbow/internal/store/adaptive_wal.go:146.46,153.35 5 0
github.com/23skdu/longbow/internal/store/adaptive_wal.go:153.35,156.3 2 0
github.com/23skdu/longbow/internal/store/adaptive_wal.go:157.2,157.13 1 0
github.com/23skdu/longbow/internal/store/async_fsync.go:21.49,29.2 1 0
github.com/23skdu/longbow/internal/store/async_fsync.go:32.44,33.16 1 0
github.com/23skdu/longbow/internal/store/async_fsync.go:33.16,35.3 1 0
github.com/23skdu/longbow/internal/store/async_fsync.go:36.2,36.27 1 0
github.com/23skdu/longbow/internal/store/async_fsync.go:36.27,38.3 1 0
github.com/23skdu/longbow/internal/store/async_fsync.go:39.2,39.29 1 0
github.com/23skdu/longbow/internal/store/async_fsync.go:39.29,41.3 1 0
github.com/23skdu/longbow/internal/store/async_fsync.go:42.2,42.25 1 0
github.com/23skdu/longbow/internal/store/async_fsync.go:42.25,44.3 1 0
github.com/23skdu/longbow/internal/store/async_fsync.go:45.2,45.12 1 0
github.com/23skdu/longbow/internal/store/async_fsync.go:49.49,51.2 1 0
github.com/23skdu/longbow/internal/store/async_fsync.go:54.62,56.2 1 0
github.com/23skdu/longbow/internal/store/async_fsync.go:94.58,102.2 1 0
github.com/23skdu/longbow/internal/store/async_fsync.go:105.50,107.2 1 0
github.com/23skdu/longbow/internal/store/async_fsync.go:110.48,114.15 3 0
github.com/23skdu/longbow/internal/store/async_fsync.go:114.15,116.3 1 0
github.com/23skdu/longbow/internal/store/async_fsync.go:118.2,124.12 6 0
github.com/23skdu/longbow/internal/store/async_fsync.go:128.37,130.16 2 0
github.com/23skdu/longbow/internal/store/async_fsync.go:130.16,133.3 2 0
github.com/23skdu/longbow/internal/store/async_fsync.go:134.2,139.12 5 0
github.com/23skdu/longbow/internal/store/async_fsync.go:143.41,147.2 3 0
github.com/23skdu/longbow/internal/store/async_fsync.go:150.47,152.2 1 0
github.com/23skdu/longbow/internal/store/async_fsync.go:155.43,157.2 1 0
github.com/23skdu/longbow/internal/store/async_fsync.go:160.52,161.48 1 0
github.com/23skdu/longbow/internal/store/async_fsync.go:161.48,163.3 1 0
github.com/23skdu/longbow/internal/store/async_fsync.go:165.2,168.9 2 0
github.com/23skdu/longbow/internal/store/async_fsync.go:169.33,170.14 1 0
github.com/23skdu/longbow/internal/store/async_fsync.go:171.10,174.15 2 0
github.com/23skdu/longbow/internal/store/async_fsync.go:179.47,181.6 1 0
github.com/23skdu/longbow/internal/store/async_fsync.go:181.6,182.10 1 0
github.com/23skdu/longbow/internal/store/async_fsync.go:183.19,185.57 1 0
github.com/23skdu/longbow/internal/store/async_fsync.go:185.57,187.5 1 0
github.com/23skdu/longbow/internal/store/async_fsync.go:188.45,190.57 1 0
github.com/23skdu/longbow/internal/store/async_fsync.go:190.57,192.5 1 0
github.com/23skdu/longbow/internal/store/async_fsync.go:198.43,204.14 5 0
github.com/23skdu/longbow/internal/store/async_fsync.go:204.14,206.3 1 0
github.com/23skdu/longbow/internal/store/async_fsync.go:208.2,209.16 2 0
github.com/23skdu/longbow/internal/store/async_fsync.go:209.16,212.3 2 0
github.com/23skdu/longbow/internal/store/async_fsync.go:212.8,214.3 1 0
github.com/23skdu/longbow/internal/store/async_fsync.go:215.2,215.12 1 0
github.com/23skdu/longbow/internal/store/async_fsync.go:219.50,227.2 1 0
github.com/23skdu/longbow/internal/store/async_fsync.go:230.36,233.6 2 0
github.com/23skdu/longbow/internal/store/async_fsync.go:233.6,234.10 1 0
github.com/23skdu/longbow/internal/store/async_fsync.go:235.22,238.11 2 0
github.com/23skdu/longbow/internal/store/async_fsync.go:239.32,239.32 0 0
github.com/23skdu/longbow/internal/store/async_fsync.go:240.12,240.12 0 0
github.com/23skdu/longbow/internal/store/async_fsync.go:242.19,244.8 1 0
github.com/23skdu/longbow/internal/store/async_fsync.go:244.8,245.12 1 0
github.com/23skdu/longbow/internal/store/async_fsync.go:246.24,247.17 1 0
github.com/23skdu/longbow/internal/store/async_fsync.go:248.13,249.12 1 0
github.com/23skdu/longbow/internal/store/async_fsync.go:257.34,262.14 4 0
github.com/23skdu/longbow/internal/store/async_fsync.go:262.14,264.3 1 0
github.com/23skdu/longbow/internal/store/async_fsync.go:266.2,267.16 2 0
github.com/23skdu/longbow/internal/store/async_fsync.go:267.16,270.3 2 0
github.com/23skdu/longbow/internal/store/async_fsync.go:270.8,272.3 1 0
github.com/23skdu/longbow/internal/store/batched_wal.go:32.49,37.2 1 1
github.com/23skdu/longbow/internal/store/batched_wal.go:65.75,77.29 2 1
github.com/23skdu/longbow/internal/store/batched_wal.go:77.29,80.3 2 0
github.com/23skdu/longbow/internal/store/batched_wal.go:82.2,82.31 1 1
github.com/23skdu/longbow/internal/store/batched_wal.go:82.31,84.3 1 0
github.com/23skdu/longbow/internal/store/batched_wal.go:85.2,85.10 1 1
github.com/23skdu/longbow/internal/store/batched_wal.go:89.36,95.15 5 1
github.com/23skdu/longbow/internal/store/batched_wal.go:95.15,97.3 1 0
github.com/23skdu/longbow/internal/store/batched_wal.go:100.2,100.55 1 1
github.com/23skdu/longbow/internal/store/batched_wal.go:100.55,102.3 1 0
github.com/23skdu/longbow/internal/store/batched_wal.go:105.2,107.16 3 1
github.com/23skdu/longbow/internal/store/batched_wal.go:107.16,109.3 1 0
github.com/23skdu/longbow/internal/store/batched_wal.go:110.2,114.27 3 1
github.com/23skdu/longbow/internal/store/batched_wal.go:114.27,115.49 1 0
github.com/23skdu/longbow/internal/store/batched_wal.go:115.49,117.4 1 0
github.com/23skdu/longbow/internal/store/batched_wal.go:121.2,123.12 2 1
github.com/23skdu/longbow/internal/store/batched_wal.go:127.70,128.16 1 1
github.com/23skdu/longbow/internal/store/batched_wal.go:128.16,130.3 1 0
github.com/23skdu/longbow/internal/store/batched_wal.go:133.2,133.49 1 1
github.com/23skdu/longbow/internal/store/batched_wal.go:133.49,136.3 2 0
github.com/23skdu/longbow/internal/store/batched_wal.go:139.2,142.26 2 1
github.com/23skdu/longbow/internal/store/batched_wal.go:142.26,144.3 1 0
github.com/23skdu/longbow/internal/store/batched_wal.go:146.2,146.9 1 1
github.com/23skdu/longbow/internal/store/batched_wal.go:147.54,148.13 1 1
github.com/23skdu/longbow/internal/store/batched_wal.go:149.18,151.57 2 0
github.com/23skdu/longbow/internal/store/batched_wal.go:152.10,155.62 2 0
github.com/23skdu/longbow/internal/store/batched_wal.go:160.34,166.6 4 1
github.com/23skdu/longbow/internal/store/batched_wal.go:166.6,167.10 1 1
github.com/23skdu/longbow/internal/store/batched_wal.go:168.29,178.18 8 1
github.com/23skdu/longbow/internal/store/batched_wal.go:178.18,180.5 1 1
github.com/23skdu/longbow/internal/store/batched_wal.go:182.19,183.13 1 1
github.com/23skdu/longbow/internal/store/batched_wal.go:185.19,188.10 2 1
github.com/23skdu/longbow/internal/store/batched_wal.go:194.30,198.23 4 1
github.com/23skdu/longbow/internal/store/batched_wal.go:198.23,201.3 2 1
github.com/23skdu/longbow/internal/store/batched_wal.go:204.2,215.30 7 1
github.com/23skdu/longbow/internal/store/batched_wal.go:215.30,217.17 2 1
github.com/23skdu/longbow/internal/store/batched_wal.go:217.17,224.4 6 0
github.com/23skdu/longbow/internal/store/batched_wal.go:224.9,227.4 2 1
github.com/23skdu/longbow/internal/store/batched_wal.go:229.3,229.25 1 1
github.com/23skdu/longbow/internal/store/batched_wal.go:233.2,233.22 1 1
github.com/23skdu/longbow/internal/store/batched_wal.go:233.22,234.58 1 1
github.com/23skdu/longbow/internal/store/batched_wal.go:234.58,238.4 2 0
github.com/23skdu/longbow/internal/store/batched_wal.go:238.9,243.18 4 1
github.com/23skdu/longbow/internal/store/batched_wal.go:243.18,250.5 6 0
github.com/23skdu/longbow/internal/store/batched_wal.go:250.10,252.5 1 1
github.com/23skdu/longbow/internal/store/batched_wal.go:258.38,260.6 1 1
github.com/23skdu/longbow/internal/store/batched_wal.go:260.6,261.10 1 1
github.com/23skdu/longbow/internal/store/batched_wal.go:262.29,267.17 5 1
github.com/23skdu/longbow/internal/store/batched_wal.go:268.11,271.10 2 1
github.com/23skdu/longbow/internal/store/batched_wal.go:277.70,283.2 5 1
github.com/23skdu/longbow/internal/store/batched_wal.go:287.67,291.22 3 1
github.com/23skdu/longbow/internal/store/batched_wal.go:291.22,293.3 1 0
github.com/23skdu/longbow/internal/store/batched_wal.go:297.2,300.42 4 1
github.com/23skdu/longbow/internal/store/batched_wal.go:300.42,302.3 1 0
github.com/23skdu/longbow/internal/store/batched_wal.go:303.2,303.39 1 1
github.com/23skdu/longbow/internal/store/batched_wal.go:303.39,305.3 1 0
github.com/23skdu/longbow/internal/store/batched_wal.go:306.2,324.54 10 1
github.com/23skdu/longbow/internal/store/batched_wal.go:324.54,326.3 1 0
github.com/23skdu/longbow/internal/store/batched_wal.go:327.2,327.54 1 1
github.com/23skdu/longbow/internal/store/batched_wal.go:327.54,329.3 1 0
github.com/23skdu/longbow/internal/store/batched_wal.go:330.2,330.53 1 1
github.com/23skdu/longbow/internal/store/batched_wal.go:330.53,332.3 1 0
github.com/23skdu/longbow/internal/store/batched_wal.go:335.2,336.24 2 1
github.com/23skdu/longbow/internal/store/batched_wal.go:340.35,344.16 4 1
github.com/23skdu/longbow/internal/store/batched_wal.go:344.16,347.3 2 0
github.com/23skdu/longbow/internal/store/batched_wal.go:348.2,356.27 5 1
github.com/23skdu/longbow/internal/store/batched_wal.go:356.27,358.3 1 0
github.com/23skdu/longbow/internal/store/batched_wal.go:361.2,365.22 5 1
github.com/23skdu/longbow/internal/store/batched_wal.go:365.22,367.42 1 1
github.com/23skdu/longbow/internal/store/batched_wal.go:367.42,369.4 1 0
github.com/23skdu/longbow/internal/store/batched_wal.go:370.3,370.43 1 1
github.com/23skdu/longbow/internal/store/batched_wal.go:370.43,372.4 1 0
github.com/23skdu/longbow/internal/store/batched_wal.go:373.3,373.18 1 1
github.com/23skdu/longbow/internal/store/batched_wal.go:376.2,376.19 1 1
github.com/23skdu/longbow/internal/store/batched_wal.go:380.41,386.2 5 0
github.com/23skdu/longbow/internal/store/batched_wal.go:389.49,391.2 1 0
github.com/23skdu/longbow/internal/store/batched_wal.go:394.59,395.27 1 0
github.com/23skdu/longbow/internal/store/batched_wal.go:395.27,397.3 1 0
github.com/23skdu/longbow/internal/store/batched_wal.go:398.2,399.15 2 0
github.com/23skdu/longbow/internal/store/batched_wal.go:403.47,405.2 1 0
github.com/23skdu/longbow/internal/store/batched_wal.go:408.57,409.32 1 0
github.com/23skdu/longbow/internal/store/batched_wal.go:409.32,411.3 1 0
github.com/23skdu/longbow/internal/store/batched_wal.go:412.2,412.51 1 0
github.com/23skdu/longbow/internal/store/batched_wal.go:412.51,414.3 1 0
github.com/23skdu/longbow/internal/store/batched_wal.go:415.2,416.47 2 0
github.com/23skdu/longbow/internal/store/batched_wal.go:420.39,422.2 1 0
github.com/23skdu/longbow/internal/store/batched_wal.go:425.42,427.2 1 0
github.com/23skdu/longbow/internal/store/dataset.go:39.36,44.2 4 0
github.com/23skdu/longbow/internal/store/dataset.go:47.34,50.20 3 0
github.com/23skdu/longbow/internal/store/dataset.go:50.20,52.3 1 0
github.com/23skdu/longbow/internal/store/dataset.go:53.2,53.10 1 0
github.com/23skdu/longbow/internal/store/dataset.go:56.61,63.2 1 0
github.com/23skdu/longbow/internal/store/dataset.go:65.42,67.2 1 0
github.com/23skdu/longbow/internal/store/dataset.go:69.46,71.2 1 1
github.com/23skdu/longbow/internal/store/dataset.go:79.26,83.2 1 0
github.com/23skdu/longbow/internal/store/dataset.go:85.29,89.2 3 0
github.com/23skdu/longbow/internal/store/dataset.go:91.31,95.2 3 0
github.com/23skdu/longbow/internal/store/dataset.go:97.39,101.2 3 0
github.com/23skdu/longbow/internal/store/dataset.go:104.34,110.2 3 0
github.com/23skdu/longbow/internal/store/dataset.go:113.33,117.2 3 0
github.com/23skdu/longbow/internal/store/do_exchange.go:19.85,32.6 7 1
github.com/23skdu/longbow/internal/store/do_exchange.go:32.6,34.10 1 1
github.com/23skdu/longbow/internal/store/do_exchange.go:35.34,38.33 3 1
github.com/23skdu/longbow/internal/store/do_exchange.go:39.11,39.11 0 1
github.com/23skdu/longbow/internal/store/do_exchange.go:43.3,44.20 2 1
github.com/23skdu/longbow/internal/store/do_exchange.go:44.20,46.9 1 1
github.com/23skdu/longbow/internal/store/do_exchange.go:48.3,48.17 1 1
github.com/23skdu/longbow/internal/store/do_exchange.go:48.17,52.4 3 0
github.com/23skdu/longbow/internal/store/do_exchange.go:54.3,58.35 3 1
github.com/23skdu/longbow/internal/store/do_exchange.go:58.35,60.4 1 1
github.com/23skdu/longbow/internal/store/do_exchange.go:62.3,63.60 2 1
github.com/23skdu/longbow/internal/store/do_exchange.go:63.60,65.4 1 1
github.com/23skdu/longbow/internal/store/do_exchange.go:67.3,73.59 2 1
github.com/23skdu/longbow/internal/store/do_exchange.go:73.59,75.39 2 1
github.com/23skdu/longbow/internal/store/do_exchange.go:75.39,77.57 1 1
github.com/23skdu/longbow/internal/store/do_exchange.go:77.57,79.37 2 1
github.com/23skdu/longbow/internal/store/do_exchange.go:79.37,84.7 1 1
github.com/23skdu/longbow/internal/store/do_exchange.go:85.6,85.25 1 1
github.com/23skdu/longbow/internal/store/do_exchange.go:91.3,95.42 2 1
github.com/23skdu/longbow/internal/store/do_exchange.go:95.42,99.4 3 0
github.com/23skdu/longbow/internal/store/do_exchange.go:100.3,101.43 2 1
github.com/23skdu/longbow/internal/store/do_exchange.go:105.2,113.12 4 1
github.com/23skdu/longbow/internal/store/errors.go:22.38,24.2 1 0
github.com/23skdu/longbow/internal/store/errors.go:32.45,33.19 1 0
github.com/23skdu/longbow/internal/store/errors.go:33.19,35.3 1 0
github.com/23skdu/longbow/internal/store/errors.go:36.2,36.55 1 0
github.com/23skdu/longbow/internal/store/errors.go:45.44,47.2 1 0
github.com/23skdu/longbow/internal/store/errors.go:56.47,59.2 1 0
github.com/23skdu/longbow/internal/store/errors.go:67.47,69.2 1 0
github.com/23skdu/longbow/internal/store/errors.go:77.41,79.2 1 0
github.com/23skdu/longbow/internal/store/errors.go:87.41,89.2 1 0
github.com/23skdu/longbow/internal/store/errors.go:91.41,93.2 1 0
github.com/23skdu/longbow/internal/store/errors.go:101.38,102.20 1 0
github.com/23skdu/longbow/internal/store/errors.go:102.20,104.3 1 0
github.com/23skdu/longbow/internal/store/errors.go:105.2,105.61 1 0
github.com/23skdu/longbow/internal/store/errors.go:108.38,110.2 1 0
github.com/23skdu/longbow/internal/store/errors.go:117.52,119.2 1 0
github.com/23skdu/longbow/internal/store/errors.go:122.59,124.2 1 0
github.com/23skdu/longbow/internal/store/errors.go:127.60,129.2 1 0
github.com/23skdu/longbow/internal/store/errors.go:132.76,134.2 1 0
github.com/23skdu/longbow/internal/store/errors.go:137.64,139.2 1 0
github.com/23skdu/longbow/internal/store/errors.go:142.58,144.2 1 0
github.com/23skdu/longbow/internal/store/errors.go:147.63,149.2 1 0
github.com/23skdu/longbow/internal/store/errors.go:152.60,154.2 1 0
github.com/23skdu/longbow/internal/store/errors.go:162.36,163.16 1 0
github.com/23skdu/longbow/internal/store/errors.go:163.16,165.3 1 0
github.com/23skdu/longbow/internal/store/errors.go:168.2,168.40 1 0
github.com/23skdu/longbow/internal/store/errors.go:168.40,170.3 1 0
github.com/23skdu/longbow/internal/store/errors.go:173.2,184.9 2 0
github.com/23skdu/longbow/internal/store/errors.go:185.36,186.51 1 0
github.com/23skdu/longbow/internal/store/errors.go:188.38,189.58 1 0
github.com/23skdu/longbow/internal/store/errors.go:191.42,192.58 1 0
github.com/23skdu/longbow/internal/store/errors.go:194.39,195.58 1 0
github.com/23skdu/longbow/internal/store/errors.go:197.39,198.60 1 0
github.com/23skdu/longbow/internal/store/errors.go:200.39,201.54 1 0
github.com/23skdu/longbow/internal/store/errors.go:203.39,205.54 1 0
github.com/23skdu/longbow/internal/store/errors.go:207.36,208.51 1 0
github.com/23skdu/longbow/internal/store/errors.go:210.10,212.51 1 0
github.com/23skdu/longbow/internal/store/errors.go:218.40,220.33 2 0
github.com/23skdu/longbow/internal/store/errors.go:220.33,221.72 1 0
github.com/23skdu/longbow/internal/store/errors.go:223.2,223.15 1 0
github.com/23skdu/longbow/internal/store/errors.go:239.35,240.20 1 0
github.com/23skdu/longbow/internal/store/errors.go:240.20,242.3 1 0
github.com/23skdu/longbow/internal/store/errors.go:243.2,243.79 1 0
github.com/23skdu/longbow/internal/store/errors.go:246.35,248.2 1 0
github.com/23skdu/longbow/internal/store/errors.go:251.68,259.2 1 0
github.com/23skdu/longbow/internal/store/errors.go:270.34,271.20 1 0
github.com/23skdu/longbow/internal/store/errors.go:271.20,273.3 1 0
github.com/23skdu/longbow/internal/store/errors.go:274.2,274.74 1 0
github.com/23skdu/longbow/internal/store/errors.go:277.34,279.2 1 0
github.com/23skdu/longbow/internal/store/errors.go:282.60,290.2 1 0
github.com/23skdu/longbow/internal/store/errors.go:301.43,302.21 1 0
github.com/23skdu/longbow/internal/store/errors.go:302.21,304.3 1 0
github.com/23skdu/longbow/internal/store/errors.go:305.2,305.75 1 0
github.com/23skdu/longbow/internal/store/errors.go:308.43,310.2 1 0
github.com/23skdu/longbow/internal/store/errors.go:313.75,321.2 1 0
github.com/23skdu/longbow/internal/store/errors.go:332.38,333.19 1 0
github.com/23skdu/longbow/internal/store/errors.go:333.19,335.3 1 0
github.com/23skdu/longbow/internal/store/errors.go:336.2,336.82 1 0
github.com/23skdu/longbow/internal/store/errors.go:340.68,348.2 1 0
github.com/23skdu/longbow/internal/store/errors.go:358.40,359.20 1 0
github.com/23skdu/longbow/internal/store/errors.go:359.20,361.3 1 0
github.com/23skdu/longbow/internal/store/errors.go:362.2,362.77 1 0
github.com/23skdu/longbow/internal/store/errors.go:365.40,367.2 1 0
github.com/23skdu/longbow/internal/store/errors.go:370.67,377.2 1 0
github.com/23skdu/longbow/internal/store/filter_evaluator.go:23.48,24.26 1 0
github.com/23skdu/longbow/internal/store/filter_evaluator.go:24.26,26.3 1 0
github.com/23skdu/longbow/internal/store/filter_evaluator.go:27.2,28.20 2 0
github.com/23skdu/longbow/internal/store/filter_evaluator.go:29.17,30.20 1 0
github.com/23skdu/longbow/internal/store/filter_evaluator.go:31.19,32.20 1 0
github.com/23skdu/longbow/internal/store/filter_evaluator.go:33.11,34.19 1 0
github.com/23skdu/longbow/internal/store/filter_evaluator.go:35.11,36.19 1 0
github.com/23skdu/longbow/internal/store/filter_evaluator.go:37.12,38.20 1 0
github.com/23skdu/longbow/internal/store/filter_evaluator.go:39.12,40.20 1 0
github.com/23skdu/longbow/internal/store/filter_evaluator.go:42.2,42.14 1 0
github.com/23skdu/longbow/internal/store/filter_evaluator.go:52.50,53.26 1 0
github.com/23skdu/longbow/internal/store/filter_evaluator.go:53.26,55.3 1 0
github.com/23skdu/longbow/internal/store/filter_evaluator.go:56.2,57.20 2 0
github.com/23skdu/longbow/internal/store/filter_evaluator.go:58.17,59.20 1 0
github.com/23skdu/longbow/internal/store/filter_evaluator.go:60.19,61.20 1 0
github.com/23skdu/longbow/internal/store/filter_evaluator.go:62.11,63.19 1 0
github.com/23skdu/longbow/internal/store/filter_evaluator.go:64.11,65.19 1 0
github.com/23skdu/longbow/internal/store/filter_evaluator.go:66.12,67.20 1 0
github.com/23skdu/longbow/internal/store/filter_evaluator.go:68.12,69.20 1 0
github.com/23skdu/longbow/internal/store/filter_evaluator.go:71.2,71.14 1 0
github.com/23skdu/longbow/internal/store/filter_evaluator.go:81.49,82.26 1 0
github.com/23skdu/longbow/internal/store/filter_evaluator.go:82.26,84.3 1 0
github.com/23skdu/longbow/internal/store/filter_evaluator.go:85.2,86.20 2 0
github.com/23skdu/longbow/internal/store/filter_evaluator.go:87.17,88.20 1 0
github.com/23skdu/longbow/internal/store/filter_evaluator.go:89.19,90.20 1 0
github.com/23skdu/longbow/internal/store/filter_evaluator.go:91.11,92.19 1 0
github.com/23skdu/longbow/internal/store/filter_evaluator.go:93.11,94.19 1 0
github.com/23skdu/longbow/internal/store/filter_evaluator.go:95.12,96.20 1 0
github.com/23skdu/longbow/internal/store/filter_evaluator.go:97.12,98.20 1 0
github.com/23skdu/longbow/internal/store/filter_evaluator.go:100.2,100.14 1 0
github.com/23skdu/longbow/internal/store/filter_evaluator.go:109.92,110.23 1 0
github.com/23skdu/longbow/internal/store/filter_evaluator.go:110.23,112.3 1 0
github.com/23skdu/longbow/internal/store/filter_evaluator.go:114.2,117.28 3 0
github.com/23skdu/longbow/internal/store/filter_evaluator.go:117.28,119.24 2 0
github.com/23skdu/longbow/internal/store/filter_evaluator.go:119.24,120.12 1 0
github.com/23skdu/longbow/internal/store/filter_evaluator.go:122.3,125.30 3 0
github.com/23skdu/longbow/internal/store/filter_evaluator.go:126.20,128.18 2 0
github.com/23skdu/longbow/internal/store/filter_evaluator.go:128.18,130.5 1 0
github.com/23skdu/longbow/internal/store/filter_evaluator.go:131.4,135.6 1 0
github.com/23skdu/longbow/internal/store/filter_evaluator.go:136.22,138.18 2 0
github.com/23skdu/longbow/internal/store/filter_evaluator.go:138.18,140.5 1 0
github.com/23skdu/longbow/internal/store/filter_evaluator.go:141.4,145.6 1 0
github.com/23skdu/longbow/internal/store/filter_evaluator.go:146.21,151.6 1 0
github.com/23skdu/longbow/internal/store/filter_evaluator.go:152.11,152.11 0 0
github.com/23skdu/longbow/internal/store/filter_evaluator.go:157.2,157.40 1 0
github.com/23skdu/longbow/internal/store/filter_evaluator.go:161.52,163.34 1 0
github.com/23skdu/longbow/internal/store/filter_evaluator.go:163.34,164.30 1 0
github.com/23skdu/longbow/internal/store/filter_evaluator.go:164.30,166.4 1 0
github.com/23skdu/longbow/internal/store/filter_evaluator.go:168.2,168.13 1 0
github.com/23skdu/longbow/internal/store/filter_evaluator.go:173.64,174.21 1 0
github.com/23skdu/longbow/internal/store/filter_evaluator.go:174.21,176.3 1 0
github.com/23skdu/longbow/internal/store/filter_evaluator.go:178.2,179.33 2 0
github.com/23skdu/longbow/internal/store/filter_evaluator.go:179.33,181.35 2 0
github.com/23skdu/longbow/internal/store/filter_evaluator.go:181.35,182.28 1 0
github.com/23skdu/longbow/internal/store/filter_evaluator.go:182.28,184.10 2 0
github.com/23skdu/longbow/internal/store/filter_evaluator.go:187.3,187.12 1 0
github.com/23skdu/longbow/internal/store/filter_evaluator.go:187.12,189.4 1 0
github.com/23skdu/longbow/internal/store/filter_evaluator.go:191.2,191.17 1 0
github.com/23skdu/longbow/internal/store/hnsw.go:30.63,33.33 3 0
github.com/23skdu/longbow/internal/store/hnsw.go:33.33,35.3 1 0
github.com/23skdu/longbow/internal/store/hnsw.go:36.2,36.30 1 0
github.com/23skdu/longbow/internal/store/hnsw.go:59.43,61.2 1 1
github.com/23skdu/longbow/internal/store/hnsw.go:64.74,78.23 6 1
github.com/23skdu/longbow/internal/store/hnsw.go:78.23,80.3 1 0
github.com/23skdu/longbow/internal/store/hnsw.go:81.2,83.10 2 1
github.com/23skdu/longbow/internal/store/hnsw.go:87.69,99.23 6 0
github.com/23skdu/longbow/internal/store/hnsw.go:99.23,101.3 1 0
github.com/23skdu/longbow/internal/store/hnsw.go:102.2,104.10 2 0
github.com/23skdu/longbow/internal/store/hnsw.go:108.68,109.18 1 1
github.com/23skdu/longbow/internal/store/hnsw.go:110.20,111.29 1 0
github.com/23skdu/longbow/internal/store/hnsw.go:112.24,113.39 1 0
github.com/23skdu/longbow/internal/store/hnsw.go:113.39,115.4 1 0
github.com/23skdu/longbow/internal/store/hnsw.go:116.23,117.32 1 1
github.com/23skdu/longbow/internal/store/hnsw.go:118.10,119.32 1 0
github.com/23skdu/longbow/internal/store/hnsw.go:125.54,129.33 4 0
github.com/23skdu/longbow/internal/store/hnsw.go:129.33,132.3 2 0
github.com/23skdu/longbow/internal/store/hnsw.go:133.2,143.72 7 0
github.com/23skdu/longbow/internal/store/hnsw.go:143.72,145.3 1 0
github.com/23skdu/longbow/internal/store/hnsw.go:146.2,150.46 3 0
github.com/23skdu/longbow/internal/store/hnsw.go:150.46,151.29 1 0
github.com/23skdu/longbow/internal/store/hnsw.go:151.29,153.9 2 0
github.com/23skdu/longbow/internal/store/hnsw.go:157.2,157.19 1 0
github.com/23skdu/longbow/internal/store/hnsw.go:157.19,159.3 1 0
github.com/23skdu/longbow/internal/store/hnsw.go:162.2,163.91 2 0
github.com/23skdu/longbow/internal/store/hnsw.go:163.91,165.3 1 0
github.com/23skdu/longbow/internal/store/hnsw.go:166.2,175.39 7 0
github.com/23skdu/longbow/internal/store/hnsw.go:175.39,177.3 1 0
github.com/23skdu/longbow/internal/store/hnsw.go:180.2,183.12 4 0
github.com/23skdu/longbow/internal/store/hnsw.go:187.34,189.2 1 1
github.com/23skdu/longbow/internal/store/hnsw.go:192.33,194.2 1 1
github.com/23skdu/longbow/internal/store/hnsw.go:197.36,198.33 1 0
github.com/23skdu/longbow/internal/store/hnsw.go:198.34,200.3 0 0
github.com/23skdu/longbow/internal/store/hnsw.go:201.2,201.23 1 0
github.com/23skdu/longbow/internal/store/hnsw.go:205.63,206.30 1 0
github.com/23skdu/longbow/internal/store/hnsw.go:206.30,208.3 1 0
github.com/23skdu/longbow/internal/store/hnsw.go:212.2,217.30 5 0
github.com/23skdu/longbow/internal/store/hnsw.go:217.30,219.3 1 0
github.com/23skdu/longbow/internal/store/hnsw.go:220.2,220.12 1 0
github.com/23skdu/longbow/internal/store/hnsw.go:224.92,225.30 1 0
github.com/23skdu/longbow/internal/store/hnsw.go:225.30,227.3 1 0
github.com/23skdu/longbow/internal/store/hnsw.go:234.2,235.22 2 0
github.com/23skdu/longbow/internal/store/hnsw.go:235.22,237.3 1 0
github.com/23skdu/longbow/internal/store/hnsw.go:241.2,249.22 6 0
github.com/23skdu/longbow/internal/store/hnsw.go:249.22,251.33 2 0
github.com/23skdu/longbow/internal/store/hnsw.go:251.33,253.4 1 0
github.com/23skdu/longbow/internal/store/hnsw.go:254.3,254.29 1 0
github.com/23skdu/longbow/internal/store/hnsw.go:257.2,260.32 3 0
github.com/23skdu/longbow/internal/store/hnsw.go:260.32,261.17 1 0
github.com/23skdu/longbow/internal/store/hnsw.go:261.17,262.9 1 0
github.com/23skdu/longbow/internal/store/hnsw.go:268.3,269.37 2 0
github.com/23skdu/longbow/internal/store/hnsw.go:269.37,271.12 2 0
github.com/23skdu/longbow/internal/store/hnsw.go:273.3,278.73 4 0
github.com/23skdu/longbow/internal/store/hnsw.go:278.73,280.12 2 0
github.com/23skdu/longbow/internal/store/hnsw.go:282.3,285.29 2 0
github.com/23skdu/longbow/internal/store/hnsw.go:285.29,287.39 2 0
github.com/23skdu/longbow/internal/store/hnsw.go:287.39,289.50 2 0
github.com/23skdu/longbow/internal/store/hnsw.go:289.50,291.49 2 0
github.com/23skdu/longbow/internal/store/hnsw.go:291.49,294.75 2 0
github.com/23skdu/longbow/internal/store/hnsw.go:294.75,296.22 2 0
github.com/23skdu/longbow/internal/store/hnsw.go:296.22,298.9 1 0
github.com/23skdu/longbow/internal/store/hnsw.go:307.3,307.23 1 0
github.com/23skdu/longbow/internal/store/hnsw.go:307.23,308.38 1 0
github.com/23skdu/longbow/internal/store/hnsw.go:308.38,310.13 2 0
github.com/23skdu/longbow/internal/store/hnsw.go:355.3,359.49 3 0
github.com/23skdu/longbow/internal/store/hnsw.go:359.49,360.30 1 0
github.com/23skdu/longbow/internal/store/hnsw.go:360.30,362.10 2 0
github.com/23skdu/longbow/internal/store/hnsw.go:366.3,367.20 2 0
github.com/23skdu/longbow/internal/store/hnsw.go:367.20,368.56 1 0
github.com/23skdu/longbow/internal/store/hnsw.go:368.56,369.68 1 0
github.com/23skdu/longbow/internal/store/hnsw.go:369.68,381.45 6 0
github.com/23skdu/longbow/internal/store/hnsw.go:381.45,385.7 3 0
github.com/23skdu/longbow/internal/store/hnsw.go:386.6,386.24 1 0
github.com/23skdu/longbow/internal/store/hnsw.go:390.3,392.15 2 0
github.com/23skdu/longbow/internal/store/hnsw.go:392.15,398.4 2 0
github.com/23skdu/longbow/internal/store/hnsw.go:405.2,405.12 1 0
github.com/23skdu/longbow/internal/store/hnsw.go:412.82,418.33 5 1
github.com/23skdu/longbow/internal/store/hnsw.go:418.33,422.3 3 1
github.com/23skdu/longbow/internal/store/hnsw.go:423.2,430.72 6 1
github.com/23skdu/longbow/internal/store/hnsw.go:430.72,434.3 3 0
github.com/23skdu/longbow/internal/store/hnsw.go:435.2,436.16 2 1
github.com/23skdu/longbow/internal/store/hnsw.go:436.16,440.3 3 0
github.com/23skdu/longbow/internal/store/hnsw.go:442.2,443.46 2 1
github.com/23skdu/longbow/internal/store/hnsw.go:443.46,444.29 1 1
github.com/23skdu/longbow/internal/store/hnsw.go:444.29,446.9 2 1
github.com/23skdu/longbow/internal/store/hnsw.go:450.2,450.19 1 1
github.com/23skdu/longbow/internal/store/hnsw.go:450.19,454.3 3 0
github.com/23skdu/longbow/internal/store/hnsw.go:456.2,457.9 2 1
github.com/23skdu/longbow/internal/store/hnsw.go:457.9,461.3 3 0
github.com/23skdu/longbow/internal/store/hnsw.go:463.2,463.41 1 1
github.com/23skdu/longbow/internal/store/hnsw.go:463.41,467.3 3 0
github.com/23skdu/longbow/internal/store/hnsw.go:468.2,475.39 6 1
github.com/23skdu/longbow/internal/store/hnsw.go:475.39,480.3 4 0
github.com/23skdu/longbow/internal/store/hnsw.go:483.2,486.19 2 1
github.com/23skdu/longbow/internal/store/hnsw.go:486.19,490.3 3 1
github.com/23skdu/longbow/internal/store/hnsw.go:492.2,492.21 1 1
github.com/23skdu/longbow/internal/store/hnsw.go:496.53,506.34 5 1
github.com/23skdu/longbow/internal/store/hnsw.go:506.34,508.3 1 1
github.com/23skdu/longbow/internal/store/hnsw.go:509.2,517.19 5 1
github.com/23skdu/longbow/internal/store/hnsw.go:517.19,519.3 1 0
github.com/23skdu/longbow/internal/store/hnsw.go:520.2,523.23 2 1
github.com/23skdu/longbow/internal/store/hnsw.go:523.23,525.3 1 1
github.com/23skdu/longbow/internal/store/hnsw.go:528.2,538.19 8 1
github.com/23skdu/longbow/internal/store/hnsw.go:538.19,540.3 1 1
github.com/23skdu/longbow/internal/store/hnsw.go:541.2,541.12 1 1
github.com/23skdu/longbow/internal/store/hnsw.go:546.80,547.16 1 0
github.com/23skdu/longbow/internal/store/hnsw.go:547.16,549.3 1 0
github.com/23skdu/longbow/internal/store/hnsw.go:552.2,556.46 3 0
github.com/23skdu/longbow/internal/store/hnsw.go:556.46,557.29 1 0
github.com/23skdu/longbow/internal/store/hnsw.go:557.29,558.30 1 0
github.com/23skdu/longbow/internal/store/hnsw.go:558.30,560.10 2 0
github.com/23skdu/longbow/internal/store/hnsw.go:565.2,565.19 1 0
github.com/23skdu/longbow/internal/store/hnsw.go:565.19,567.3 1 0
github.com/23skdu/longbow/internal/store/hnsw.go:569.2,570.91 2 0
github.com/23skdu/longbow/internal/store/hnsw.go:570.91,572.3 1 0
github.com/23skdu/longbow/internal/store/hnsw.go:574.2,582.39 7 0
github.com/23skdu/longbow/internal/store/hnsw.go:582.39,584.3 1 0
github.com/23skdu/longbow/internal/store/hnsw.go:586.2,593.34 5 0
github.com/23skdu/longbow/internal/store/hnsw.go:593.34,595.3 1 0
github.com/23skdu/longbow/internal/store/hnsw.go:596.2,602.23 4 0
github.com/23skdu/longbow/internal/store/hnsw.go:602.23,604.3 1 0
github.com/23skdu/longbow/internal/store/hnsw.go:607.2,617.19 8 0
github.com/23skdu/longbow/internal/store/hnsw.go:617.19,619.3 1 0
github.com/23skdu/longbow/internal/store/hnsw.go:621.2,621.12 1 0
github.com/23skdu/longbow/internal/store/hnsw.go:625.63,627.2 1 0
github.com/23skdu/longbow/internal/store/hnsw.go:630.84,632.2 1 0
github.com/23skdu/longbow/internal/store/hnsw.go:635.34,637.2 1 0
github.com/23skdu/longbow/internal/store/hnsw.go:643.66,644.33 1 1
github.com/23skdu/longbow/internal/store/hnsw.go:644.33,646.3 1 0
github.com/23skdu/longbow/internal/store/hnsw.go:647.2,652.72 4 1
github.com/23skdu/longbow/internal/store/hnsw.go:652.72,654.3 1 0
github.com/23skdu/longbow/internal/store/hnsw.go:655.2,658.46 3 1
github.com/23skdu/longbow/internal/store/hnsw.go:658.46,659.29 1 1
github.com/23skdu/longbow/internal/store/hnsw.go:659.29,660.31 1 1
github.com/23skdu/longbow/internal/store/hnsw.go:660.31,663.5 1 0
github.com/23skdu/longbow/internal/store/hnsw.go:664.4,665.9 2 1
github.com/23skdu/longbow/internal/store/hnsw.go:668.2,668.19 1 1
github.com/23skdu/longbow/internal/store/hnsw.go:668.19,670.3 1 0
github.com/23skdu/longbow/internal/store/hnsw.go:672.2,673.91 2 1
github.com/23skdu/longbow/internal/store/hnsw.go:673.91,675.3 1 0
github.com/23skdu/longbow/internal/store/hnsw.go:677.2,686.39 7 1
github.com/23skdu/longbow/internal/store/hnsw.go:686.39,688.3 1 0
github.com/23skdu/longbow/internal/store/hnsw.go:691.2,691.44 1 1
github.com/23skdu/longbow/internal/store/hnsw.go:707.79,708.25 1 0
github.com/23skdu/longbow/internal/store/hnsw.go:708.25,710.3 1 0
github.com/23skdu/longbow/internal/store/hnsw.go:713.2,713.17 1 0
github.com/23skdu/longbow/internal/store/hnsw.go:713.17,715.3 1 0
github.com/23skdu/longbow/internal/store/hnsw.go:716.2,716.30 1 0
github.com/23skdu/longbow/internal/store/hnsw.go:716.30,718.3 1 0
github.com/23skdu/longbow/internal/store/hnsw.go:721.2,733.31 10 0
github.com/23skdu/longbow/internal/store/hnsw.go:733.31,736.27 3 0
github.com/23skdu/longbow/internal/store/hnsw.go:736.27,738.4 1 0
github.com/23skdu/longbow/internal/store/hnsw.go:739.3,739.30 1 0
github.com/23skdu/longbow/internal/store/hnsw.go:739.30,740.9 1 0
github.com/23skdu/longbow/internal/store/hnsw.go:743.3,744.42 2 0
github.com/23skdu/longbow/internal/store/hnsw.go:744.42,746.33 2 0
github.com/23skdu/longbow/internal/store/hnsw.go:746.33,750.5 3 0
github.com/23skdu/longbow/internal/store/hnsw.go:753.2,756.47 2 0
github.com/23skdu/longbow/internal/store/hnsw.go:756.47,757.24 1 0
github.com/23skdu/longbow/internal/store/hnsw.go:757.24,759.4 1 0
github.com/23skdu/longbow/internal/store/hnsw.go:764.2,764.29 1 0
github.com/23skdu/longbow/internal/store/hnsw.go:764.29,765.20 1 0
github.com/23skdu/longbow/internal/store/hnsw.go:765.20,766.12 1 0
github.com/23skdu/longbow/internal/store/hnsw.go:768.3,772.16 5 0
github.com/23skdu/longbow/internal/store/hnsw.go:775.2,775.12 1 0
github.com/23skdu/longbow/internal/store/hnsw.go:779.31,785.2 5 1
github.com/23skdu/longbow/internal/store/hnsw.go:787.63,788.30 1 1
github.com/23skdu/longbow/internal/store/hnsw.go:788.30,790.3 1 1
github.com/23skdu/longbow/internal/store/hnsw.go:792.2,792.12 1 1
github.com/23skdu/longbow/internal/store/hnsw.go:792.12,794.3 1 0
github.com/23skdu/longbow/internal/store/hnsw.go:799.2,800.34 2 1
github.com/23skdu/longbow/internal/store/hnsw.go:800.34,802.3 1 1
github.com/23skdu/longbow/internal/store/hnsw.go:803.2,811.30 6 1
github.com/23skdu/longbow/internal/store/hnsw.go:811.30,813.3 1 1
github.com/23skdu/longbow/internal/store/hnsw.go:814.2,814.12 1 1
github.com/23skdu/longbow/internal/store/hnsw.go:819.52,821.2 1 0
github.com/23skdu/longbow/internal/store/hnsw.go:824.38,827.2 2 0
github.com/23skdu/longbow/internal/store/hnsw.go:830.35,833.2 1 0
github.com/23skdu/longbow/internal/store/hnsw.go:836.40,839.2 2 0
github.com/23skdu/longbow/internal/store/hnsw.go:845.92,846.30 1 0
github.com/23skdu/longbow/internal/store/hnsw.go:846.30,848.3 1 0
github.com/23skdu/longbow/internal/store/hnsw.go:850.2,850.31 1 0
github.com/23skdu/longbow/internal/store/hnsw.go:850.31,852.3 1 0
github.com/23skdu/longbow/internal/store/hnsw.go:855.2,859.25 4 0
github.com/23skdu/longbow/internal/store/hnsw.go:859.25,861.3 1 0
github.com/23skdu/longbow/internal/store/hnsw.go:864.2,865.18 2 0
github.com/23skdu/longbow/internal/store/hnsw.go:865.18,867.3 1 0
github.com/23skdu/longbow/internal/store/hnsw.go:870.2,870.16 1 0
github.com/23skdu/longbow/internal/store/hnsw.go:870.16,872.3 1 0
github.com/23skdu/longbow/internal/store/hnsw.go:875.2,875.30 1 0
github.com/23skdu/longbow/internal/store/hnsw.go:875.30,877.3 1 0
github.com/23skdu/longbow/internal/store/hnsw.go:879.2,879.12 1 0
github.com/23skdu/longbow/internal/store/hnsw.go:887.69,888.30 1 0
github.com/23skdu/longbow/internal/store/hnsw.go:888.30,890.3 1 0
github.com/23skdu/longbow/internal/store/hnsw.go:892.2,892.12 1 0
github.com/23skdu/longbow/internal/store/hnsw.go:892.12,894.3 1 0
github.com/23skdu/longbow/internal/store/hnsw.go:897.2,898.34 2 0
github.com/23skdu/longbow/internal/store/hnsw.go:898.34,900.3 1 0
github.com/23skdu/longbow/internal/store/hnsw.go:902.2,909.25 5 0
github.com/23skdu/longbow/internal/store/hnsw.go:909.25,911.3 1 0
github.com/23skdu/longbow/internal/store/hnsw.go:914.2,915.30 2 0
github.com/23skdu/longbow/internal/store/hnsw.go:915.30,917.3 1 0
github.com/23skdu/longbow/internal/store/hnsw.go:918.2,918.12 1 0
github.com/23skdu/longbow/internal/store/hnsw.go:922.43,924.2 1 0
github.com/23skdu/longbow/internal/store/hnsw_autoshard.go:20.53,28.2 1 0
github.com/23skdu/longbow/internal/store/hnsw_autoshard.go:31.74,35.41 3 0
github.com/23skdu/longbow/internal/store/hnsw_autoshard.go:35.41,37.3 1 0
github.com/23skdu/longbow/internal/store/hnsw_autoshard.go:39.2,40.9 2 0
github.com/23skdu/longbow/internal/store/hnsw_autoshard.go:40.9,42.3 1 0
github.com/23skdu/longbow/internal/store/hnsw_autoshard.go:44.2,45.16 2 0
github.com/23skdu/longbow/internal/store/hnsw_autoshard.go:45.16,47.3 1 0
github.com/23skdu/longbow/internal/store/hnsw_autoshard.go:49.2,50.12 2 0
github.com/23skdu/longbow/internal/store/hnsw_autoshard.go:54.63,56.16 1 0
github.com/23skdu/longbow/internal/store/hnsw_autoshard.go:56.16,58.3 1 0
github.com/23skdu/longbow/internal/store/hnsw_autoshard.go:59.2,59.35 1 0
github.com/23skdu/longbow/internal/store/hnsw_autoshard.go:63.90,64.21 1 0
github.com/23skdu/longbow/internal/store/hnsw_autoshard.go:64.21,66.3 1 0
github.com/23skdu/longbow/internal/store/hnsw_autoshard.go:68.2,78.18 5 0
github.com/23skdu/longbow/internal/store/hnsw_autoshard.go:78.18,80.3 1 0
github.com/23skdu/longbow/internal/store/hnsw_autoshard.go:83.2,83.31 1 0
github.com/23skdu/longbow/internal/store/hnsw_autoshard.go:83.31,86.17 3 0
github.com/23skdu/longbow/internal/store/hnsw_autoshard.go:86.17,87.12 1 0
github.com/23skdu/longbow/internal/store/hnsw_autoshard.go:89.3,90.76 2 0
github.com/23skdu/longbow/internal/store/hnsw_autoshard.go:90.76,93.74 1 0
github.com/23skdu/longbow/internal/store/hnsw_autoshard.go:93.74,95.5 1 0
github.com/23skdu/longbow/internal/store/hnsw_autoshard.go:99.2,100.21 2 0
github.com/23skdu/longbow/internal/store/hybrid_search.go:32.40,37.2 1 0
github.com/23skdu/longbow/internal/store/hybrid_search.go:40.37,43.55 2 0
github.com/23skdu/longbow/internal/store/hybrid_search.go:43.55,45.3 1 0
github.com/23skdu/longbow/internal/store/hybrid_search.go:46.2,46.15 1 0
github.com/23skdu/longbow/internal/store/hybrid_search.go:50.57,52.22 2 0
github.com/23skdu/longbow/internal/store/hybrid_search.go:52.22,54.3 1 0
github.com/23skdu/longbow/internal/store/hybrid_search.go:57.2,58.31 2 0
github.com/23skdu/longbow/internal/store/hybrid_search.go:58.31,60.3 1 0
github.com/23skdu/longbow/internal/store/hybrid_search.go:62.2,69.30 4 0
github.com/23skdu/longbow/internal/store/hybrid_search.go:69.30,70.29 1 0
github.com/23skdu/longbow/internal/store/hybrid_search.go:70.29,72.4 1 0
github.com/23skdu/longbow/internal/store/hybrid_search.go:74.3,75.52 2 0
github.com/23skdu/longbow/internal/store/hybrid_search.go:80.47,85.13 4 0
github.com/23skdu/longbow/internal/store/hybrid_search.go:85.13,87.3 1 0
github.com/23skdu/longbow/internal/store/hybrid_search.go:89.2,89.29 1 0
github.com/23skdu/longbow/internal/store/hybrid_search.go:89.29,90.42 1 0
github.com/23skdu/longbow/internal/store/hybrid_search.go:90.42,92.26 2 0
github.com/23skdu/longbow/internal/store/hybrid_search.go:92.26,94.5 1 0
github.com/23skdu/longbow/internal/store/hybrid_search.go:97.2,97.26 1 0
github.com/23skdu/longbow/internal/store/hybrid_search.go:101.74,103.22 2 0
github.com/23skdu/longbow/internal/store/hybrid_search.go:103.22,105.3 1 0
github.com/23skdu/longbow/internal/store/hybrid_search.go:107.2,112.31 4 0
github.com/23skdu/longbow/internal/store/hybrid_search.go:112.31,113.43 1 0
github.com/23skdu/longbow/internal/store/hybrid_search.go:113.43,114.36 1 0
github.com/23skdu/longbow/internal/store/hybrid_search.go:114.36,118.5 2 0
github.com/23skdu/longbow/internal/store/hybrid_search.go:123.2,124.32 2 0
github.com/23skdu/longbow/internal/store/hybrid_search.go:124.32,126.3 1 0
github.com/23skdu/longbow/internal/store/hybrid_search.go:129.2,129.42 1 0
github.com/23skdu/longbow/internal/store/hybrid_search.go:129.42,131.3 1 0
github.com/23skdu/longbow/internal/store/hybrid_search.go:133.2,133.39 1 0
github.com/23skdu/longbow/internal/store/hybrid_search.go:133.39,135.3 1 0
github.com/23skdu/longbow/internal/store/hybrid_search.go:137.2,137.16 1 0
github.com/23skdu/longbow/internal/store/hybrid_search.go:147.86,148.12 1 0
github.com/23skdu/longbow/internal/store/hybrid_search.go:148.12,150.3 1 0
github.com/23skdu/longbow/internal/store/hybrid_search.go:152.2,152.26 1 0
github.com/23skdu/longbow/internal/store/hybrid_search.go:152.26,154.3 1 0
github.com/23skdu/longbow/internal/store/hybrid_search.go:158.2,162.39 4 0
github.com/23skdu/longbow/internal/store/hybrid_search.go:162.39,163.26 1 0
github.com/23skdu/longbow/internal/store/hybrid_search.go:163.26,164.12 1 0
github.com/23skdu/longbow/internal/store/hybrid_search.go:166.3,167.35 2 0
github.com/23skdu/longbow/internal/store/hybrid_search.go:167.35,170.38 3 0
github.com/23skdu/longbow/internal/store/hybrid_search.go:170.38,172.5 1 0
github.com/23skdu/longbow/internal/store/hybrid_search.go:174.4,175.39 2 0
github.com/23skdu/longbow/internal/store/hybrid_search.go:175.39,177.5 1 0
github.com/23skdu/longbow/internal/store/hybrid_search.go:178.4,178.15 1 0
github.com/23skdu/longbow/internal/store/hybrid_search.go:181.2,185.32 3 0
github.com/23skdu/longbow/internal/store/hybrid_search.go:185.32,187.3 1 0
github.com/23skdu/longbow/internal/store/hybrid_search.go:189.2,189.42 1 0
github.com/23skdu/longbow/internal/store/hybrid_search.go:189.42,191.3 1 0
github.com/23skdu/longbow/internal/store/hybrid_search.go:193.2,193.39 1 0
github.com/23skdu/longbow/internal/store/hybrid_search.go:193.39,195.3 1 0
github.com/23skdu/longbow/internal/store/hybrid_search.go:197.2,197.16 1 0
github.com/23skdu/longbow/internal/store/hybrid_search.go:213.42,220.2 2 0
github.com/23skdu/longbow/internal/store/hybrid_search.go:223.75,236.2 7 0
github.com/23skdu/longbow/internal/store/hybrid_search.go:239.47,248.2 4 0
github.com/23skdu/longbow/internal/store/hybrid_search.go:251.78,256.30 4 0
github.com/23skdu/longbow/internal/store/hybrid_search.go:256.30,257.39 1 0
github.com/23skdu/longbow/internal/store/hybrid_search.go:257.39,263.4 2 0
github.com/23skdu/longbow/internal/store/hybrid_search.go:265.2,266.16 2 0
github.com/23skdu/longbow/internal/store/hybrid_search.go:270.76,272.2 1 0
github.com/23skdu/longbow/internal/store/hybrid_search.go:276.128,279.21 2 0
github.com/23skdu/longbow/internal/store/hybrid_search.go:279.21,281.3 1 0
github.com/23skdu/longbow/internal/store/hybrid_search.go:283.2,286.67 3 0
github.com/23skdu/longbow/internal/store/hybrid_search.go:291.136,292.18 1 0
github.com/23skdu/longbow/internal/store/hybrid_search.go:292.18,294.3 1 0
github.com/23skdu/longbow/internal/store/hybrid_search.go:295.2,295.18 1 0
github.com/23skdu/longbow/internal/store/hybrid_search.go:295.18,297.3 1 0
github.com/23skdu/longbow/internal/store/hybrid_search.go:300.2,301.21 2 0
github.com/23skdu/longbow/internal/store/hybrid_search.go:301.21,303.3 1 0
github.com/23skdu/longbow/internal/store/hybrid_search.go:305.2,312.27 4 0
github.com/23skdu/longbow/internal/store/hybrid_search.go:312.27,314.34 2 0
github.com/23skdu/longbow/internal/store/hybrid_search.go:314.34,317.4 2 0
github.com/23skdu/longbow/internal/store/hybrid_search.go:321.2,321.28 1 0
github.com/23skdu/longbow/internal/store/hybrid_search.go:321.28,323.35 2 0
github.com/23skdu/longbow/internal/store/hybrid_search.go:323.35,326.4 2 0
github.com/23skdu/longbow/internal/store/hybrid_search.go:330.2,331.32 2 0
github.com/23skdu/longbow/internal/store/hybrid_search.go:331.32,333.3 1 0
github.com/23skdu/longbow/internal/store/hybrid_search.go:335.2,335.42 1 0
github.com/23skdu/longbow/internal/store/hybrid_search.go:335.42,337.3 1 0
github.com/23skdu/longbow/internal/store/hybrid_search.go:339.2,339.31 1 0
github.com/23skdu/longbow/internal/store/hybrid_search.go:339.31,341.3 1 0
github.com/23skdu/longbow/internal/store/hybrid_search.go:343.2,343.16 1 0
github.com/23skdu/longbow/internal/store/index_queue.go:22.55,29.2 1 1
github.com/23skdu/longbow/internal/store/index_queue.go:66.63,79.2 4 1
github.com/23skdu/longbow/internal/store/index_queue.go:82.49,84.39 1 0
github.com/23skdu/longbow/internal/store/index_queue.go:84.39,86.3 1 0
github.com/23skdu/longbow/internal/store/index_queue.go:88.2,91.9 2 0
github.com/23skdu/longbow/internal/store/index_queue.go:92.25,94.14 2 0
github.com/23skdu/longbow/internal/store/index_queue.go:95.10,97.31 1 0
github.com/23skdu/longbow/internal/store/index_queue.go:102.56,104.22 2 0
github.com/23skdu/longbow/internal/store/index_queue.go:104.22,105.22 1 0
github.com/23skdu/longbow/internal/store/index_queue.go:105.22,107.4 1 0
github.com/23skdu/longbow/internal/store/index_queue.go:109.2,109.17 1 0
github.com/23skdu/longbow/internal/store/index_queue.go:113.59,118.49 3 0
github.com/23skdu/longbow/internal/store/index_queue.go:118.49,119.27 1 0
github.com/23skdu/longbow/internal/store/index_queue.go:119.27,123.4 2 0
github.com/23skdu/longbow/internal/store/index_queue.go:127.2,129.13 3 0
github.com/23skdu/longbow/internal/store/index_queue.go:133.37,139.6 4 1
github.com/23skdu/longbow/internal/store/index_queue.go:139.6,140.10 1 1
github.com/23skdu/longbow/internal/store/index_queue.go:141.21,144.10 2 0
github.com/23skdu/longbow/internal/store/index_queue.go:145.19,146.18 1 1
github.com/23skdu/longbow/internal/store/index_queue.go:152.38,154.26 2 1
github.com/23skdu/longbow/internal/store/index_queue.go:154.26,157.3 2 1
github.com/23skdu/longbow/internal/store/index_queue.go:160.2,167.28 6 0
github.com/23skdu/longbow/internal/store/index_queue.go:167.28,168.10 1 0
github.com/23skdu/longbow/internal/store/index_queue.go:169.26,170.40 1 0
github.com/23skdu/longbow/internal/store/index_queue.go:171.11,173.38 1 0
github.com/23skdu/longbow/internal/store/index_queue.go:178.2,178.24 1 0
github.com/23skdu/longbow/internal/store/index_queue.go:178.24,182.3 3 0
github.com/23skdu/longbow/internal/store/index_queue.go:186.42,194.28 6 0
github.com/23skdu/longbow/internal/store/index_queue.go:194.28,195.10 1 0
github.com/23skdu/longbow/internal/store/index_queue.go:196.26,197.40 1 0
github.com/23skdu/longbow/internal/store/index_queue.go:198.11,198.11 0 0
github.com/23skdu/longbow/internal/store/index_queue.go:206.48,208.2 1 1
github.com/23skdu/longbow/internal/store/index_queue.go:211.52,219.2 1 0
github.com/23skdu/longbow/internal/store/index_queue.go:222.32,223.23 1 0
github.com/23skdu/longbow/internal/store/index_queue.go:223.23,228.3 4 0
github.com/23skdu/longbow/internal/store/index_queue.go:232.35,237.2 4 0
github.com/23skdu/longbow/internal/store/memory.go:25.80,26.31 1 0
github.com/23skdu/longbow/internal/store/memory.go:26.31,28.3 1 0
github.com/23skdu/longbow/internal/store/memory.go:30.2,31.16 2 0
github.com/23skdu/longbow/internal/store/memory.go:32.20,33.32 1 0
github.com/23skdu/longbow/internal/store/memory.go:34.20,35.32 1 0
github.com/23skdu/longbow/internal/store/memory.go:36.24,37.36 1 0
github.com/23skdu/longbow/internal/store/memory.go:38.22,39.34 1 0
github.com/23skdu/longbow/internal/store/memory.go:40.22,41.34 1 0
github.com/23skdu/longbow/internal/store/memory.go:42.22,44.30 1 0
github.com/23skdu/longbow/internal/store/memory.go:44.30,46.4 1 0
github.com/23skdu/longbow/internal/store/memory.go:46.9,48.4 1 0
github.com/23skdu/longbow/internal/store/memory.go:49.10,50.13 1 0
github.com/23skdu/longbow/internal/store/memory.go:55.2,56.36 2 0
github.com/23skdu/longbow/internal/store/memory.go:60.57,61.31 1 0
github.com/23skdu/longbow/internal/store/memory.go:61.31,63.3 1 0
github.com/23skdu/longbow/internal/store/memory.go:64.2,65.22 2 0
github.com/23skdu/longbow/internal/store/memory.go:69.59,70.31 1 0
github.com/23skdu/longbow/internal/store/memory.go:70.31,72.3 1 0
github.com/23skdu/longbow/internal/store/memory.go:73.2,74.24 2 0
github.com/23skdu/longbow/internal/store/memory.go:80.38,81.29 1 0
github.com/23skdu/longbow/internal/store/memory.go:81.29,83.3 1 0
github.com/23skdu/longbow/internal/store/memory.go:88.2,88.12 1 0
github.com/23skdu/longbow/internal/store/memory.go:92.63,93.42 1 0
github.com/23skdu/longbow/internal/store/memory.go:93.42,96.3 2 0
github.com/23skdu/longbow/internal/store/memory.go:99.60,100.17 1 0
github.com/23skdu/longbow/internal/store/memory.go:100.17,102.3 1 0
github.com/23skdu/longbow/internal/store/memory.go:103.2,103.37 1 0
github.com/23skdu/longbow/internal/store/memory.go:103.37,104.17 1 0
github.com/23skdu/longbow/internal/store/memory.go:104.17,105.12 1 0
github.com/23skdu/longbow/internal/store/memory.go:107.3,109.15 3 0
github.com/23skdu/longbow/internal/store/memory.go:109.15,112.4 2 0
github.com/23skdu/longbow/internal/store/memory.go:114.2,114.40 1 0
github.com/23skdu/longbow/internal/store/memory.go:114.40,116.3 1 0
github.com/23skdu/longbow/internal/store/parquet_adapter.go:20.61,37.35 9 0
github.com/23skdu/longbow/internal/store/parquet_adapter.go:37.35,44.3 3 0
github.com/23skdu/longbow/internal/store/parquet_adapter.go:46.2,47.16 2 0
github.com/23skdu/longbow/internal/store/parquet_adapter.go:47.16,49.3 1 0
github.com/23skdu/longbow/internal/store/parquet_adapter.go:50.2,50.19 1 0
github.com/23skdu/longbow/internal/store/parquet_adapter.go:55.91,58.16 2 0
github.com/23skdu/longbow/internal/store/parquet_adapter.go:58.16,60.3 1 0
github.com/23skdu/longbow/internal/store/parquet_adapter.go:62.2,65.33 4 0
github.com/23skdu/longbow/internal/store/parquet_adapter.go:65.33,67.3 1 0
github.com/23skdu/longbow/internal/store/parquet_adapter.go:69.2,69.20 1 0
github.com/23skdu/longbow/internal/store/parquet_adapter.go:69.20,71.3 1 0
github.com/23skdu/longbow/internal/store/parquet_adapter.go:75.2,88.27 6 0
github.com/23skdu/longbow/internal/store/parquet_adapter.go:88.27,92.3 3 0
github.com/23skdu/longbow/internal/store/parquet_adapter.go:94.2,94.32 1 0
github.com/23skdu/longbow/internal/store/persistence.go:25.94,27.55 2 1
github.com/23skdu/longbow/internal/store/persistence.go:27.55,29.3 1 0
github.com/23skdu/longbow/internal/store/persistence.go:32.2,32.42 1 1
github.com/23skdu/longbow/internal/store/persistence.go:32.42,35.3 1 0
github.com/23skdu/longbow/internal/store/persistence.go:38.2,38.38 1 1
github.com/23skdu/longbow/internal/store/persistence.go:38.38,41.3 2 0
github.com/23skdu/longbow/internal/store/persistence.go:44.2,49.45 4 1
github.com/23skdu/longbow/internal/store/persistence.go:49.45,51.3 1 0
github.com/23skdu/longbow/internal/store/persistence.go:54.2,56.12 2 1
github.com/23skdu/longbow/internal/store/persistence.go:59.76,63.16 3 1
github.com/23skdu/longbow/internal/store/persistence.go:63.16,65.3 1 1
github.com/23skdu/longbow/internal/store/persistence.go:66.2,66.18 1 1
github.com/23skdu/longbow/internal/store/persistence.go:66.18,68.3 1 1
github.com/23skdu/longbow/internal/store/persistence.go:70.2,70.31 1 0
github.com/23skdu/longbow/internal/store/persistence.go:73.41,75.15 2 1
github.com/23skdu/longbow/internal/store/persistence.go:75.15,77.3 1 1
github.com/23skdu/longbow/internal/store/persistence.go:79.2,81.24 3 1
github.com/23skdu/longbow/internal/store/persistence.go:81.24,83.3 1 1
github.com/23skdu/longbow/internal/store/persistence.go:84.2,84.16 1 1
github.com/23skdu/longbow/internal/store/persistence.go:84.16,86.3 1 0
github.com/23skdu/longbow/internal/store/persistence.go:87.2,87.15 1 1
github.com/23skdu/longbow/internal/store/persistence.go:87.15,87.32 1 1
github.com/23skdu/longbow/internal/store/persistence.go:89.2,92.6 3 1
github.com/23skdu/longbow/internal/store/persistence.go:92.6,94.51 2 1
github.com/23skdu/longbow/internal/store/persistence.go:94.51,95.21 1 1
github.com/23skdu/longbow/internal/store/persistence.go:95.21,96.10 1 1
github.com/23skdu/longbow/internal/store/persistence.go:98.4,98.73 1 0
github.com/23skdu/longbow/internal/store/persistence.go:101.3,106.54 5 1
github.com/23skdu/longbow/internal/store/persistence.go:106.54,108.4 1 0
github.com/23skdu/longbow/internal/store/persistence.go:109.3,112.53 3 1
github.com/23skdu/longbow/internal/store/persistence.go:112.53,114.4 1 0
github.com/23skdu/longbow/internal/store/persistence.go:117.3,120.36 4 1
github.com/23skdu/longbow/internal/store/persistence.go:120.36,123.4 2 0
github.com/23skdu/longbow/internal/store/persistence.go:126.3,127.17 2 1
github.com/23skdu/longbow/internal/store/persistence.go:127.17,130.4 2 0
github.com/23skdu/longbow/internal/store/persistence.go:131.3,131.15 1 1
github.com/23skdu/longbow/internal/store/persistence.go:131.15,136.51 3 1
github.com/23skdu/longbow/internal/store/persistence.go:136.51,144.13 4 0
github.com/23skdu/longbow/internal/store/persistence.go:148.4,150.11 3 1
github.com/23skdu/longbow/internal/store/persistence.go:150.11,153.5 2 1
github.com/23skdu/longbow/internal/store/persistence.go:154.4,160.11 6 1
github.com/23skdu/longbow/internal/store/persistence.go:162.3,162.14 1 1
github.com/23skdu/longbow/internal/store/persistence.go:165.2,166.12 2 1
github.com/23skdu/longbow/internal/store/persistence.go:169.40,177.46 5 0
github.com/23skdu/longbow/internal/store/persistence.go:177.46,179.3 1 0
github.com/23skdu/longbow/internal/store/persistence.go:180.2,180.52 1 0
github.com/23skdu/longbow/internal/store/persistence.go:180.52,183.3 2 0
github.com/23skdu/longbow/internal/store/persistence.go:186.2,193.35 4 0
github.com/23skdu/longbow/internal/store/persistence.go:193.35,195.26 2 0
github.com/23skdu/longbow/internal/store/persistence.go:195.26,201.27 3 0
github.com/23skdu/longbow/internal/store/persistence.go:201.27,203.5 1 0
github.com/23skdu/longbow/internal/store/persistence.go:204.4,204.59 1 0
github.com/23skdu/longbow/internal/store/persistence.go:206.3,206.22 1 0
github.com/23skdu/longbow/internal/store/persistence.go:208.2,210.29 2 0
github.com/23skdu/longbow/internal/store/persistence.go:210.29,211.40 1 0
github.com/23skdu/longbow/internal/store/persistence.go:211.40,212.27 1 0
github.com/23skdu/longbow/internal/store/persistence.go:212.27,214.5 1 0
github.com/23skdu/longbow/internal/store/persistence.go:217.3,219.17 3 0
github.com/23skdu/longbow/internal/store/persistence.go:219.17,223.12 2 0
github.com/23skdu/longbow/internal/store/persistence.go:227.3,227.33 1 0
github.com/23skdu/longbow/internal/store/persistence.go:227.33,228.47 1 0
github.com/23skdu/longbow/internal/store/persistence.go:228.47,232.10 2 0
github.com/23skdu/longbow/internal/store/persistence.go:235.3,235.16 1 0
github.com/23skdu/longbow/internal/store/persistence.go:239.2,239.50 1 0
github.com/23skdu/longbow/internal/store/persistence.go:239.50,241.3 1 0
github.com/23skdu/longbow/internal/store/persistence.go:242.2,242.56 1 0
github.com/23skdu/longbow/internal/store/persistence.go:242.56,245.3 2 0
github.com/23skdu/longbow/internal/store/persistence.go:248.2,249.18 2 0
github.com/23skdu/longbow/internal/store/persistence.go:249.18,252.49 3 0
github.com/23skdu/longbow/internal/store/persistence.go:252.49,254.4 1 0
github.com/23skdu/longbow/internal/store/persistence.go:256.3,256.35 1 0
github.com/23skdu/longbow/internal/store/persistence.go:258.2,265.57 6 0
github.com/23skdu/longbow/internal/store/persistence.go:265.57,266.33 1 0
github.com/23skdu/longbow/internal/store/persistence.go:266.33,267.45 1 0
github.com/23skdu/longbow/internal/store/persistence.go:267.45,269.5 1 0
github.com/23skdu/longbow/internal/store/persistence.go:272.2,274.12 3 0
github.com/23skdu/longbow/internal/store/persistence.go:277.45,280.24 3 1
github.com/23skdu/longbow/internal/store/persistence.go:280.24,282.3 1 1
github.com/23skdu/longbow/internal/store/persistence.go:283.2,283.16 1 0
github.com/23skdu/longbow/internal/store/persistence.go:283.16,285.3 1 0
github.com/23skdu/longbow/internal/store/persistence.go:287.2,287.32 1 0
github.com/23skdu/longbow/internal/store/persistence.go:287.32,288.64 1 0
github.com/23skdu/longbow/internal/store/persistence.go:288.64,289.12 1 0
github.com/23skdu/longbow/internal/store/persistence.go:291.3,295.17 4 0
github.com/23skdu/longbow/internal/store/persistence.go:295.17,299.12 2 0
github.com/23skdu/longbow/internal/store/persistence.go:301.3,306.17 4 0
github.com/23skdu/longbow/internal/store/persistence.go:306.17,310.12 2 0
github.com/23skdu/longbow/internal/store/persistence.go:314.3,314.50 1 0
github.com/23skdu/longbow/internal/store/persistence.go:314.50,322.12 4 0
github.com/23skdu/longbow/internal/store/persistence.go:325.3,328.10 4 0
github.com/23skdu/longbow/internal/store/persistence.go:328.10,331.4 2 0
github.com/23skdu/longbow/internal/store/persistence.go:332.3,337.45 5 0
github.com/23skdu/longbow/internal/store/persistence.go:339.2,339.12 1 0
github.com/23skdu/longbow/internal/store/persistence.go:342.72,344.25 2 1
github.com/23skdu/longbow/internal/store/persistence.go:344.25,346.3 1 1
github.com/23skdu/longbow/internal/store/persistence.go:349.2,349.41 1 1
github.com/23skdu/longbow/internal/store/persistence.go:349.41,350.20 1 1
github.com/23skdu/longbow/internal/store/persistence.go:350.20,352.4 1 0
github.com/23skdu/longbow/internal/store/persistence.go:353.3,353.18 1 1
github.com/23skdu/longbow/internal/store/persistence.go:356.2,356.6 1 1
github.com/23skdu/longbow/internal/store/persistence.go:356.6,357.10 1 1
github.com/23skdu/longbow/internal/store/persistence.go:358.24,359.39 1 0
github.com/23skdu/longbow/internal/store/persistence.go:359.39,361.5 1 0
github.com/23skdu/longbow/internal/store/persistence.go:362.41,366.21 2 0
github.com/23skdu/longbow/internal/store/persistence.go:366.21,369.5 2 0
github.com/23skdu/longbow/internal/store/persistence.go:370.4,370.23 1 0
github.com/23skdu/longbow/internal/store/persistence.go:370.23,372.5 1 0
github.com/23skdu/longbow/internal/store/persistence.go:373.4,373.33 1 0
github.com/23skdu/longbow/internal/store/persistence.go:379.37,383.25 2 1
github.com/23skdu/longbow/internal/store/persistence.go:383.25,384.45 1 1
github.com/23skdu/longbow/internal/store/persistence.go:384.45,386.4 1 0
github.com/23skdu/longbow/internal/store/persistence.go:387.3,387.21 1 1
github.com/23skdu/longbow/internal/store/persistence.go:390.2,393.18 3 1
github.com/23skdu/longbow/internal/store/persistence.go:393.18,395.38 2 1
github.com/23skdu/longbow/internal/store/persistence.go:395.38,397.4 1 0
github.com/23skdu/longbow/internal/store/persistence.go:398.3,398.39 1 1
github.com/23skdu/longbow/internal/store/persistence.go:398.39,400.4 1 0
github.com/23skdu/longbow/internal/store/persistence.go:401.3,401.14 1 1
github.com/23skdu/longbow/internal/store/persistence.go:403.2,403.12 1 1
github.com/23skdu/longbow/internal/store/persistence.go:408.88,409.15 1 1
github.com/23skdu/longbow/internal/store/persistence.go:409.15,410.31 1 1
github.com/23skdu/longbow/internal/store/persistence.go:410.31,413.4 2 0
github.com/23skdu/longbow/internal/store/persistence.go:415.2,415.34 1 1
github.com/23skdu/longbow/internal/store/replication.go:17.84,28.42 3 0
github.com/23skdu/longbow/internal/store/replication.go:28.42,31.3 2 0
github.com/23skdu/longbow/internal/store/replication.go:33.2,33.21 1 0
github.com/23skdu/longbow/internal/store/replication.go:36.59,37.37 1 0
github.com/23skdu/longbow/internal/store/replication.go:37.37,38.17 1 0
github.com/23skdu/longbow/internal/store/replication.go:38.17,39.12 1 0
github.com/23skdu/longbow/internal/store/replication.go:42.3,42.37 1 0
github.com/23skdu/longbow/internal/store/replication.go:44.2,44.40 1 0
github.com/23skdu/longbow/internal/store/replication.go:44.40,46.3 1 0
github.com/23skdu/longbow/internal/store/replication.go:51.56,54.2 1 0
github.com/23skdu/longbow/internal/store/result_pool.go:24.34,27.20 1 1
github.com/23skdu/longbow/internal/store/result_pool.go:27.20,30.5 2 1
github.com/23skdu/longbow/internal/store/result_pool.go:33.20,36.5 2 0
github.com/23skdu/longbow/internal/store/result_pool.go:39.20,42.5 2 0
github.com/23skdu/longbow/internal/store/result_pool.go:45.20,48.5 2 0
github.com/23skdu/longbow/internal/store/result_pool.go:51.20,54.5 2 0
github.com/23skdu/longbow/internal/store/result_pool.go:57.20,60.5 2 0
github.com/23skdu/longbow/internal/store/result_pool.go:69.44,72.9 2 1
github.com/23skdu/longbow/internal/store/result_pool.go:74.15,76.15 2 0
github.com/23skdu/longbow/internal/store/result_pool.go:77.15,79.15 2 0
github.com/23skdu/longbow/internal/store/result_pool.go:80.15,82.15 2 0
github.com/23skdu/longbow/internal/store/result_pool.go:83.16,85.15 2 0
github.com/23skdu/longbow/internal/store/result_pool.go:86.16,88.15 2 0
github.com/23skdu/longbow/internal/store/result_pool.go:89.17,91.15 2 0
github.com/23skdu/longbow/internal/store/result_pool.go:93.14,95.21 2 1
github.com/23skdu/longbow/internal/store/result_pool.go:96.14,98.21 2 0
github.com/23skdu/longbow/internal/store/result_pool.go:99.14,101.21 2 0
github.com/23skdu/longbow/internal/store/result_pool.go:102.15,104.21 2 0
github.com/23skdu/longbow/internal/store/result_pool.go:105.15,107.21 2 0
github.com/23skdu/longbow/internal/store/result_pool.go:108.16,110.21 2 0
github.com/23skdu/longbow/internal/store/result_pool.go:111.10,114.15 2 0
github.com/23skdu/longbow/internal/store/result_pool.go:118.2,118.23 1 1
github.com/23skdu/longbow/internal/store/result_pool.go:118.23,120.3 1 1
github.com/23skdu/longbow/internal/store/result_pool.go:121.2,121.14 1 1
github.com/23skdu/longbow/internal/store/result_pool.go:125.44,126.18 1 0
github.com/23skdu/longbow/internal/store/result_pool.go:126.18,128.3 1 0
github.com/23skdu/longbow/internal/store/result_pool.go:131.2,134.18 3 0
github.com/23skdu/longbow/internal/store/result_pool.go:135.10,136.23 1 0
github.com/23skdu/longbow/internal/store/result_pool.go:137.10,138.23 1 0
github.com/23skdu/longbow/internal/store/result_pool.go:139.10,140.23 1 0
github.com/23skdu/longbow/internal/store/result_pool.go:141.11,142.24 1 0
github.com/23skdu/longbow/internal/store/result_pool.go:143.11,144.24 1 0
github.com/23skdu/longbow/internal/store/result_pool.go:145.12,146.25 1 0
github.com/23skdu/longbow/internal/store/search_arena.go:21.48,26.2 1 0
github.com/23skdu/longbow/internal/store/search_arena.go:31.46,32.15 1 0
github.com/23skdu/longbow/internal/store/search_arena.go:32.15,34.3 1 0
github.com/23skdu/longbow/internal/store/search_arena.go:35.2,35.32 1 0
github.com/23skdu/longbow/internal/store/search_arena.go:35.32,37.3 1 0
github.com/23skdu/longbow/internal/store/search_arena.go:38.2,40.15 3 0
github.com/23skdu/longbow/internal/store/search_arena.go:45.31,47.2 1 0
github.com/23skdu/longbow/internal/store/search_arena.go:50.33,52.2 1 0
github.com/23skdu/longbow/internal/store/search_arena.go:55.36,57.2 1 0
github.com/23skdu/longbow/internal/store/search_arena.go:60.39,62.2 1 0
github.com/23skdu/longbow/internal/store/search_arena.go:67.62,68.16 1 0
github.com/23skdu/longbow/internal/store/search_arena.go:68.16,70.3 1 0
github.com/23skdu/longbow/internal/store/search_arena.go:73.2,80.44 5 0
github.com/23skdu/longbow/internal/store/search_arena.go:80.44,82.3 1 0
github.com/23skdu/longbow/internal/store/search_arena.go:85.2,89.45 3 0
github.com/23skdu/longbow/internal/store/search_arena.go:95.64,96.16 1 0
github.com/23skdu/longbow/internal/store/search_arena.go:96.16,98.3 1 0
github.com/23skdu/longbow/internal/store/search_arena.go:101.2,108.44 5 0
github.com/23skdu/longbow/internal/store/search_arena.go:108.44,110.3 1 0
github.com/23skdu/longbow/internal/store/search_arena.go:113.2,117.46 3 0
github.com/23skdu/longbow/internal/store/search_arena.go:126.18,128.3 1 0
github.com/23skdu/longbow/internal/store/search_arena.go:134.30,137.2 2 0
github.com/23skdu/longbow/internal/store/search_arena.go:141.35,143.18 2 0
github.com/23skdu/longbow/internal/store/search_arena.go:143.18,145.3 1 0
github.com/23skdu/longbow/internal/store/search_arena.go:146.2,147.22 2 0
github.com/23skdu/longbow/internal/store/servers.go:18.52,20.2 1 1
github.com/23skdu/longbow/internal/store/servers.go:23.95,26.2 2 0
github.com/23skdu/longbow/internal/store/servers.go:29.75,32.60 2 0
github.com/23skdu/longbow/internal/store/servers.go:32.60,36.79 3 0
github.com/23skdu/longbow/internal/store/servers.go:36.79,39.4 1 0
github.com/23skdu/longbow/internal/store/servers.go:41.2,42.26 2 0
github.com/23skdu/longbow/internal/store/servers.go:46.107,48.2 1 0
github.com/23skdu/longbow/internal/store/servers.go:51.116,53.2 1 0
github.com/23skdu/longbow/internal/store/servers.go:56.114,59.2 2 0
github.com/23skdu/longbow/internal/store/servers.go:62.104,64.2 1 0
github.com/23skdu/longbow/internal/store/servers.go:72.52,76.2 1 0
github.com/23skdu/longbow/internal/store/servers.go:79.107,82.2 2 0
github.com/23skdu/longbow/internal/store/servers.go:85.116,88.2 2 0
github.com/23skdu/longbow/internal/store/servers.go:91.95,93.2 1 0
github.com/23skdu/longbow/internal/store/servers.go:96.75,98.2 1 0
github.com/23skdu/longbow/internal/store/servers.go:101.85,103.2 1 0
github.com/23skdu/longbow/internal/store/servers.go:106.104,107.19 1 0
github.com/23skdu/longbow/internal/store/servers.go:107.19,109.3 1 0
github.com/23skdu/longbow/internal/store/servers.go:110.2,113.21 2 0
github.com/23skdu/longbow/internal/store/servers.go:114.22,115.52 1 0
github.com/23skdu/longbow/internal/store/servers.go:117.10,118.48 1 0
github.com/23skdu/longbow/internal/store/sharded_hnsw.go:24.45,25.22 1 1
github.com/23skdu/longbow/internal/store/sharded_hnsw.go:25.22,27.3 1 1
github.com/23skdu/longbow/internal/store/sharded_hnsw.go:28.2,28.14 1 1
github.com/23skdu/longbow/internal/store/sharded_hnsw.go:28.14,30.3 1 1
github.com/23skdu/longbow/internal/store/sharded_hnsw.go:31.2,31.27 1 1
github.com/23skdu/longbow/internal/store/sharded_hnsw.go:31.27,33.3 1 1
github.com/23skdu/longbow/internal/store/sharded_hnsw.go:34.2,34.12 1 1
github.com/23skdu/longbow/internal/store/sharded_hnsw.go:38.51,45.2 1 1
github.com/23skdu/longbow/internal/store/sharded_hnsw.go:64.78,65.27 1 1
github.com/23skdu/longbow/internal/store/sharded_hnsw.go:65.27,67.3 1 0
github.com/23skdu/longbow/internal/store/sharded_hnsw.go:69.2,70.40 2 1
github.com/23skdu/longbow/internal/store/sharded_hnsw.go:70.40,75.3 2 1
github.com/23skdu/longbow/internal/store/sharded_hnsw.go:77.2,82.3 1 1
github.com/23skdu/longbow/internal/store/sharded_hnsw.go:85.68,86.11 1 1
github.com/23skdu/longbow/internal/store/sharded_hnsw.go:87.20,88.29 1 0
github.com/23skdu/longbow/internal/store/sharded_hnsw.go:89.24,90.39 1 0
github.com/23skdu/longbow/internal/store/sharded_hnsw.go:90.39,92.4 1 0
github.com/23skdu/longbow/internal/store/sharded_hnsw.go:93.10,94.32 1 1
github.com/23skdu/longbow/internal/store/sharded_hnsw.go:99.54,101.2 1 1
github.com/23skdu/longbow/internal/store/sharded_hnsw.go:104.65,107.40 2 0
github.com/23skdu/longbow/internal/store/sharded_hnsw.go:107.40,110.3 2 0
github.com/23skdu/longbow/internal/store/sharded_hnsw.go:111.2,114.45 3 0
github.com/23skdu/longbow/internal/store/sharded_hnsw.go:118.94,122.16 3 1
github.com/23skdu/longbow/internal/store/sharded_hnsw.go:122.16,124.3 1 0
github.com/23skdu/longbow/internal/store/sharded_hnsw.go:125.2,125.16 1 1
github.com/23skdu/longbow/internal/store/sharded_hnsw.go:129.86,132.46 2 1
github.com/23skdu/longbow/internal/store/sharded_hnsw.go:132.46,133.29 1 1
github.com/23skdu/longbow/internal/store/sharded_hnsw.go:133.29,135.9 2 1
github.com/23skdu/longbow/internal/store/sharded_hnsw.go:138.2,138.19 1 1
github.com/23skdu/longbow/internal/store/sharded_hnsw.go:138.19,140.3 1 0
github.com/23skdu/longbow/internal/store/sharded_hnsw.go:142.2,143.9 2 1
github.com/23skdu/longbow/internal/store/sharded_hnsw.go:143.9,145.3 1 0
github.com/23skdu/longbow/internal/store/sharded_hnsw.go:147.2,154.39 7 1
github.com/23skdu/longbow/internal/store/sharded_hnsw.go:154.39,156.3 1 0
github.com/23skdu/longbow/internal/store/sharded_hnsw.go:158.2,165.35 4 1
github.com/23skdu/longbow/internal/store/sharded_hnsw.go:165.35,167.3 1 1
github.com/23skdu/longbow/internal/store/sharded_hnsw.go:168.2,184.12 11 1
github.com/23skdu/longbow/internal/store/sharded_hnsw.go:188.94,189.12 1 1
github.com/23skdu/longbow/internal/store/sharded_hnsw.go:189.12,191.3 1 0
github.com/23skdu/longbow/internal/store/sharded_hnsw.go:194.2,200.33 4 1
github.com/23skdu/longbow/internal/store/sharded_hnsw.go:200.33,202.35 2 1
github.com/23skdu/longbow/internal/store/sharded_hnsw.go:202.35,207.4 4 1
github.com/23skdu/longbow/internal/store/sharded_hnsw.go:209.2,216.42 3 1
github.com/23skdu/longbow/internal/store/sharded_hnsw.go:216.42,218.33 2 0
github.com/23skdu/longbow/internal/store/sharded_hnsw.go:218.33,220.4 1 0
github.com/23skdu/longbow/internal/store/sharded_hnsw.go:221.3,221.29 1 0
github.com/23skdu/longbow/internal/store/sharded_hnsw.go:224.2,227.36 3 1
github.com/23skdu/longbow/internal/store/sharded_hnsw.go:227.36,228.33 1 1
github.com/23skdu/longbow/internal/store/sharded_hnsw.go:228.33,231.42 2 1
github.com/23skdu/longbow/internal/store/sharded_hnsw.go:231.42,233.13 2 0
github.com/23skdu/longbow/internal/store/sharded_hnsw.go:235.4,238.24 3 1
github.com/23skdu/longbow/internal/store/sharded_hnsw.go:238.24,240.47 2 1
github.com/23skdu/longbow/internal/store/sharded_hnsw.go:240.47,242.14 2 1
github.com/23skdu/longbow/internal/store/sharded_hnsw.go:245.5,245.25 1 1
github.com/23skdu/longbow/internal/store/sharded_hnsw.go:245.25,246.40 1 0
github.com/23skdu/longbow/internal/store/sharded_hnsw.go:246.40,248.15 2 0
github.com/23skdu/longbow/internal/store/sharded_hnsw.go:251.5,251.31 1 1
github.com/23skdu/longbow/internal/store/sharded_hnsw.go:261.4,261.65 1 1
github.com/23skdu/longbow/internal/store/sharded_hnsw.go:267.2,267.15 1 1
github.com/23skdu/longbow/internal/store/sharded_hnsw.go:271.33,273.2 1 1
github.com/23skdu/longbow/internal/store/sharded_hnsw.go:276.65,277.12 1 1
github.com/23skdu/longbow/internal/store/sharded_hnsw.go:277.12,279.3 1 0
github.com/23skdu/longbow/internal/store/sharded_hnsw.go:282.2,283.9 2 1
github.com/23skdu/longbow/internal/store/sharded_hnsw.go:283.9,285.3 1 0
github.com/23skdu/longbow/internal/store/sharded_hnsw.go:287.2,287.22 1 1
github.com/23skdu/longbow/internal/store/sharded_hnsw.go:287.22,289.3 1 0
github.com/23skdu/longbow/internal/store/sharded_hnsw.go:291.2,303.44 6 1
github.com/23skdu/longbow/internal/store/sharded_hnsw.go:303.44,306.3 2 0
github.com/23skdu/longbow/internal/store/sharded_hnsw.go:307.2,312.46 4 1
github.com/23skdu/longbow/internal/store/sharded_hnsw.go:312.46,313.29 1 1
github.com/23skdu/longbow/internal/store/sharded_hnsw.go:313.29,315.9 2 1
github.com/23skdu/longbow/internal/store/sharded_hnsw.go:318.2,318.19 1 1
github.com/23skdu/longbow/internal/store/sharded_hnsw.go:318.19,320.3 1 0
github.com/23skdu/longbow/internal/store/sharded_hnsw.go:322.2,334.28 10 1
github.com/23skdu/longbow/internal/store/sharded_hnsw.go:334.28,336.3 1 1
github.com/23skdu/longbow/internal/store/sharded_hnsw.go:337.2,337.12 1 1
github.com/23skdu/longbow/internal/store/sharded_hnsw.go:341.37,343.2 1 0
github.com/23skdu/longbow/internal/store/sharded_hnsw.go:346.65,349.34 3 1
github.com/23skdu/longbow/internal/store/sharded_hnsw.go:349.34,351.3 1 1
github.com/23skdu/longbow/internal/store/sharded_hnsw.go:352.2,352.31 1 1
github.com/23skdu/longbow/internal/store/sharded_hnsw.go:356.45,362.2 1 1
github.com/23skdu/longbow/internal/store/sharded_hnsw.go:365.48,367.33 2 1
github.com/23skdu/longbow/internal/store/sharded_hnsw.go:367.33,374.3 3 1
github.com/23skdu/longbow/internal/store/sharded_hnsw.go:375.2,375.14 1 1
github.com/23skdu/longbow/internal/store/store.go:50.124,60.2 4 1
github.com/23skdu/longbow/internal/store/store.go:64.60,66.12 2 0
github.com/23skdu/longbow/internal/store/store.go:66.12,67.22 1 0
github.com/23skdu/longbow/internal/store/store.go:67.22,69.4 1 0
github.com/23skdu/longbow/internal/store/store.go:73.39,76.19 3 0
github.com/23skdu/longbow/internal/store/store.go:76.19,78.3 1 0
github.com/23skdu/longbow/internal/store/store.go:81.2,83.32 3 0
github.com/23skdu/longbow/internal/store/store.go:83.32,85.3 1 0
github.com/23skdu/longbow/internal/store/store.go:86.2,89.45 2 0
github.com/23skdu/longbow/internal/store/store.go:89.45,91.3 1 0
github.com/23skdu/longbow/internal/store/store.go:94.2,94.32 1 0
github.com/23skdu/longbow/internal/store/store.go:94.32,95.38 1 0
github.com/23skdu/longbow/internal/store/store.go:95.38,96.9 1 0
github.com/23skdu/longbow/internal/store/store.go:98.3,98.21 1 0
github.com/23skdu/longbow/internal/store/store.go:102.49,107.15 4 0
github.com/23skdu/longbow/internal/store/store.go:107.15,109.3 1 0
github.com/23skdu/longbow/internal/store/store.go:111.2,114.33 2 0
github.com/23skdu/longbow/internal/store/store.go:114.33,116.3 1 0
github.com/23skdu/longbow/internal/store/store.go:117.2,128.53 6 0
github.com/23skdu/longbow/internal/store/store.go:130.98,130.99 0 0
github.com/23skdu/longbow/internal/store/store.go:131.98,131.99 0 0
github.com/23skdu/longbow/internal/store/store.go:132.98,132.99 0 0
github.com/23skdu/longbow/internal/store/store.go:133.97,133.112 1 0
github.com/23skdu/longbow/internal/store/store.go:135.108,138.32 3 0
github.com/23skdu/longbow/internal/store/store.go:138.32,140.3 1 0
github.com/23skdu/longbow/internal/store/store.go:141.2,143.30 2 0
github.com/23skdu/longbow/internal/store/store.go:143.30,150.43 2 0
github.com/23skdu/longbow/internal/store/store.go:150.43,152.4 1 0
github.com/23skdu/longbow/internal/store/store.go:154.2,154.12 1 0
github.com/23skdu/longbow/internal/store/store.go:157.117,158.25 1 0
github.com/23skdu/longbow/internal/store/store.go:158.25,160.3 1 0
github.com/23skdu/longbow/internal/store/store.go:161.2,163.16 3 0
github.com/23skdu/longbow/internal/store/store.go:163.16,165.3 1 0
github.com/23skdu/longbow/internal/store/store.go:167.2,171.8 1 0
github.com/23skdu/longbow/internal/store/store.go:173.115,175.2 1 0
github.com/23skdu/longbow/internal/store/store.go:178.105,179.36 1 0
github.com/23skdu/longbow/internal/store/store.go:179.36,181.60 2 0
github.com/23skdu/longbow/internal/store/store.go:181.60,184.4 1 0
github.com/23skdu/longbow/internal/store/store.go:186.3,187.10 2 0
github.com/23skdu/longbow/internal/store/store.go:187.10,189.4 1 0
github.com/23skdu/longbow/internal/store/store.go:191.3,192.47 2 0
github.com/23skdu/longbow/internal/store/store.go:192.47,194.4 1 0
github.com/23skdu/longbow/internal/store/store.go:194.9,196.4 1 0
github.com/23skdu/longbow/internal/store/store.go:198.3,199.17 2 0
github.com/23skdu/longbow/internal/store/store.go:199.17,201.4 1 0
github.com/23skdu/longbow/internal/store/store.go:204.3,206.44 3 0
github.com/23skdu/longbow/internal/store/store.go:206.44,208.4 1 0
github.com/23skdu/longbow/internal/store/store.go:208.9,210.4 1 0
github.com/23skdu/longbow/internal/store/store.go:212.3,212.13 1 0
github.com/23skdu/longbow/internal/store/store.go:212.13,214.4 1 0
github.com/23skdu/longbow/internal/store/store.go:217.3,218.41 2 0
github.com/23skdu/longbow/internal/store/store.go:218.41,220.4 1 0
github.com/23skdu/longbow/internal/store/store.go:221.3,227.78 5 0
github.com/23skdu/longbow/internal/store/store.go:227.78,229.4 1 0
github.com/23skdu/longbow/internal/store/store.go:230.3,230.13 1 0
github.com/23skdu/longbow/internal/store/store.go:232.2,232.78 1 0
github.com/23skdu/longbow/internal/store/store.go:236.76,238.16 2 0
github.com/23skdu/longbow/internal/store/store.go:238.16,241.3 2 0
github.com/23skdu/longbow/internal/store/store.go:242.2,249.35 5 0
github.com/23skdu/longbow/internal/store/store.go:249.35,251.3 1 0
github.com/23skdu/longbow/internal/store/store.go:251.8,254.3 1 0
github.com/23skdu/longbow/internal/store/store.go:256.2,259.36 3 0
github.com/23skdu/longbow/internal/store/store.go:259.36,262.3 1 0
github.com/23skdu/longbow/internal/store/store.go:263.2,267.15 3 0
github.com/23skdu/longbow/internal/store/store.go:267.15,268.21 1 0
github.com/23skdu/longbow/internal/store/store.go:268.21,270.4 1 0
github.com/23skdu/longbow/internal/store/store.go:272.3,272.13 1 0
github.com/23skdu/longbow/internal/store/store.go:275.2,278.25 2 0
github.com/23skdu/longbow/internal/store/store.go:278.25,279.55 1 0
github.com/23skdu/longbow/internal/store/store.go:279.55,283.4 3 0
github.com/23skdu/longbow/internal/store/store.go:287.2,303.21 10 0
github.com/23skdu/longbow/internal/store/store.go:303.21,305.3 1 0
github.com/23skdu/longbow/internal/store/store.go:306.2,315.31 6 0
github.com/23skdu/longbow/internal/store/store.go:315.31,323.6 2 0
github.com/23skdu/longbow/internal/store/store.go:323.6,325.4 1 0
github.com/23skdu/longbow/internal/store/store.go:329.2,329.15 1 0
github.com/23skdu/longbow/internal/store/store.go:329.15,352.32 14 0
github.com/23skdu/longbow/internal/store/store.go:352.32,360.7 2 0
github.com/23skdu/longbow/internal/store/store.go:360.7,362.5 1 0
github.com/23skdu/longbow/internal/store/store.go:366.2,366.20 1 0
github.com/23skdu/longbow/internal/store/store.go:366.20,369.3 2 0
github.com/23skdu/longbow/internal/store/store.go:371.2,372.41 2 0
github.com/23skdu/longbow/internal/store/store.go:376.96,379.16 2 0
github.com/23skdu/longbow/internal/store/store.go:379.16,382.38 2 0
github.com/23skdu/longbow/internal/store/store.go:382.38,384.4 1 0
github.com/23skdu/longbow/internal/store/store.go:384.9,387.4 2 0
github.com/23skdu/longbow/internal/store/store.go:390.2,394.16 4 0
github.com/23skdu/longbow/internal/store/store.go:394.16,396.3 1 0
github.com/23skdu/longbow/internal/store/store.go:398.2,401.26 3 0
github.com/23skdu/longbow/internal/store/store.go:401.26,404.3 2 0
github.com/23skdu/longbow/internal/store/store.go:407.2,420.34 8 0
github.com/23skdu/longbow/internal/store/store.go:420.34,422.3 1 0
github.com/23skdu/longbow/internal/store/store.go:423.2,423.20 1 0
github.com/23skdu/longbow/internal/store/store.go:423.20,425.3 1 0
github.com/23skdu/longbow/internal/store/store.go:427.2,433.34 5 0
github.com/23skdu/longbow/internal/store/store.go:433.34,435.13 2 0
github.com/23skdu/longbow/internal/store/store.go:435.13,437.28 2 0
github.com/23skdu/longbow/internal/store/store.go:437.28,444.39 3 0
github.com/23skdu/longbow/internal/store/store.go:444.39,446.6 1 0
[...]
github.com/23skdu/longbow/internal/store/zero_alloc_parser.go:115.3,116.38 2 0
github.com/23skdu/longbow/internal/store/zero_alloc_parser.go:116.38,118.4 1 0
github.com/23skdu/longbow/internal/store/zero_alloc_parser.go:121.2,121.55 1 0
github.com/23skdu/longbow/internal/store/zero_alloc_parser.go:124.81,125.42 1 0
github.com/23skdu/longbow/internal/store/zero_alloc_parser.go:125.42,127.3 1 0
github.com/23skdu/longbow/internal/store/zero_alloc_parser.go:128.2,130.22 2 0
github.com/23skdu/longbow/internal/store/zero_alloc_parser.go:130.22,132.23 2 0
github.com/23skdu/longbow/internal/store/zero_alloc_parser.go:132.23,134.4 1 0
github.com/23skdu/longbow/internal/store/zero_alloc_parser.go:136.3,136.23 1 0
github.com/23skdu/longbow/internal/store/zero_alloc_parser.go:136.23,138.4 1 0
github.com/23skdu/longbow/internal/store/zero_alloc_parser.go:140.3,141.17 2 0
github.com/23skdu/longbow/internal/store/zero_alloc_parser.go:141.17,143.4 1 0
github.com/23skdu/longbow/internal/store/zero_alloc_parser.go:144.3,148.42 4 0
github.com/23skdu/longbow/internal/store/zero_alloc_parser.go:148.42,150.4 1 0
github.com/23skdu/longbow/internal/store/zero_alloc_parser.go:153.2,153.53 1 0
github.com/23skdu/longbow/internal/store/zero_alloc_parser.go:156.61,159.42 2 0
github.com/23skdu/longbow/internal/store/zero_alloc_parser.go:159.42,161.3 1 0
github.com/23skdu/longbow/internal/store/zero_alloc_parser.go:162.2,164.22 2 0
github.com/23skdu/longbow/internal/store/zero_alloc_parser.go:164.22,166.23 2 0
github.com/23skdu/longbow/internal/store/zero_alloc_parser.go:166.23,168.4 1 0
github.com/23skdu/longbow/internal/store/zero_alloc_parser.go:170.3,170.23 1 0
github.com/23skdu/longbow/internal/store/zero_alloc_parser.go:170.23,172.4 1 0
github.com/23skdu/longbow/internal/store/zero_alloc_parser.go:174.3,174.23 1 0
github.com/23skdu/longbow/internal/store/zero_alloc_parser.go:174.23,176.4 1 0
github.com/23skdu/longbow/internal/store/zero_alloc_parser.go:178.3,179.17 2 0
github.com/23skdu/longbow/internal/store/zero_alloc_parser.go:179.17,181.4 1 0
github.com/23skdu/longbow/internal/store/zero_alloc_parser.go:182.3,185.43 3 0
github.com/23skdu/longbow/internal/store/zero_alloc_parser.go:185.43,187.4 1 0
github.com/23skdu/longbow/internal/store/zero_alloc_parser.go:188.3,191.14 3 0
github.com/23skdu/longbow/internal/store/zero_alloc_parser.go:192.16,194.18 2 0
github.com/23skdu/longbow/internal/store/zero_alloc_parser.go:194.18,196.5 1 0
github.com/23skdu/longbow/internal/store/zero_alloc_parser.go:197.4,198.16 2 0
github.com/23skdu/longbow/internal/store/zero_alloc_parser.go:199.19,201.18 2 0
github.com/23skdu/longbow/internal/store/zero_alloc_parser.go:201.18,203.5 1 0
github.com/23skdu/longbow/internal/store/zero_alloc_parser.go:204.4,205.16 2 0
github.com/23skdu/longbow/internal/store/zero_alloc_parser.go:206.16,208.43 1 0
github.com/23skdu/longbow/internal/store/zero_alloc_parser.go:208.43,210.19 2 0
github.com/23skdu/longbow/internal/store/zero_alloc_parser.go:210.19,212.6 1 0
github.com/23skdu/longbow/internal/store/zero_alloc_parser.go:213.5,214.17 2 0
github.com/23skdu/longbow/internal/store/zero_alloc_parser.go:215.10,218.44 2 0
github.com/23skdu/longbow/internal/store/zero_alloc_parser.go:218.44,220.6 1 0
github.com/23skdu/longbow/internal/store/zero_alloc_parser.go:221.5,221.129 1 0
github.com/23skdu/longbow/internal/store/zero_alloc_parser.go:221.129,223.6 1 0
github.com/23skdu/longbow/internal/store/zero_alloc_parser.go:224.5,224.42 1 0
github.com/23skdu/longbow/internal/store/zero_alloc_parser.go:226.11,228.18 2 0
github.com/23skdu/longbow/internal/store/zero_alloc_parser.go:228.18,230.5 1 0
github.com/23skdu/longbow/internal/store/zero_alloc_parser.go:231.4,231.16 1 0
github.com/23skdu/longbow/internal/store/zero_alloc_parser.go:234.3,235.42 2 0
github.com/23skdu/longbow/internal/store/zero_alloc_parser.go:235.42,237.4 1 0
github.com/23skdu/longbow/internal/store/zero_alloc_parser.go:240.2,240.55 1 0
github.com/23skdu/longbow/internal/store/zero_alloc_parser.go:245.47,246.107 1 0
github.com/23skdu/longbow/internal/store/zero_alloc_parser.go:246.107,248.3 1 0
github.com/23skdu/longbow/internal/store/zero_alloc_parser.go:249.2,249.12 1 0
github.com/23skdu/longbow/internal/store/zero_alloc_parser.go:252.34,254.2 1 0
github.com/23skdu/longbow/internal/store/zero_alloc_parser.go:256.74,257.42 1 0
github.com/23skdu/longbow/internal/store/zero_alloc_parser.go:257.42,259.3 1 0
github.com/23skdu/longbow/internal/store/zero_alloc_parser.go:260.2,265.35 4 0
github.com/23skdu/longbow/internal/store/zero_alloc_parser.go:265.35,267.15 2 0
github.com/23skdu/longbow/internal/store/zero_alloc_parser.go:267.15,268.18 1 0
github.com/23skdu/longbow/internal/store/zero_alloc_parser.go:268.18,271.5 1 0
github.com/23skdu/longbow/internal/store/zero_alloc_parser.go:273.4,273.51 1 0
github.com/23skdu/longbow/internal/store/zero_alloc_parser.go:275.3,275.16 1 0
github.com/23skdu/longbow/internal/store/zero_alloc_parser.go:275.16,278.4 2 0
github.com/23skdu/longbow/internal/store/zero_alloc_parser.go:281.2,281.51 1 0
github.com/23skdu/longbow/internal/store/zero_alloc_parser.go:284.40,287.20 3 0
github.com/23skdu/longbow/internal/store/zero_alloc_parser.go:287.20,288.41 1 0
github.com/23skdu/longbow/internal/store/zero_alloc_parser.go:288.41,290.19 2 0
github.com/23skdu/longbow/internal/store/zero_alloc_parser.go:291.13,292.27 1 0
github.com/23skdu/longbow/internal/store/zero_alloc_parser.go:293.14,294.28 1 0
github.com/23skdu/longbow/internal/store/zero_alloc_parser.go:295.13,296.27 1 0
github.com/23skdu/longbow/internal/store/zero_alloc_parser.go:297.13,298.28 1 0
github.com/23skdu/longbow/internal/store/zero_alloc_parser.go:299.13,300.28 1 0
github.com/23skdu/longbow/internal/store/zero_alloc_parser.go:301.13,302.28 1 0
github.com/23skdu/longbow/internal/store/zero_alloc_parser.go:303.13,304.28 1 0
github.com/23skdu/longbow/internal/store/zero_alloc_parser.go:305.13,306.28 1 0
github.com/23skdu/longbow/internal/store/zero_alloc_parser.go:307.13,309.24 1 0
github.com/23skdu/longbow/internal/store/zero_alloc_parser.go:309.24,311.16 2 0
github.com/23skdu/longbow/internal/store/zero_alloc_parser.go:311.16,317.7 4 0
github.com/23skdu/longbow/internal/store/zero_alloc_parser.go:317.12,319.7 1 0
github.com/23skdu/longbow/internal/store/zero_alloc_parser.go:320.11,322.6 1 0
github.com/23skdu/longbow/internal/store/zero_alloc_parser.go:323.12,324.31 1 0
github.com/23skdu/longbow/internal/store/zero_alloc_parser.go:326.4,326.7 1 0
github.com/23skdu/longbow/internal/store/zero_alloc_parser.go:327.9,330.4 2 0
github.com/23skdu/longbow/internal/store/zero_alloc_parser.go:332.2,332.20 1 0
github.com/23skdu/longbow/internal/store/zero_alloc_parser.go:335.33,337.25 2 0
github.com/23skdu/longbow/internal/store/zero_alloc_parser.go:337.25,339.10 2 0
github.com/23skdu/longbow/internal/store/zero_alloc_parser.go:340.29,341.21 1 0
github.com/23skdu/longbow/internal/store/zero_alloc_parser.go:342.29,343.26 1 0
github.com/23skdu/longbow/internal/store/zero_alloc_parser.go:344.29,345.26 1 0
github.com/23skdu/longbow/internal/store/zero_alloc_parser.go:346.11,347.13 1 0
github.com/23skdu/longbow/internal/store/zero_alloc_parser.go:350.2,350.10 1 0
github.com/23skdu/longbow/internal/store/zero_alloc_parser.go:353.41,354.14 1 0
github.com/23skdu/longbow/internal/store/zero_alloc_parser.go:354.14,357.3 2 0
github.com/23skdu/longbow/internal/store/zero_alloc_parser.go:358.2,358.15 1 0
github.com/23skdu/longbow/internal/store/zero_alloc_parser.go:358.15,362.3 3 0
github.com/23skdu/longbow/internal/store/zero_alloc_parser.go:363.2,363.17 1 0
github.com/23skdu/longbow/internal/store/zero_alloc_parser.go:363.17,368.3 4 0
github.com/23skdu/longbow/internal/store/zero_alloc_parser.go:369.2,373.10 5 0
github.com/23skdu/longbow/internal/store/zero_alloc_parser.go:376.74,380.41 3 0
github.com/23skdu/longbow/internal/store/zero_alloc_parser.go:380.41,383.3 2 0
github.com/23skdu/longbow/internal/store/zero_alloc_parser.go:385.2,385.60 1 0
github.com/23skdu/longbow/internal/store/zero_alloc_parser.go:385.60,387.3 1 0
github.com/23skdu/longbow/internal/store/zero_alloc_parser.go:389.2,389.62 1 0
github.com/23skdu/longbow/internal/store/zero_alloc_parser.go:389.62,392.3 2 0
github.com/23skdu/longbow/internal/store/zero_alloc_parser.go:394.2,394.9 1 0
github.com/23skdu/longbow/internal/store/zero_alloc_parser.go:394.9,396.3 1 0
github.com/23skdu/longbow/internal/store/zero_alloc_parser.go:398.2,398.22 1 0
github.com/23skdu/longbow/internal/store/zero_alloc_parser.go:401.51,402.22 1 0
github.com/23skdu/longbow/internal/store/zero_alloc_parser.go:402.22,404.3 1 0
github.com/23skdu/longbow/internal/store/zero_alloc_parser.go:406.2,406.19 1 0
github.com/23skdu/longbow/internal/store/zero_alloc_parser.go:407.11,409.21 2 0
github.com/23skdu/longbow/internal/store/zero_alloc_parser.go:410.11,411.31 1 0
github.com/23skdu/longbow/internal/store/zero_alloc_parser.go:412.11,413.30 1 0
github.com/23skdu/longbow/internal/store/zero_alloc_parser.go:414.21,415.32 1 0
github.com/23skdu/longbow/internal/store/zero_alloc_parser.go:416.10,417.31 1 0
github.com/23skdu/longbow/internal/store/zero_alloc_parser.go:421.52,422.22 1 0
github.com/23skdu/longbow/internal/store/zero_alloc_parser.go:422.22,424.3 1 0
github.com/23skdu/longbow/internal/store/zero_alloc_parser.go:425.2,427.35 3 0
github.com/23skdu/longbow/internal/store/zero_alloc_parser.go:427.35,428.20 1 0
github.com/23skdu/longbow/internal/store/zero_alloc_parser.go:429.12,430.11 1 0
github.com/23skdu/longbow/internal/store/zero_alloc_parser.go:431.12,432.11 1 0
github.com/23skdu/longbow/internal/store/zero_alloc_parser.go:433.12,435.18 2 0
github.com/23skdu/longbow/internal/store/zero_alloc_parser.go:435.18,437.5 1 0
github.com/23skdu/longbow/internal/store/zero_alloc_parser.go:438.4,439.12 2 0
github.com/23skdu/longbow/internal/store/zero_alloc_parser.go:441.3,441.8 1 0
github.com/23skdu/longbow/internal/store/zero_alloc_parser.go:443.2,443.16 1 0
github.com/23skdu/longbow/internal/store/zero_alloc_parser.go:443.16,445.3 1 0
github.com/23skdu/longbow/internal/store/zero_alloc_parser.go:446.2,446.17 1 0
github.com/23skdu/longbow/internal/store/zero_alloc_parser.go:449.51,450.22 1 0
github.com/23skdu/longbow/internal/store/zero_alloc_parser.go:450.22,452.3 1 0
github.com/23skdu/longbow/internal/store/zero_alloc_parser.go:453.2,455.35 3 0
github.com/23skdu/longbow/internal/store/zero_alloc_parser.go:455.35,456.20 1 0
github.com/23skdu/longbow/internal/store/zero_alloc_parser.go:457.12,458.11 1 0
github.com/23skdu/longbow/internal/store/zero_alloc_parser.go:459.12,460.11 1 0
github.com/23skdu/longbow/internal/store/zero_alloc_parser.go:461.12,463.18 2 0
github.com/23skdu/longbow/internal/store/zero_alloc_parser.go:463.18,465.5 1 0
github.com/23skdu/longbow/internal/store/zero_alloc_parser.go:466.4,467.12 2 0
github.com/23skdu/longbow/internal/store/zero_alloc_parser.go:469.3,469.8 1 0
github.com/23skdu/longbow/internal/store/zero_alloc_parser.go:471.2,471.16 1 0
github.com/23skdu/longbow/internal/store/zero_alloc_parser.go:471.16,473.3 1 0
github.com/23skdu/longbow/internal/store/zero_alloc_parser.go:474.2,474.17 1 0
github.com/23skdu/longbow/internal/store/zero_alloc_parser.go:477.53,478.61 1 0
github.com/23skdu/longbow/internal/store/zero_alloc_parser.go:478.61,480.3 1 0
github.com/23skdu/longbow/internal/store/zero_alloc_parser.go:481.2,481.62 1 0
github.com/23skdu/longbow/internal/store/zero_alloc_parser.go:481.62,483.3 1 0
github.com/23skdu/longbow/internal/store/zero_alloc_parser.go:484.2,484.61 1 0
github.com/23skdu/longbow/internal/store/zero_alloc_parser.go:484.61,486.3 1 0
github.com/23skdu/longbow/internal/store/zero_alloc_parser.go:487.2,487.43 1 0
github.com/23skdu/longbow/internal/store/zero_alloc_parser.go:490.52,491.41 1 0
github.com/23skdu/longbow/internal/store/zero_alloc_parser.go:491.41,493.3 1 0
github.com/23skdu/longbow/internal/store/zero_alloc_parser.go:494.2,494.166 1 0
github.com/23skdu/longbow/internal/store/zero_alloc_parser.go:494.166,496.3 1 0
github.com/23skdu/longbow/internal/store/zero_alloc_parser.go:497.2,497.17 1 0
github.com/23skdu/longbow/internal/store/zero_alloc_parser.go:520.43,527.2 1 0
github.com/23skdu/longbow/internal/store/zero_alloc_parser.go:530.61,532.35 2 0
github.com/23skdu/longbow/internal/store/zero_alloc_parser.go:532.35,534.3 1 0
github.com/23skdu/longbow/internal/store/zero_alloc_parser.go:537.2,539.19 3 0
github.com/23skdu/longbow/internal/store/zero_alloc_parser.go:539.19,541.36 2 0
github.com/23skdu/longbow/internal/store/zero_alloc_parser.go:541.36,543.4 1 0
github.com/23skdu/longbow/internal/store/zero_alloc_parser.go:544.3,544.43 1 0
github.com/23skdu/longbow/internal/store/zero_alloc_parser.go:545.8,547.38 2 0
github.com/23skdu/longbow/internal/store/zero_alloc_parser.go:547.38,549.4 1 0
github.com/23skdu/longbow/internal/store/zero_alloc_parser.go:550.3,550.38 1 0
github.com/23skdu/longbow/internal/store/zero_alloc_parser.go:554.2,559.35 4 0
github.com/23skdu/longbow/internal/store/zero_alloc_parser.go:559.35,561.3 1 0
github.com/23skdu/longbow/internal/store/zero_alloc_parser.go:563.2,563.20 1 0
github.com/23skdu/longbow/internal/store/zero_alloc_vector_search.go:21.79,26.2 1 1
github.com/23skdu/longbow/internal/store/zero_alloc_vector_search.go:31.87,38.20 5 0
github.com/23skdu/longbow/internal/store/zero_alloc_vector_search.go:38.20,40.3 1 0
github.com/23skdu/longbow/internal/store/zero_alloc_vector_search.go:42.2,43.38 2 0
github.com/23skdu/longbow/internal/store/zero_alloc_vector_search.go:43.38,45.3 1 0
github.com/23skdu/longbow/internal/store/zero_alloc_vector_search.go:46.2,48.20 2 0
github.com/23skdu/longbow/internal/store/zero_alloc_vector_search.go:48.20,50.21 2 0
github.com/23skdu/longbow/internal/store/zero_alloc_vector_search.go:50.21,52.4 1 0
github.com/23skdu/longbow/internal/store/zero_alloc_vector_search.go:54.3,54.21 1 0
github.com/23skdu/longbow/internal/store/zero_alloc_vector_search.go:54.21,57.26 2 0
github.com/23skdu/longbow/internal/store/zero_alloc_vector_search.go:57.26,60.5 2 0
github.com/23skdu/longbow/internal/store/zero_alloc_vector_search.go:60.10,62.5 1 0
github.com/23skdu/longbow/internal/store/zero_alloc_vector_search.go:63.4,63.24 1 0
github.com/23skdu/longbow/internal/store/zero_alloc_vector_search.go:66.3,66.21 1 0
github.com/23skdu/longbow/internal/store/zero_alloc_vector_search.go:66.21,68.4 1 0
github.com/23skdu/longbow/internal/store/zero_alloc_vector_search.go:70.3,71.17 2 0
github.com/23skdu/longbow/internal/store/zero_alloc_vector_search.go:71.17,73.4 1 0
github.com/23skdu/longbow/internal/store/zero_alloc_vector_search.go:74.3,77.39 3 0
github.com/23skdu/longbow/internal/store/zero_alloc_vector_search.go:77.39,79.4 1 0
github.com/23skdu/longbow/internal/store/zero_alloc_vector_search.go:80.3,83.14 3 0
github.com/23skdu/longbow/internal/store/zero_alloc_vector_search.go:84.18,86.18 2 0
github.com/23skdu/longbow/internal/store/zero_alloc_vector_search.go:86.18,88.5 1 0
github.com/23skdu/longbow/internal/store/zero_alloc_vector_search.go:89.4,90.14 2 0
github.com/23skdu/longbow/internal/store/zero_alloc_vector_search.go:91.12,93.18 2 0
github.com/23skdu/longbow/internal/store/zero_alloc_vector_search.go:93.18,95.5 1 0
github.com/23skdu/longbow/internal/store/zero_alloc_vector_search.go:96.4,97.14 2 0
github.com/23skdu/longbow/internal/store/zero_alloc_vector_search.go:98.17,100.18 2 0
github.com/23skdu/longbow/internal/store/zero_alloc_vector_search.go:100.18,102.5 1 0
github.com/23skdu/longbow/internal/store/zero_alloc_vector_search.go:103.4,103.14 1 0
github.com/23skdu/longbow/internal/store/zero_alloc_vector_search.go:104.18,106.18 2 0
github.com/23skdu/longbow/internal/store/zero_alloc_vector_search.go:106.18,108.5 1 0
github.com/23skdu/longbow/internal/store/zero_alloc_vector_search.go:109.4,109.14 1 0
github.com/23skdu/longbow/internal/store/zero_alloc_vector_search.go:110.11,113.18 2 0
github.com/23skdu/longbow/internal/store/zero_alloc_vector_search.go:113.18,115.5 1 0
github.com/23skdu/longbow/internal/store/zero_alloc_vector_search.go:116.4,116.14 1 0
github.com/23skdu/longbow/internal/store/zero_alloc_vector_search.go:119.3,120.38 2 0
github.com/23skdu/longbow/internal/store/zero_alloc_vector_search.go:120.38,122.4 1 0
github.com/23skdu/longbow/internal/store/zero_alloc_vector_search.go:125.2,125.55 1 0
github.com/23skdu/longbow/internal/store/zero_alloc_vector_search.go:129.92,130.42 1 0
github.com/23skdu/longbow/internal/store/zero_alloc_vector_search.go:130.42,132.3 1 0
github.com/23skdu/longbow/internal/store/zero_alloc_vector_search.go:133.2,135.22 2 0
github.com/23skdu/longbow/internal/store/zero_alloc_vector_search.go:135.22,137.23 2 0
github.com/23skdu/longbow/internal/store/zero_alloc_vector_search.go:137.23,139.4 1 0
github.com/23skdu/longbow/internal/store/zero_alloc_vector_search.go:141.3,141.23 1 0
github.com/23skdu/longbow/internal/store/zero_alloc_vector_search.go:141.23,143.4 1 0
github.com/23skdu/longbow/internal/store/zero_alloc_vector_search.go:146.3,147.17 2 0
github.com/23skdu/longbow/internal/store/zero_alloc_vector_search.go:147.17,149.4 1 0
github.com/23skdu/longbow/internal/store/zero_alloc_vector_search.go:150.3,154.42 4 0
github.com/23skdu/longbow/internal/store/zero_alloc_vector_search.go:154.42,156.4 1 0
github.com/23skdu/longbow/internal/store/zero_alloc_vector_search.go:159.2,159.58 1 0
github.com/23skdu/longbow/internal/store/zero_alloc_vector_search.go:164.63,168.41 2 0
github.com/23skdu/longbow/internal/store/zero_alloc_vector_search.go:168.41,170.3 1 0
github.com/23skdu/longbow/internal/store/zero_alloc_vector_search.go:173.2,173.62 1 0
github.com/23skdu/longbow/internal/store/zero_alloc_vector_search.go:173.62,175.3 1 0
github.com/23skdu/longbow/internal/store/zero_alloc_vector_search.go:176.2,176.62 1 0
github.com/23skdu/longbow/internal/store/zero_alloc_vector_search.go:176.62,178.3 1 0
github.com/23skdu/longbow/internal/store/zero_alloc_vector_search.go:181.2,181.41 1 0
github.com/23skdu/longbow/internal/store/zero_alloc_vector_search.go:181.41,183.63 2 0
github.com/23skdu/longbow/internal/store/zero_alloc_vector_search.go:183.63,185.4 1 0
github.com/23skdu/longbow/internal/store/zero_alloc_vector_search.go:189.2,189.63 1 0
github.com/23skdu/longbow/internal/store/zero_alloc_vector_search.go:189.63,191.64 2 0
github.com/23skdu/longbow/internal/store/zero_alloc_vector_search.go:191.64,193.4 1 0
github.com/23skdu/longbow/internal/store/zero_alloc_vector_search.go:194.3,194.63 1 0
github.com/23skdu/longbow/internal/store/zero_alloc_vector_search.go:194.63,196.4 1 0
github.com/23skdu/longbow/internal/store/zero_alloc_vector_search.go:200.2,201.16 2 0
github.com/23skdu/longbow/internal/store/zero_alloc_vector_search.go:201.16,203.3 1 0
github.com/23skdu/longbow/internal/store/zero_alloc_vector_search.go:205.2,205.31 1 0
github.com/23skdu/longbow/internal/store/zero_alloc_vector_search.go:208.87,209.42 1 0
github.com/23skdu/longbow/internal/store/zero_alloc_vector_search.go:209.42,211.3 1 0
github.com/23skdu/longbow/internal/store/zero_alloc_vector_search.go:212.2,214.22 2 0
github.com/23skdu/longbow/internal/store/zero_alloc_vector_search.go:214.22,216.23 2 0
github.com/23skdu/longbow/internal/store/zero_alloc_vector_search.go:216.23,218.4 1 0
github.com/23skdu/longbow/internal/store/zero_alloc_vector_search.go:220.3,220.23 1 0
github.com/23skdu/longbow/internal/store/zero_alloc_vector_search.go:220.23,222.4 1 0
github.com/23skdu/longbow/internal/store/zero_alloc_vector_search.go:224.3,225.17 2 0
github.com/23skdu/longbow/internal/store/zero_alloc_vector_search.go:225.17,227.4 1 0
github.com/23skdu/longbow/internal/store/zero_alloc_vector_search.go:228.3,232.42 4 0
github.com/23skdu/longbow/internal/store/zero_alloc_vector_search.go:232.42,234.4 1 0
github.com/23skdu/longbow/internal/store/zero_alloc_vector_search.go:237.2,237.53 1 0
