mode: atomic
github.com/23skdu/longbow/internal/store/batched_wal.go:30.49,35.2 1 16
github.com/23skdu/longbow/internal/store/batched_wal.go:58.74,68.2 1 22
github.com/23skdu/longbow/internal/store/batched_wal.go:71.36,75.14 3 22
github.com/23skdu/longbow/internal/store/batched_wal.go:75.14,77.2 1 0
github.com/23skdu/longbow/internal/store/batched_wal.go:80.1,80.54 1 22
github.com/23skdu/longbow/internal/store/batched_wal.go:80.54,82.2 1 0
github.com/23skdu/longbow/internal/store/batched_wal.go:85.1,87.15 3 22
github.com/23skdu/longbow/internal/store/batched_wal.go:87.15,89.2 1 0
github.com/23skdu/longbow/internal/store/batched_wal.go:90.1,96.11 4 22
github.com/23skdu/longbow/internal/store/batched_wal.go:100.65,101.15 1 1552
github.com/23skdu/longbow/internal/store/batched_wal.go:101.15,103.2 1 0
github.com/23skdu/longbow/internal/store/batched_wal.go:106.1,108.8 2 1552
github.com/23skdu/longbow/internal/store/batched_wal.go:109.53,110.11 1 1552
github.com/23skdu/longbow/internal/store/batched_wal.go:111.17,113.55 2 0
github.com/23skdu/longbow/internal/store/batched_wal.go:118.34,124.5 4 22
github.com/23skdu/longbow/internal/store/batched_wal.go:124.5,125.8 1 873
github.com/23skdu/longbow/internal/store/batched_wal.go:126.27,132.15 5 566
github.com/23skdu/longbow/internal/store/batched_wal.go:132.15,134.2 1 11
github.com/23skdu/longbow/internal/store/batched_wal.go:136.17,137.10 1 285
github.com/23skdu/longbow/internal/store/batched_wal.go:139.17,142.7 2 16
github.com/23skdu/longbow/internal/store/batched_wal.go:148.30,150.22 2 312
github.com/23skdu/longbow/internal/store/batched_wal.go:150.22,153.2 2 287
github.com/23skdu/longbow/internal/store/batched_wal.go:156.1,161.29 4 25
github.com/23skdu/longbow/internal/store/batched_wal.go:161.29,162.43 1 1552
github.com/23skdu/longbow/internal/store/batched_wal.go:162.43,167.2 4 0
github.com/23skdu/longbow/internal/store/batched_wal.go:167.7,169.2 1 1552
github.com/23skdu/longbow/internal/store/batched_wal.go:171.1,171.23 1 1552
github.com/23skdu/longbow/internal/store/batched_wal.go:175.1,175.21 1 25
github.com/23skdu/longbow/internal/store/batched_wal.go:175.21,176.40 1 25
github.com/23skdu/longbow/internal/store/batched_wal.go:176.40,180.2 3 0
github.com/23skdu/longbow/internal/store/batched_wal.go:185.38,187.5 1 16
github.com/23skdu/longbow/internal/store/batched_wal.go:187.5,188.8 1 1002
github.com/23skdu/longbow/internal/store/batched_wal.go:189.27,192.14 3 986
github.com/23skdu/longbow/internal/store/batched_wal.go:193.9,196.7 2 16
github.com/23skdu/longbow/internal/store/batched_wal.go:202.55,206.21 3 1552
github.com/23skdu/longbow/internal/store/batched_wal.go:206.21,208.2 1 0
github.com/23skdu/longbow/internal/store/batched_wal.go:211.1,213.41 3 1552
github.com/23skdu/longbow/internal/store/batched_wal.go:213.41,215.2 1 0
github.com/23skdu/longbow/internal/store/batched_wal.go:216.1,216.38 1 1552
github.com/23skdu/longbow/internal/store/batched_wal.go:216.38,218.2 1 0
github.com/23skdu/longbow/internal/store/batched_wal.go:219.1,226.77 5 1552
github.com/23skdu/longbow/internal/store/batched_wal.go:226.77,228.2 1 0
github.com/23skdu/longbow/internal/store/batched_wal.go:229.1,229.53 1 1552
github.com/23skdu/longbow/internal/store/batched_wal.go:229.53,231.2 1 0
github.com/23skdu/longbow/internal/store/batched_wal.go:232.1,232.76 1 1552
github.com/23skdu/longbow/internal/store/batched_wal.go:232.76,234.2 1 0
github.com/23skdu/longbow/internal/store/batched_wal.go:235.1,235.52 1 1552
github.com/23skdu/longbow/internal/store/batched_wal.go:235.52,237.2 1 0
github.com/23skdu/longbow/internal/store/batched_wal.go:239.1,239.11 1 1552
github.com/23skdu/longbow/internal/store/batched_wal.go:243.35,245.15 2 16
github.com/23skdu/longbow/internal/store/batched_wal.go:245.15,248.2 2 0
github.com/23skdu/longbow/internal/store/batched_wal.go:249.1,259.21 7 16
github.com/23skdu/longbow/internal/store/batched_wal.go:259.21,260.40 1 16
github.com/23skdu/longbow/internal/store/batched_wal.go:260.40,262.2 1 0
github.com/23skdu/longbow/internal/store/batched_wal.go:263.1,263.41 1 16
github.com/23skdu/longbow/internal/store/batched_wal.go:263.41,265.2 1 0
github.com/23skdu/longbow/internal/store/batched_wal.go:266.1,266.16 1 16
github.com/23skdu/longbow/internal/store/batched_wal.go:269.1,269.18 1 16
github.com/23skdu/longbow/internal/store/batched_wal.go:273.41,277.2 3 0
github.com/23skdu/longbow/internal/store/duckdb_adapter.go:20.55,22.2 1 2
github.com/23skdu/longbow/internal/store/duckdb_adapter.go:26.123,31.15 3 3
github.com/23skdu/longbow/internal/store/duckdb_adapter.go:31.15,33.2 1 0
github.com/23skdu/longbow/internal/store/duckdb_adapter.go:36.1,37.15 2 3
github.com/23skdu/longbow/internal/store/duckdb_adapter.go:37.15,40.2 2 0
github.com/23skdu/longbow/internal/store/duckdb_adapter.go:43.1,44.42 2 3
github.com/23skdu/longbow/internal/store/duckdb_adapter.go:44.42,46.8 2 3
github.com/23skdu/longbow/internal/store/duckdb_adapter.go:46.8,48.2 1 0
github.com/23skdu/longbow/internal/store/duckdb_adapter.go:49.1,51.11 3 3
github.com/23skdu/longbow/internal/store/duckdb_adapter.go:53.1,53.15 1 3
github.com/23skdu/longbow/internal/store/duckdb_adapter.go:53.15,57.2 3 0
github.com/23skdu/longbow/internal/store/duckdb_adapter.go:61.1,62.63 2 3
github.com/23skdu/longbow/internal/store/duckdb_adapter.go:62.63,66.2 3 0
github.com/23skdu/longbow/internal/store/duckdb_adapter.go:69.1,70.15 2 3
github.com/23skdu/longbow/internal/store/duckdb_adapter.go:70.15,74.2 3 1
github.com/23skdu/longbow/internal/store/duckdb_adapter.go:76.1,76.19 1 2
github.com/23skdu/longbow/internal/store/duckdb_adapter.go:76.19,80.2 3 2
github.com/23skdu/longbow/internal/store/duckdb_adapter.go:82.1,82.25 1 2
github.com/23skdu/longbow/internal/store/errors.go:21.38,23.2 1 3
github.com/23skdu/longbow/internal/store/errors.go:31.45,32.18 1 4
github.com/23skdu/longbow/internal/store/errors.go:32.18,34.2 1 3
github.com/23skdu/longbow/internal/store/errors.go:35.1,35.54 1 1
github.com/23skdu/longbow/internal/store/errors.go:44.44,46.2 1 5
github.com/23skdu/longbow/internal/store/errors.go:55.47,58.2 1 3
github.com/23skdu/longbow/internal/store/errors.go:66.47,68.2 1 3
github.com/23skdu/longbow/internal/store/errors.go:76.41,78.2 1 3
github.com/23skdu/longbow/internal/store/errors.go:86.41,88.2 1 3
github.com/23skdu/longbow/internal/store/errors.go:90.41,92.2 1 8
github.com/23skdu/longbow/internal/store/errors.go:100.38,101.19 1 4
github.com/23skdu/longbow/internal/store/errors.go:101.19,103.2 1 3
github.com/23skdu/longbow/internal/store/errors.go:104.1,104.60 1 1
github.com/23skdu/longbow/internal/store/errors.go:107.38,109.2 1 8
github.com/23skdu/longbow/internal/store/errors.go:116.52,118.2 1 2
github.com/23skdu/longbow/internal/store/errors.go:121.59,123.2 1 2
github.com/23skdu/longbow/internal/store/errors.go:126.60,128.2 1 3
github.com/23skdu/longbow/internal/store/errors.go:131.76,133.2 1 2
github.com/23skdu/longbow/internal/store/errors.go:136.64,138.2 1 2
github.com/23skdu/longbow/internal/store/errors.go:141.58,143.2 1 2
github.com/23skdu/longbow/internal/store/errors.go:146.63,148.2 1 2
github.com/23skdu/longbow/internal/store/errors.go:151.60,153.2 1 2
github.com/23skdu/longbow/internal/store/errors.go:161.36,162.15 1 11
github.com/23skdu/longbow/internal/store/errors.go:162.15,164.2 1 1
github.com/23skdu/longbow/internal/store/errors.go:167.1,167.39 1 10
github.com/23skdu/longbow/internal/store/errors.go:167.39,169.2 1 1
github.com/23skdu/longbow/internal/store/errors.go:172.1,183.8 2 9
github.com/23skdu/longbow/internal/store/errors.go:184.35,185.49 1 1
github.com/23skdu/longbow/internal/store/errors.go:187.37,188.56 1 1
github.com/23skdu/longbow/internal/store/errors.go:190.41,191.56 1 1
github.com/23skdu/longbow/internal/store/errors.go:193.38,194.56 1 1
github.com/23skdu/longbow/internal/store/errors.go:196.38,197.58 1 1
github.com/23skdu/longbow/internal/store/errors.go:199.38,200.52 1 1
github.com/23skdu/longbow/internal/store/errors.go:202.38,204.52 1 1
github.com/23skdu/longbow/internal/store/errors.go:206.35,207.49 1 1
github.com/23skdu/longbow/internal/store/errors.go:209.9,211.49 1 1
github.com/23skdu/longbow/internal/store/errors.go:217.40,219.32 2 0
github.com/23skdu/longbow/internal/store/errors.go:219.32,220.70 1 0
github.com/23skdu/longbow/internal/store/errors.go:222.1,222.14 1 0
github.com/23skdu/longbow/internal/store/hnsw.go:32.43,42.2 4 8
github.com/23skdu/longbow/internal/store/hnsw.go:46.54,48.32 2 71
github.com/23skdu/longbow/internal/store/hnsw.go:48.32,51.2 2 0
github.com/23skdu/longbow/internal/store/hnsw.go:52.1,60.71 5 71
github.com/23skdu/longbow/internal/store/hnsw.go:60.71,62.2 1 0
github.com/23skdu/longbow/internal/store/hnsw.go:63.1,67.45 3 71
github.com/23skdu/longbow/internal/store/hnsw.go:67.45,68.27 1 155
github.com/23skdu/longbow/internal/store/hnsw.go:68.27,70.6 2 2
github.com/23skdu/longbow/internal/store/hnsw.go:74.1,74.18 1 71
github.com/23skdu/longbow/internal/store/hnsw.go:74.18,76.2 1 69
github.com/23skdu/longbow/internal/store/hnsw.go:79.1,80.8 2 2
github.com/23skdu/longbow/internal/store/hnsw.go:80.8,82.2 1 0
github.com/23skdu/longbow/internal/store/hnsw.go:85.1,85.40 1 2
github.com/23skdu/longbow/internal/store/hnsw.go:85.40,87.2 1 0
github.com/23skdu/longbow/internal/store/hnsw.go:88.1,97.38 7 2
github.com/23skdu/longbow/internal/store/hnsw.go:97.38,99.2 1 0
github.com/23skdu/longbow/internal/store/hnsw.go:102.1,105.11 4 2
github.com/23skdu/longbow/internal/store/hnsw.go:109.53,117.15 6 71
github.com/23skdu/longbow/internal/store/hnsw.go:117.15,119.2 1 69
github.com/23skdu/longbow/internal/store/hnsw.go:122.1,123.11 2 2
github.com/23skdu/longbow/internal/store/hnsw.go:127.63,129.15 2 0
github.com/23skdu/longbow/internal/store/hnsw.go:129.15,131.2 1 0
github.com/23skdu/longbow/internal/store/hnsw.go:134.1,136.29 3 0
github.com/23skdu/longbow/internal/store/hnsw.go:136.29,138.2 1 0
github.com/23skdu/longbow/internal/store/hnsw.go:139.1,139.11 1 0
github.com/23skdu/longbow/internal/store/hybrid_search.go:32.40,37.2 1 8
github.com/23skdu/longbow/internal/store/hybrid_search.go:40.37,43.54 2 130
github.com/23skdu/longbow/internal/store/hybrid_search.go:43.54,45.2 1 1629
github.com/23skdu/longbow/internal/store/hybrid_search.go:46.1,46.14 1 130
github.com/23skdu/longbow/internal/store/hybrid_search.go:50.57,52.21 2 121
github.com/23skdu/longbow/internal/store/hybrid_search.go:52.21,54.2 1 0
github.com/23skdu/longbow/internal/store/hybrid_search.go:57.1,58.30 2 121
github.com/23skdu/longbow/internal/store/hybrid_search.go:58.30,60.2 1 277
github.com/23skdu/longbow/internal/store/hybrid_search.go:62.1,69.29 4 121
github.com/23skdu/longbow/internal/store/hybrid_search.go:69.29,70.27 1 273
github.com/23skdu/longbow/internal/store/hybrid_search.go:70.27,72.2 1 61
github.com/23skdu/longbow/internal/store/hybrid_search.go:74.1,75.50 2 273
github.com/23skdu/longbow/internal/store/hybrid_search.go:80.47,85.12 4 2
github.com/23skdu/longbow/internal/store/hybrid_search.go:85.12,87.2 1 0
github.com/23skdu/longbow/internal/store/hybrid_search.go:89.1,89.28 1 2
github.com/23skdu/longbow/internal/store/hybrid_search.go:89.28,90.40 1 5
github.com/23skdu/longbow/internal/store/hybrid_search.go:90.40,92.23 2 5
github.com/23skdu/longbow/internal/store/hybrid_search.go:92.23,94.2 1 2
github.com/23skdu/longbow/internal/store/hybrid_search.go:97.1,97.25 1 2
github.com/23skdu/longbow/internal/store/hybrid_search.go:101.74,103.21 2 9
github.com/23skdu/longbow/internal/store/hybrid_search.go:103.21,105.2 1 0
github.com/23skdu/longbow/internal/store/hybrid_search.go:107.1,112.30 4 9
github.com/23skdu/longbow/internal/store/hybrid_search.go:112.30,113.41 1 12
github.com/23skdu/longbow/internal/store/hybrid_search.go:113.41,114.33 1 11
github.com/23skdu/longbow/internal/store/hybrid_search.go:114.33,118.2 2 122
github.com/23skdu/longbow/internal/store/hybrid_search.go:123.1,124.31 2 9
github.com/23skdu/longbow/internal/store/hybrid_search.go:124.31,126.2 1 116
github.com/23skdu/longbow/internal/store/hybrid_search.go:129.1,129.41 1 9
github.com/23skdu/longbow/internal/store/hybrid_search.go:129.41,131.2 1 122
github.com/23skdu/longbow/internal/store/hybrid_search.go:133.1,133.38 1 9
github.com/23skdu/longbow/internal/store/hybrid_search.go:133.38,135.2 1 1
github.com/23skdu/longbow/internal/store/hybrid_search.go:137.1,137.15 1 9
github.com/23skdu/longbow/internal/store/hybrid_search.go:147.100,148.11 1 6
github.com/23skdu/longbow/internal/store/hybrid_search.go:148.11,150.2 1 0
github.com/23skdu/longbow/internal/store/hybrid_search.go:152.1,155.40 2 6
github.com/23skdu/longbow/internal/store/hybrid_search.go:155.40,157.2 1 14
github.com/23skdu/longbow/internal/store/hybrid_search.go:160.1,160.41 1 6
github.com/23skdu/longbow/internal/store/hybrid_search.go:160.41,162.2 1 11
github.com/23skdu/longbow/internal/store/hybrid_search.go:165.1,166.31 2 6
github.com/23skdu/longbow/internal/store/hybrid_search.go:166.31,168.2 1 15
github.com/23skdu/longbow/internal/store/hybrid_search.go:170.1,170.41 1 6
github.com/23skdu/longbow/internal/store/hybrid_search.go:170.41,172.2 1 15
github.com/23skdu/longbow/internal/store/hybrid_search.go:174.1,174.38 1 6
github.com/23skdu/longbow/internal/store/hybrid_search.go:174.38,176.2 1 0
github.com/23skdu/longbow/internal/store/hybrid_search.go:178.1,178.15 1 6
github.com/23skdu/longbow/internal/store/hybrid_search.go:194.42,201.2 2 3
github.com/23skdu/longbow/internal/store/hybrid_search.go:204.75,217.2 7 10
github.com/23skdu/longbow/internal/store/hybrid_search.go:220.47,229.2 4 1
github.com/23skdu/longbow/internal/store/hybrid_search.go:232.78,237.29 4 3
github.com/23skdu/longbow/internal/store/hybrid_search.go:237.29,238.37 1 13
github.com/23skdu/longbow/internal/store/hybrid_search.go:238.37,244.2 2 13
github.com/23skdu/longbow/internal/store/hybrid_search.go:246.1,247.15 2 3
github.com/23skdu/longbow/internal/store/hybrid_search.go:251.76,253.2 1 4
github.com/23skdu/longbow/internal/store/hybrid_search.go:257.128,260.20 2 1
github.com/23skdu/longbow/internal/store/hybrid_search.go:260.20,262.2 1 1
github.com/23skdu/longbow/internal/store/hybrid_search.go:264.1,267.66 3 1
github.com/23skdu/longbow/internal/store/hybrid_search.go:272.136,273.17 1 2
github.com/23skdu/longbow/internal/store/hybrid_search.go:273.17,275.2 1 1
github.com/23skdu/longbow/internal/store/hybrid_search.go:276.1,276.17 1 1
github.com/23skdu/longbow/internal/store/hybrid_search.go:276.17,278.2 1 1
github.com/23skdu/longbow/internal/store/hybrid_search.go:281.1,282.20 2 0
github.com/23skdu/longbow/internal/store/hybrid_search.go:282.20,284.2 1 0
github.com/23skdu/longbow/internal/store/hybrid_search.go:286.1,293.26 4 0
github.com/23skdu/longbow/internal/store/hybrid_search.go:293.26,295.32 2 0
github.com/23skdu/longbow/internal/store/hybrid_search.go:295.32,298.2 2 0
github.com/23skdu/longbow/internal/store/hybrid_search.go:302.1,302.27 1 0
github.com/23skdu/longbow/internal/store/hybrid_search.go:302.27,304.33 2 0
github.com/23skdu/longbow/internal/store/hybrid_search.go:304.33,307.2 2 0
github.com/23skdu/longbow/internal/store/hybrid_search.go:311.1,312.31 2 0
github.com/23skdu/longbow/internal/store/hybrid_search.go:312.31,314.2 1 0
github.com/23skdu/longbow/internal/store/hybrid_search.go:316.1,316.41 1 0
github.com/23skdu/longbow/internal/store/hybrid_search.go:316.41,318.2 1 0
github.com/23skdu/longbow/internal/store/hybrid_search.go:320.1,320.30 1 0
github.com/23skdu/longbow/internal/store/hybrid_search.go:320.30,322.2 1 0
github.com/23skdu/longbow/internal/store/hybrid_search.go:324.1,324.15 1 0
github.com/23skdu/longbow/internal/store/parquet_adapter.go:20.56,37.34 9 2
github.com/23skdu/longbow/internal/store/parquet_adapter.go:37.34,44.2 3 2
github.com/23skdu/longbow/internal/store/parquet_adapter.go:46.1,47.15 2 2
github.com/23skdu/longbow/internal/store/parquet_adapter.go:47.15,49.2 1 0
github.com/23skdu/longbow/internal/store/parquet_adapter.go:50.1,50.18 1 2
github.com/23skdu/longbow/internal/store/parquet_adapter.go:55.86,58.15 2 0
github.com/23skdu/longbow/internal/store/parquet_adapter.go:58.15,60.2 1 0
github.com/23skdu/longbow/internal/store/parquet_adapter.go:62.1,65.32 4 0
github.com/23skdu/longbow/internal/store/parquet_adapter.go:65.32,67.2 1 0
github.com/23skdu/longbow/internal/store/parquet_adapter.go:69.1,69.19 1 0
github.com/23skdu/longbow/internal/store/parquet_adapter.go:69.19,71.2 1 0
github.com/23skdu/longbow/internal/store/parquet_adapter.go:75.1,88.26 6 0
github.com/23skdu/longbow/internal/store/parquet_adapter.go:88.26,92.2 3 0
github.com/23skdu/longbow/internal/store/parquet_adapter.go:94.1,94.26 1 0
github.com/23skdu/longbow/internal/store/persistence.go:23.94,25.54 2 16
github.com/23skdu/longbow/internal/store/persistence.go:25.54,27.2 1 0
github.com/23skdu/longbow/internal/store/persistence.go:30.1,30.41 1 16
github.com/23skdu/longbow/internal/store/persistence.go:30.41,33.2 1 0
github.com/23skdu/longbow/internal/store/persistence.go:36.1,36.37 1 16
github.com/23skdu/longbow/internal/store/persistence.go:36.37,39.2 2 0
github.com/23skdu/longbow/internal/store/persistence.go:42.1,43.44 2 16
github.com/23skdu/longbow/internal/store/persistence.go:43.44,45.2 1 0
github.com/23skdu/longbow/internal/store/persistence.go:48.1,50.11 2 16
github.com/23skdu/longbow/internal/store/persistence.go:53.71,57.15 3 2
github.com/23skdu/longbow/internal/store/persistence.go:57.15,59.2 1 1
github.com/23skdu/longbow/internal/store/persistence.go:60.1,60.21 1 1
github.com/23skdu/longbow/internal/store/persistence.go:60.21,62.2 1 1
github.com/23skdu/longbow/internal/store/persistence.go:67.1,69.36 3 0
github.com/23skdu/longbow/internal/store/persistence.go:69.36,72.2 2 0
github.com/23skdu/longbow/internal/store/persistence.go:73.1,73.33 1 0
github.com/23skdu/longbow/internal/store/persistence.go:73.33,76.2 2 0
github.com/23skdu/longbow/internal/store/persistence.go:77.1,84.77 5 0
github.com/23skdu/longbow/internal/store/persistence.go:84.77,87.2 2 0
github.com/23skdu/longbow/internal/store/persistence.go:88.1,88.53 1 0
github.com/23skdu/longbow/internal/store/persistence.go:88.53,91.2 2 0
github.com/23skdu/longbow/internal/store/persistence.go:92.1,92.76 1 0
github.com/23skdu/longbow/internal/store/persistence.go:92.76,95.2 2 0
github.com/23skdu/longbow/internal/store/persistence.go:96.1,97.15 2 0
github.com/23skdu/longbow/internal/store/persistence.go:97.15,100.2 2 0
github.com/23skdu/longbow/internal/store/persistence.go:103.1,108.11 3 0
github.com/23skdu/longbow/internal/store/persistence.go:111.41,113.14 2 16
github.com/23skdu/longbow/internal/store/persistence.go:113.14,115.2 1 16
github.com/23skdu/longbow/internal/store/persistence.go:117.1,119.23 3 16
github.com/23skdu/longbow/internal/store/persistence.go:119.23,121.2 1 15
github.com/23skdu/longbow/internal/store/persistence.go:122.1,122.15 1 1
github.com/23skdu/longbow/internal/store/persistence.go:122.15,124.2 1 0
github.com/23skdu/longbow/internal/store/persistence.go:125.1,125.14 1 1
github.com/23skdu/longbow/internal/store/persistence.go:125.14,125.31 1 1
github.com/23skdu/longbow/internal/store/persistence.go:127.1,130.5 3 1
github.com/23skdu/longbow/internal/store/persistence.go:130.5,132.69 2 26
github.com/23skdu/longbow/internal/store/persistence.go:132.69,133.18 1 1
github.com/23skdu/longbow/internal/store/persistence.go:133.18,134.6 1 1
github.com/23skdu/longbow/internal/store/persistence.go:136.1,136.55 1 0
github.com/23skdu/longbow/internal/store/persistence.go:139.1,140.52 2 25
github.com/23skdu/longbow/internal/store/persistence.go:140.52,142.2 1 0
github.com/23skdu/longbow/internal/store/persistence.go:143.1,146.68 3 25
github.com/23skdu/longbow/internal/store/persistence.go:146.68,148.2 1 0
github.com/23skdu/longbow/internal/store/persistence.go:150.1,151.51 2 25
github.com/23skdu/longbow/internal/store/persistence.go:151.51,153.2 1 0
github.com/23skdu/longbow/internal/store/persistence.go:156.1,157.15 2 25
github.com/23skdu/longbow/internal/store/persistence.go:157.15,159.2 1 0
github.com/23skdu/longbow/internal/store/persistence.go:160.1,160.13 1 25
github.com/23skdu/longbow/internal/store/persistence.go:160.13,164.51 3 25
github.com/23skdu/longbow/internal/store/persistence.go:164.51,166.2 1 1
github.com/23skdu/longbow/internal/store/persistence.go:167.1,173.8 7 25
github.com/23skdu/longbow/internal/store/persistence.go:175.1,175.12 1 25
github.com/23skdu/longbow/internal/store/persistence.go:178.1,179.11 2 1
github.com/23skdu/longbow/internal/store/persistence.go:182.40,192.45 7 14
github.com/23skdu/longbow/internal/store/persistence.go:192.45,194.2 1 0
github.com/23skdu/longbow/internal/store/persistence.go:195.1,195.51 1 14
github.com/23skdu/longbow/internal/store/persistence.go:195.51,198.2 2 0
github.com/23skdu/longbow/internal/store/persistence.go:201.1,201.53 1 14
github.com/23skdu/longbow/internal/store/persistence.go:201.53,206.19 5 2
github.com/23skdu/longbow/internal/store/persistence.go:206.19,208.2 1 0
github.com/23skdu/longbow/internal/store/persistence.go:209.1,211.15 3 2
github.com/23skdu/longbow/internal/store/persistence.go:211.15,214.2 2 0
github.com/23skdu/longbow/internal/store/persistence.go:217.1,217.26 1 2
github.com/23skdu/longbow/internal/store/persistence.go:217.26,218.44 1 2
github.com/23skdu/longbow/internal/store/persistence.go:218.44,220.6 2 0
github.com/23skdu/longbow/internal/store/persistence.go:223.1,224.12 2 2
github.com/23skdu/longbow/internal/store/persistence.go:228.1,228.49 1 14
github.com/23skdu/longbow/internal/store/persistence.go:228.49,230.2 1 0
github.com/23skdu/longbow/internal/store/persistence.go:231.1,231.55 1 14
github.com/23skdu/longbow/internal/store/persistence.go:231.55,234.2 2 0
github.com/23skdu/longbow/internal/store/persistence.go:237.1,238.21 2 14
github.com/23skdu/longbow/internal/store/persistence.go:238.21,240.78 2 0
github.com/23skdu/longbow/internal/store/persistence.go:240.78,242.2 1 0
github.com/23skdu/longbow/internal/store/persistence.go:244.1,245.15 2 0
github.com/23skdu/longbow/internal/store/persistence.go:245.15,247.2 1 0
github.com/23skdu/longbow/internal/store/persistence.go:247.7,249.2 1 0
github.com/23skdu/longbow/internal/store/persistence.go:251.1,256.11 5 14
github.com/23skdu/longbow/internal/store/persistence.go:259.45,262.23 3 16
github.com/23skdu/longbow/internal/store/persistence.go:262.23,264.2 1 16
github.com/23skdu/longbow/internal/store/persistence.go:265.1,265.15 1 0
github.com/23skdu/longbow/internal/store/persistence.go:265.15,267.2 1 0
github.com/23skdu/longbow/internal/store/persistence.go:269.1,269.31 1 0
github.com/23skdu/longbow/internal/store/persistence.go:269.31,270.62 1 0
github.com/23skdu/longbow/internal/store/persistence.go:270.62,271.9 1 0
github.com/23skdu/longbow/internal/store/persistence.go:273.1,277.15 4 0
github.com/23skdu/longbow/internal/store/persistence.go:277.15,279.9 2 0
github.com/23skdu/longbow/internal/store/persistence.go:281.1,286.15 4 0
github.com/23skdu/longbow/internal/store/persistence.go:286.15,288.9 2 0
github.com/23skdu/longbow/internal/store/persistence.go:291.1,292.51 2 0
github.com/23skdu/longbow/internal/store/persistence.go:292.51,294.2 1 0
github.com/23skdu/longbow/internal/store/persistence.go:295.1,300.20 6 0
github.com/23skdu/longbow/internal/store/persistence.go:302.1,302.11 1 0
github.com/23skdu/longbow/internal/store/persistence.go:305.72,307.24 2 16
github.com/23skdu/longbow/internal/store/persistence.go:307.24,309.2 1 9
github.com/23skdu/longbow/internal/store/persistence.go:312.1,312.40 1 16
github.com/23skdu/longbow/internal/store/persistence.go:312.40,313.18 1 21
github.com/23skdu/longbow/internal/store/persistence.go:313.18,315.2 1 7
github.com/23skdu/longbow/internal/store/persistence.go:316.1,316.16 1 14
github.com/23skdu/longbow/internal/store/persistence.go:319.1,319.5 1 16
github.com/23skdu/longbow/internal/store/persistence.go:319.5,320.8 1 21
github.com/23skdu/longbow/internal/store/persistence.go:321.22,322.36 1 5
github.com/23skdu/longbow/internal/store/persistence.go:322.36,324.2 1 0
github.com/23skdu/longbow/internal/store/persistence.go:325.39,327.18 2 0
github.com/23skdu/longbow/internal/store/persistence.go:327.18,330.2 2 0
github.com/23skdu/longbow/internal/store/persistence.go:331.1,331.20 1 0
github.com/23skdu/longbow/internal/store/persistence.go:331.20,333.2 1 0
github.com/23skdu/longbow/internal/store/persistence.go:334.1,334.30 1 0
github.com/23skdu/longbow/internal/store/persistence.go:340.37,344.24 2 2
github.com/23skdu/longbow/internal/store/persistence.go:344.24,345.43 1 2
github.com/23skdu/longbow/internal/store/persistence.go:345.43,347.2 1 0
github.com/23skdu/longbow/internal/store/persistence.go:348.1,348.19 1 2
github.com/23skdu/longbow/internal/store/persistence.go:351.1,354.21 3 2
github.com/23skdu/longbow/internal/store/persistence.go:354.21,356.40 2 0
github.com/23skdu/longbow/internal/store/persistence.go:356.40,358.2 1 0
github.com/23skdu/longbow/internal/store/persistence.go:359.1,359.41 1 0
github.com/23skdu/longbow/internal/store/persistence.go:359.41,361.2 1 0
github.com/23skdu/longbow/internal/store/persistence.go:362.1,362.16 1 0
github.com/23skdu/longbow/internal/store/persistence.go:364.1,364.11 1 2
github.com/23skdu/longbow/internal/store/pooled_allocator.go:31.44,37.33 2 5
github.com/23skdu/longbow/internal/store/pooled_allocator.go:37.33,40.37 2 100
github.com/23skdu/longbow/internal/store/pooled_allocator.go:40.37,41.27 1 100
github.com/23skdu/longbow/internal/store/pooled_allocator.go:41.27,44.2 2 142
github.com/23skdu/longbow/internal/store/pooled_allocator.go:49.1,49.9 1 5
github.com/23skdu/longbow/internal/store/pooled_allocator.go:54.32,55.14 1 200036
github.com/23skdu/longbow/internal/store/pooled_allocator.go:55.14,57.2 1 1
github.com/23skdu/longbow/internal/store/pooled_allocator.go:58.1,58.33 1 200035
github.com/23skdu/longbow/internal/store/pooled_allocator.go:58.33,60.2 1 3
github.com/23skdu/longbow/internal/store/pooled_allocator.go:63.1,64.25 2 200032
github.com/23skdu/longbow/internal/store/pooled_allocator.go:64.25,66.2 1 640113
github.com/23skdu/longbow/internal/store/pooled_allocator.go:68.1,68.30 1 200032
github.com/23skdu/longbow/internal/store/pooled_allocator.go:73.53,75.12 2 100013
github.com/23skdu/longbow/internal/store/pooled_allocator.go:75.12,79.2 2 1
github.com/23skdu/longbow/internal/store/pooled_allocator.go:81.1,85.20 3 100012
github.com/23skdu/longbow/internal/store/pooled_allocator.go:89.65,90.19 1 2
github.com/23skdu/longbow/internal/store/pooled_allocator.go:90.19,92.2 1 1
github.com/23skdu/longbow/internal/store/pooled_allocator.go:94.1,98.14 4 1
github.com/23skdu/longbow/internal/store/pooled_allocator.go:102.42,103.13 1 100014
github.com/23skdu/longbow/internal/store/pooled_allocator.go:103.13,105.2 1 1
github.com/23skdu/longbow/internal/store/pooled_allocator.go:107.1,108.12 2 100013
github.com/23skdu/longbow/internal/store/pooled_allocator.go:108.12,111.2 1 1
github.com/23skdu/longbow/internal/store/pooled_allocator.go:114.1,115.21 2 100012
github.com/23skdu/longbow/internal/store/pooled_allocator.go:125.56,130.2 1 3
github.com/23skdu/longbow/internal/store/servers.go:20.52,22.2 1 1
github.com/23skdu/longbow/internal/store/servers.go:25.95,28.2 2 0
github.com/23skdu/longbow/internal/store/servers.go:31.75,34.2 2 0
github.com/23skdu/longbow/internal/store/servers.go:37.107,39.2 1 1
github.com/23skdu/longbow/internal/store/servers.go:42.116,44.2 1 1
github.com/23skdu/longbow/internal/store/servers.go:47.114,50.2 2 0
github.com/23skdu/longbow/internal/store/servers.go:53.104,55.2 1 0
github.com/23skdu/longbow/internal/store/servers.go:64.52,69.2 1 1
github.com/23skdu/longbow/internal/store/servers.go:72.107,75.2 2 0
github.com/23skdu/longbow/internal/store/servers.go:78.116,81.2 2 0
github.com/23skdu/longbow/internal/store/servers.go:84.95,86.2 1 1
github.com/23skdu/longbow/internal/store/servers.go:89.75,91.2 1 1
github.com/23skdu/longbow/internal/store/servers.go:94.85,96.2 1 0
github.com/23skdu/longbow/internal/store/servers.go:99.104,100.18 1 0
github.com/23skdu/longbow/internal/store/servers.go:100.18,102.2 1 0
github.com/23skdu/longbow/internal/store/servers.go:103.1,105.20 2 0
github.com/23skdu/longbow/internal/store/servers.go:106.24,107.46 1 0
github.com/23skdu/longbow/internal/store/servers.go:108.9,109.77 1 0
github.com/23skdu/longbow/internal/store/servers.go:114.116,119.57 2 0
github.com/23skdu/longbow/internal/store/servers.go:119.57,121.2 1 0
github.com/23skdu/longbow/internal/store/servers.go:123.1,123.41 1 0
github.com/23skdu/longbow/internal/store/servers.go:123.41,125.2 1 0
github.com/23skdu/longbow/internal/store/servers.go:128.1,129.15 2 0
github.com/23skdu/longbow/internal/store/servers.go:129.15,132.2 2 0
github.com/23skdu/longbow/internal/store/servers.go:133.1,139.16 4 0
github.com/23skdu/longbow/internal/store/servers.go:139.16,141.41 2 0
github.com/23skdu/longbow/internal/store/servers.go:141.41,143.2 1 0
github.com/23skdu/longbow/internal/store/servers.go:145.1,145.33 1 0
github.com/23skdu/longbow/internal/store/servers.go:145.33,147.2 1 0
github.com/23skdu/longbow/internal/store/servers.go:149.1,149.38 1 0
github.com/23skdu/longbow/internal/store/servers.go:149.38,151.2 1 0
github.com/23skdu/longbow/internal/store/servers.go:154.1,154.54 1 0
github.com/23skdu/longbow/internal/store/shard.go:22.34,24.32 2 31
github.com/23skdu/longbow/internal/store/shard.go:24.32,28.2 1 992
github.com/23skdu/longbow/internal/store/shard.go:29.1,29.10 1 31
github.com/23skdu/longbow/internal/store/shard.go:33.51,37.2 3 257101
github.com/23skdu/longbow/internal/store/shard.go:40.57,46.2 5 150197
github.com/23skdu/longbow/internal/store/shard.go:49.53,54.2 4 106866
github.com/23skdu/longbow/internal/store/shard.go:57.43,62.2 4 3
github.com/23skdu/longbow/internal/store/shard.go:65.81,70.31 3 35
github.com/23skdu/longbow/internal/store/shard.go:70.31,73.2 2 25
github.com/23skdu/longbow/internal/store/shard.go:74.1,81.31 4 10
github.com/23skdu/longbow/internal/store/shard.go:81.31,83.2 1 0
github.com/23skdu/longbow/internal/store/shard.go:85.1,87.10 3 10
github.com/23skdu/longbow/internal/store/shard.go:91.33,93.32 2 5
github.com/23skdu/longbow/internal/store/shard.go:93.32,97.2 3 160
github.com/23skdu/longbow/internal/store/shard.go:98.1,98.13 1 5
github.com/23skdu/longbow/internal/store/shard.go:103.69,104.32 1 28
github.com/23skdu/longbow/internal/store/shard.go:104.32,106.41 2 879
github.com/23skdu/longbow/internal/store/shard.go:106.41,107.18 1 36
github.com/23skdu/longbow/internal/store/shard.go:107.18,110.2 2 1
github.com/23skdu/longbow/internal/store/shard.go:112.1,112.26 1 878
github.com/23skdu/longbow/internal/store/shard.go:117.89,118.32 1 0
github.com/23skdu/longbow/internal/store/shard.go:118.32,120.41 2 0
github.com/23skdu/longbow/internal/store/shard.go:120.41,121.20 1 0
github.com/23skdu/longbow/internal/store/shard.go:121.20,123.2 1 0
github.com/23skdu/longbow/internal/store/shard.go:124.1,124.23 1 0
github.com/23skdu/longbow/internal/store/shard.go:126.1,126.25 1 0
github.com/23skdu/longbow/internal/store/shard.go:131.39,133.32 2 1
github.com/23skdu/longbow/internal/store/shard.go:133.32,135.37 2 32
github.com/23skdu/longbow/internal/store/shard.go:135.37,137.2 1 50
github.com/23skdu/longbow/internal/store/shard.go:138.1,138.26 1 32
github.com/23skdu/longbow/internal/store/shard.go:140.1,140.12 1 1
github.com/23skdu/longbow/internal/store/shard.go:144.80,149.2 4 0
github.com/23skdu/longbow/internal/store/shard.go:152.81,157.2 4 0
github.com/23skdu/longbow/internal/store/shutdown.go:21.59,23.79 1 17
github.com/23skdu/longbow/internal/store/shutdown.go:23.79,26.2 2 11
github.com/23skdu/longbow/internal/store/shutdown.go:28.1,38.46 7 6
github.com/23skdu/longbow/internal/store/shutdown.go:38.46,41.2 2 0
github.com/23skdu/longbow/internal/store/shutdown.go:41.7,43.2 1 6
github.com/23skdu/longbow/internal/store/shutdown.go:46.1,47.24 2 6
github.com/23skdu/longbow/internal/store/shutdown.go:47.24,48.43 1 6
github.com/23skdu/longbow/internal/store/shutdown.go:48.43,50.23 2 0
github.com/23skdu/longbow/internal/store/shutdown.go:50.23,52.2 1 0
github.com/23skdu/longbow/internal/store/shutdown.go:53.7,55.2 1 6
github.com/23skdu/longbow/internal/store/shutdown.go:56.1,56.19 1 6
github.com/23skdu/longbow/internal/store/shutdown.go:60.1,60.8 1 6
github.com/23skdu/longbow/internal/store/shutdown.go:61.19,62.59 1 0
github.com/23skdu/longbow/internal/store/shutdown.go:63.9,65.36 2 6
github.com/23skdu/longbow/internal/store/shutdown.go:65.36,68.2 1 0
github.com/23skdu/longbow/internal/store/shutdown.go:68.7,71.39 2 6
github.com/23skdu/longbow/internal/store/shutdown.go:71.39,73.2 1 0
github.com/23skdu/longbow/internal/store/shutdown.go:73.7,75.2 1 6
github.com/23skdu/longbow/internal/store/shutdown.go:80.1,81.21 2 6
github.com/23skdu/longbow/internal/store/shutdown.go:81.21,83.40 2 0
github.com/23skdu/longbow/internal/store/shutdown.go:83.40,85.2 1 0
github.com/23skdu/longbow/internal/store/shutdown.go:86.1,86.41 1 0
github.com/23skdu/longbow/internal/store/shutdown.go:86.41,88.23 2 0
github.com/23skdu/longbow/internal/store/shutdown.go:88.23,90.2 1 0
github.com/23skdu/longbow/internal/store/shutdown.go:91.7,93.2 1 0
github.com/23skdu/longbow/internal/store/shutdown.go:94.1,94.16 1 0
github.com/23skdu/longbow/internal/store/shutdown.go:96.1,101.11 4 6
github.com/23skdu/longbow/internal/store/shutdown.go:101.11,104.2 2 6
github.com/23skdu/longbow/internal/store/shutdown.go:106.1,106.8 1 6
github.com/23skdu/longbow/internal/store/shutdown.go:107.13,108.38 1 6
github.com/23skdu/longbow/internal/store/shutdown.go:109.19,111.23 2 0
github.com/23skdu/longbow/internal/store/shutdown.go:111.23,113.2 1 0
github.com/23skdu/longbow/internal/store/shutdown.go:116.1,117.23 2 6
github.com/23skdu/longbow/internal/store/shutdown.go:117.23,119.2 1 0
github.com/23skdu/longbow/internal/store/shutdown.go:119.7,121.2 1 6
github.com/23skdu/longbow/internal/store/shutdown.go:123.1,123.19 1 6
github.com/23skdu/longbow/internal/store/shutdown.go:127.66,133.11 3 6
github.com/23skdu/longbow/internal/store/shutdown.go:133.11,136.2 2 6
github.com/23skdu/longbow/internal/store/shutdown.go:138.1,138.8 1 6
github.com/23skdu/longbow/internal/store/shutdown.go:139.13,140.11 1 6
github.com/23skdu/longbow/internal/store/shutdown.go:141.19,142.17 1 0
github.com/23skdu/longbow/internal/store/shutdown.go:148.43,155.21 4 7
github.com/23skdu/longbow/internal/store/shutdown.go:155.21,156.40 1 0
github.com/23skdu/longbow/internal/store/shutdown.go:156.40,158.2 1 0
github.com/23skdu/longbow/internal/store/shutdown.go:159.1,159.41 1 0
github.com/23skdu/longbow/internal/store/shutdown.go:159.41,161.2 1 0
github.com/23skdu/longbow/internal/store/shutdown.go:162.1,162.16 1 0
github.com/23skdu/longbow/internal/store/shutdown.go:166.1,167.15 2 7
github.com/23skdu/longbow/internal/store/shutdown.go:167.15,169.2 1 0
github.com/23skdu/longbow/internal/store/shutdown.go:170.1,170.33 1 7
github.com/23skdu/longbow/internal/store/shutdown.go:170.33,172.2 1 0
github.com/23skdu/longbow/internal/store/shutdown.go:174.1,175.11 2 7
github.com/23skdu/longbow/internal/store/shutdown.go:179.41,181.2 1 2
github.com/23skdu/longbow/internal/store/store.go:44.42,46.2 1 4
github.com/23skdu/longbow/internal/store/store.go:48.46,50.2 1 13
github.com/23skdu/longbow/internal/store/store.go:79.125,94.19 4 23
github.com/23skdu/longbow/internal/store/store.go:94.19,96.2 1 8
github.com/23skdu/longbow/internal/store/store.go:97.1,97.9 1 23
github.com/23skdu/longbow/internal/store/store.go:101.97,110.8 6 1
github.com/23skdu/longbow/internal/store/store.go:111.42,112.88 1 1
github.com/23skdu/longbow/internal/store/store.go:113.9,115.8 1 0
github.com/23skdu/longbow/internal/store/store.go:116.24,116.24 0 0
github.com/23skdu/longbow/internal/store/store.go:117.9,117.9 0 0
github.com/23skdu/longbow/internal/store/store.go:119.1,120.107 2 0
github.com/23skdu/longbow/internal/store/store.go:138.92,139.23 1 15
github.com/23skdu/longbow/internal/store/store.go:139.23,141.3 1 0
github.com/23skdu/longbow/internal/store/store.go:143.2,143.28 1 15
github.com/23skdu/longbow/internal/store/store.go:143.28,144.18 1 18
github.com/23skdu/longbow/internal/store/store.go:145.15,146.22 1 9
github.com/23skdu/longbow/internal/store/store.go:147.13,148.24 1 0
github.com/23skdu/longbow/internal/store/store.go:148.24,150.6 1 0
github.com/23skdu/longbow/internal/store/store.go:151.14,152.24 1 0
github.com/23skdu/longbow/internal/store/store.go:152.24,154.6 1 0
github.com/23skdu/longbow/internal/store/store.go:155.20,156.41 1 9
github.com/23skdu/longbow/internal/store/store.go:156.41,158.6 1 2
github.com/23skdu/longbow/internal/store/store.go:160.15,163.27 2 9
github.com/23skdu/longbow/internal/store/store.go:163.27,165.5 1 9
github.com/23skdu/longbow/internal/store/store.go:166.4,167.18 2 9
github.com/23skdu/longbow/internal/store/store.go:167.18,168.13 1 0
github.com/23skdu/longbow/internal/store/store.go:170.4,170.22 1 9
github.com/23skdu/longbow/internal/store/store.go:171.13,172.25 1 0
github.com/23skdu/longbow/internal/store/store.go:172.25,174.6 1 0
github.com/23skdu/longbow/internal/store/store.go:175.13,176.25 1 6
github.com/23skdu/longbow/internal/store/store.go:176.25,178.6 1 3
github.com/23skdu/longbow/internal/store/store.go:179.13,180.25 1 0
github.com/23skdu/longbow/internal/store/store.go:180.25,182.6 1 0
github.com/23skdu/longbow/internal/store/store.go:183.14,184.24 1 0
github.com/23skdu/longbow/internal/store/store.go:184.24,186.6 1 0
github.com/23skdu/longbow/internal/store/store.go:187.14,188.24 1 3
github.com/23skdu/longbow/internal/store/store.go:188.24,190.6 1 2
github.com/23skdu/longbow/internal/store/store.go:194.2,194.13 1 8
github.com/23skdu/longbow/internal/store/store.go:198.108,202.38 3 5
github.com/23skdu/longbow/internal/store/store.go:202.38,203.60 1 5
github.com/23skdu/longbow/internal/store/store.go:203.60,205.2 1 0
github.com/23skdu/longbow/internal/store/store.go:210.1,212.53 2 5
github.com/23skdu/longbow/internal/store/store.go:212.53,216.46 4 15
github.com/23skdu/longbow/internal/store/store.go:216.46,218.2 1 7
github.com/23skdu/longbow/internal/store/store.go:220.1,227.12 3 8
github.com/23skdu/longbow/internal/store/store.go:231.1,231.28 1 5
github.com/23skdu/longbow/internal/store/store.go:231.28,232.41 1 8
github.com/23skdu/longbow/internal/store/store.go:232.41,234.40 2 0
github.com/23skdu/longbow/internal/store/store.go:234.40,236.2 1 0
github.com/23skdu/longbow/internal/store/store.go:237.1,238.11 2 0
github.com/23skdu/longbow/internal/store/store.go:241.1,241.11 1 5
github.com/23skdu/longbow/internal/store/store.go:245.117,246.25 1 0
github.com/23skdu/longbow/internal/store/store.go:246.25,248.3 1 0
github.com/23skdu/longbow/internal/store/store.go:249.2,253.32 3 0
github.com/23skdu/longbow/internal/store/store.go:253.32,255.2 1 0
github.com/23skdu/longbow/internal/store/store.go:256.1,260.25 4 0
github.com/23skdu/longbow/internal/store/store.go:260.25,262.3 1 0
github.com/23skdu/longbow/internal/store/store.go:264.2,269.8 1 0
github.com/23skdu/longbow/internal/store/store.go:273.96,282.78 6 5
github.com/23skdu/longbow/internal/store/store.go:282.78,285.2 2 5
github.com/23skdu/longbow/internal/store/store.go:287.1,290.8 3 5
github.com/23skdu/longbow/internal/store/store.go:290.8,292.3 1 5
github.com/23skdu/longbow/internal/store/store.go:294.1,296.8 2 5
github.com/23skdu/longbow/internal/store/store.go:296.8,299.2 2 0
github.com/23skdu/longbow/internal/store/store.go:301.1,301.19 1 5
github.com/23skdu/longbow/internal/store/store.go:301.19,303.2 1 0
github.com/23skdu/longbow/internal/store/store.go:305.1,306.14 2 5
github.com/23skdu/longbow/internal/store/store.go:306.14,306.31 1 5
github.com/23skdu/longbow/internal/store/store.go:308.1,311.26 3 5
github.com/23skdu/longbow/internal/store/store.go:311.26,312.35 1 5
github.com/23skdu/longbow/internal/store/store.go:312.35,313.6 1 0
github.com/23skdu/longbow/internal/store/store.go:317.1,318.15 2 5
github.com/23skdu/longbow/internal/store/store.go:318.15,322.2 3 0
github.com/23skdu/longbow/internal/store/store.go:324.1,324.31 1 5
github.com/23skdu/longbow/internal/store/store.go:324.31,326.9 2 0
github.com/23skdu/longbow/internal/store/store.go:329.1,331.56 3 5
github.com/23skdu/longbow/internal/store/store.go:331.56,335.2 3 0
github.com/23skdu/longbow/internal/store/store.go:337.1,337.40 1 5
github.com/23skdu/longbow/internal/store/store.go:337.40,338.11 1 0
github.com/23skdu/longbow/internal/store/store.go:338.11,338.32 1 0
github.com/23skdu/longbow/internal/store/store.go:339.1,342.11 4 0
github.com/23skdu/longbow/internal/store/store.go:344.1,346.11 2 5
github.com/23skdu/longbow/internal/store/store.go:346.11,346.32 1 0
github.com/23skdu/longbow/internal/store/store.go:347.1,347.22 1 5
github.com/23skdu/longbow/internal/store/store.go:350.1,354.11 4 5
github.com/23skdu/longbow/internal/store/store.go:358.76,363.16 4 9
github.com/23skdu/longbow/internal/store/store.go:363.16,366.3 2 0
github.com/23skdu/longbow/internal/store/store.go:367.2,371.75 3 9
github.com/23skdu/longbow/internal/store/store.go:371.75,373.3 1 9
github.com/23skdu/longbow/internal/store/store.go:376.2,376.62 1 9
github.com/23skdu/longbow/internal/store/store.go:376.62,379.40 3 1
github.com/23skdu/longbow/internal/store/store.go:379.40,382.60 1 1
github.com/23skdu/longbow/internal/store/store.go:382.60,385.43 2 0
github.com/23skdu/longbow/internal/store/store.go:385.43,386.34 1 0
github.com/23skdu/longbow/internal/store/store.go:386.34,388.6 2 0
github.com/23skdu/longbow/internal/store/store.go:391.1,391.15 1 0
github.com/23skdu/longbow/internal/store/store.go:391.15,393.38 1 0
github.com/23skdu/longbow/internal/store/store.go:393.38,398.2 4 0
github.com/23skdu/longbow/internal/store/store.go:399.7,401.2 1 0
github.com/23skdu/longbow/internal/store/store.go:402.7,404.2 1 1
github.com/23skdu/longbow/internal/store/store.go:408.2,410.15 2 8
github.com/23skdu/longbow/internal/store/store.go:410.15,413.17 3 8
github.com/23skdu/longbow/internal/store/store.go:413.17,416.4 2 0
github.com/23skdu/longbow/internal/store/store.go:417.3,420.60 3 8
github.com/23skdu/longbow/internal/store/store.go:420.60,425.4 4 0
github.com/23skdu/longbow/internal/store/store.go:426.3,429.53 3 8
github.com/23skdu/longbow/internal/store/store.go:429.53,433.4 3 8
github.com/23skdu/longbow/internal/store/store.go:434.1,442.25 6 8
github.com/23skdu/longbow/internal/store/store.go:442.25,443.55 1 8
github.com/23skdu/longbow/internal/store/store.go:443.55,447.4 2 0
github.com/23skdu/longbow/internal/store/store.go:450.2,453.30 3 8
github.com/23skdu/longbow/internal/store/store.go:453.30,459.2 1 71
github.com/23skdu/longbow/internal/store/store.go:461.1,461.27 1 8
github.com/23skdu/longbow/internal/store/store.go:464.2,464.20 1 8
github.com/23skdu/longbow/internal/store/store.go:464.20,467.3 2 0
github.com/23skdu/longbow/internal/store/store.go:469.2,473.12 4 8
github.com/23skdu/longbow/internal/store/store.go:477.105,480.21 2 3
github.com/23skdu/longbow/internal/store/store.go:481.22,484.40 3 1
github.com/23skdu/longbow/internal/store/store.go:484.40,487.24 3 0
github.com/23skdu/longbow/internal/store/store.go:487.24,490.2 2 0
github.com/23skdu/longbow/internal/store/store.go:491.1,493.23 3 0
github.com/23skdu/longbow/internal/store/store.go:495.3,497.67 3 1
github.com/23skdu/longbow/internal/store/store.go:497.67,499.4 1 0
github.com/23skdu/longbow/internal/store/store.go:501.19,510.67 5 1
github.com/23skdu/longbow/internal/store/store.go:510.67,512.4 1 0
github.com/23skdu/longbow/internal/store/store.go:514.24,515.38 1 0
github.com/23skdu/longbow/internal/store/store.go:515.38,517.68 2 0
github.com/23skdu/longbow/internal/store/store.go:517.68,519.5 1 0
github.com/23skdu/longbow/internal/store/store.go:520.4,520.14 1 0
github.com/23skdu/longbow/internal/store/store.go:522.3,523.67 2 0
github.com/23skdu/longbow/internal/store/store.go:523.67,525.4 1 0
github.com/23skdu/longbow/internal/store/store.go:527.10,528.55 1 1
github.com/23skdu/longbow/internal/store/store.go:530.2,530.12 1 2
github.com/23skdu/longbow/internal/store/store.go:533.50,534.16 1 37
github.com/23skdu/longbow/internal/store/store.go:534.16,536.3 1 0
github.com/23skdu/longbow/internal/store/store.go:537.2,538.36 2 37
github.com/23skdu/longbow/internal/store/store.go:538.36,539.38 1 75
github.com/23skdu/longbow/internal/store/store.go:539.38,540.12 1 0
github.com/23skdu/longbow/internal/store/store.go:542.3,542.44 1 75
github.com/23skdu/longbow/internal/store/store.go:542.44,543.18 1 124
github.com/23skdu/longbow/internal/store/store.go:543.18,545.5 1 61
github.com/23skdu/longbow/internal/store/store.go:548.2,548.13 1 37
github.com/23skdu/longbow/internal/store/store.go:553.115,554.22 1 5
github.com/23skdu/longbow/internal/store/store.go:554.22,557.2 2 1
github.com/23skdu/longbow/internal/store/store.go:559.1,561.27 2 4
github.com/23skdu/longbow/internal/store/store.go:561.27,563.22 2 5
github.com/23skdu/longbow/internal/store/store.go:563.22,564.9 1 0
github.com/23skdu/longbow/internal/store/store.go:566.1,570.28 4 5
github.com/23skdu/longbow/internal/store/store.go:571.19,572.44 1 2
github.com/23skdu/longbow/internal/store/store.go:573.18,575.15 2 2
github.com/23skdu/longbow/internal/store/store.go:575.15,576.9 1 0
github.com/23skdu/longbow/internal/store/store.go:578.1,578.37 1 2
github.com/23skdu/longbow/internal/store/store.go:579.25,581.18 2 0
github.com/23skdu/longbow/internal/store/store.go:581.18,582.13 1 0
github.com/23skdu/longbow/internal/store/store.go:584.4,585.84 2 0
github.com/23skdu/longbow/internal/store/store.go:586.20,588.15 2 1
github.com/23skdu/longbow/internal/store/store.go:588.15,589.9 1 0
github.com/23skdu/longbow/internal/store/store.go:591.1,591.39 1 1
github.com/23skdu/longbow/internal/store/store.go:592.9,593.9 1 0
github.com/23skdu/longbow/internal/store/store.go:596.1,597.19 2 5
github.com/23skdu/longbow/internal/store/store.go:598.10,598.23 1 2
github.com/23skdu/longbow/internal/store/store.go:599.11,599.28 1 0
github.com/23skdu/longbow/internal/store/store.go:600.10,600.25 1 2
github.com/23skdu/longbow/internal/store/store.go:601.10,601.22 1 0
github.com/23skdu/longbow/internal/store/store.go:602.11,602.32 1 0
github.com/23skdu/longbow/internal/store/store.go:603.11,603.29 1 1
github.com/23skdu/longbow/internal/store/store.go:604.9,605.9 1 0
github.com/23skdu/longbow/internal/store/store.go:608.1,613.15 3 5
github.com/23skdu/longbow/internal/store/store.go:613.15,615.2 1 0
github.com/23skdu/longbow/internal/store/store.go:617.1,619.16 2 5
github.com/23skdu/longbow/internal/store/store.go:619.16,621.2 1 4
github.com/23skdu/longbow/internal/store/store.go:621.7,625.15 4 1
github.com/23skdu/longbow/internal/store/store.go:625.15,627.2 1 0
github.com/23skdu/longbow/internal/store/store.go:628.1,628.65 1 1
github.com/23skdu/longbow/internal/store/store.go:632.1,632.16 1 4
github.com/23skdu/longbow/internal/store/store.go:632.16,635.2 2 0
github.com/23skdu/longbow/internal/store/store.go:636.1,639.15 3 4
github.com/23skdu/longbow/internal/store/store.go:639.15,641.2 1 0
github.com/23skdu/longbow/internal/store/store.go:642.1,642.51 1 4
github.com/23skdu/longbow/internal/store/store.go:647.67,649.11 2 1
github.com/23skdu/longbow/internal/store/store.go:649.11,650.20 1 1
github.com/23skdu/longbow/internal/store/store.go:650.20,652.2 1 5
github.com/23skdu/longbow/internal/store/store.go:657.34,658.23 1 6
github.com/23skdu/longbow/internal/store/store.go:658.23,660.2 1 0
github.com/23skdu/longbow/internal/store/store.go:662.1,670.53 6 6
github.com/23skdu/longbow/internal/store/store.go:670.53,671.45 1 2
github.com/23skdu/longbow/internal/store/store.go:671.45,673.2 1 1
github.com/23skdu/longbow/internal/store/store.go:674.1,674.12 1 2
github.com/23skdu/longbow/internal/store/store.go:678.1,678.30 1 6
github.com/23skdu/longbow/internal/store/store.go:678.30,680.8 2 1
github.com/23skdu/longbow/internal/store/store.go:680.8,681.9 1 0
github.com/23skdu/longbow/internal/store/store.go:683.1,684.30 2 1
github.com/23skdu/longbow/internal/store/store.go:684.30,687.2 2 0
github.com/23skdu/longbow/internal/store/store.go:688.1,693.52 6 1
github.com/23skdu/longbow/internal/store/store.go:695.1,695.21 1 6
github.com/23skdu/longbow/internal/store/store.go:695.21,697.2 1 1
github.com/23skdu/longbow/internal/store/store.go:701.52,704.61 1 1
github.com/23skdu/longbow/internal/store/store.go:704.61,709.53 4 1
github.com/23skdu/longbow/internal/store/store.go:709.53,710.48 1 2
github.com/23skdu/longbow/internal/store/store.go:710.48,714.2 3 1
github.com/23skdu/longbow/internal/store/store.go:715.1,715.12 1 2
github.com/23skdu/longbow/internal/store/store.go:718.1,718.10 1 1
github.com/23skdu/longbow/internal/store/store.go:718.10,721.2 1 0
github.com/23skdu/longbow/internal/store/store.go:724.1,724.44 1 1
github.com/23skdu/longbow/internal/store/store.go:724.44,726.30 2 1
github.com/23skdu/longbow/internal/store/store.go:726.30,729.2 2 1
github.com/23skdu/longbow/internal/store/store.go:730.1,734.52 5 1
github.com/23skdu/longbow/internal/store/store.go:737.1,737.11 1 1
github.com/23skdu/longbow/internal/store/store.go:740.46,742.30 2 1
github.com/23skdu/longbow/internal/store/store.go:742.30,744.2 1 0
github.com/23skdu/longbow/internal/store/store.go:745.1,745.12 1 1
github.com/23skdu/longbow/internal/store/store.go:749.79,750.39 1 8
github.com/23skdu/longbow/internal/store/store.go:750.39,753.2 2 0
github.com/23skdu/longbow/internal/store/store.go:756.1,769.41 10 8
github.com/23skdu/longbow/internal/store/store.go:769.41,771.2 1 71
github.com/23skdu/longbow/internal/store/store.go:772.1,777.35 4 8
github.com/23skdu/longbow/internal/store/store.go:777.35,779.2 1 13
github.com/23skdu/longbow/internal/store/store.go:780.1,783.19 3 8
github.com/23skdu/longbow/internal/store/store.go:788.66,790.12 2 23
github.com/23skdu/longbow/internal/store/store.go:790.12,791.22 1 23
github.com/23skdu/longbow/internal/store/store.go:791.22,793.4 1 0
github.com/23skdu/longbow/internal/store/store.go:797.45,801.15 3 0
github.com/23skdu/longbow/internal/store/store.go:801.15,804.3 2 0
github.com/23skdu/longbow/internal/store/store.go:807.61,809.46 2 8
github.com/23skdu/longbow/internal/store/store.go:809.46,810.29 1 19
github.com/23skdu/longbow/internal/store/store.go:810.29,814.9 4 2
github.com/23skdu/longbow/internal/store/store.go:820.50,822.9 2 2
github.com/23skdu/longbow/internal/store/store.go:822.9,824.3 1 0
github.com/23skdu/longbow/internal/store/store.go:827.2,830.41 2 2
github.com/23skdu/longbow/internal/store/store.go:830.41,832.3 1 0
github.com/23skdu/longbow/internal/store/store.go:833.2,842.37 6 2
github.com/23skdu/longbow/internal/store/store.go:842.37,846.27 3 2
github.com/23skdu/longbow/internal/store/store.go:846.27,847.9 1 0
github.com/23skdu/longbow/internal/store/store.go:850.3,851.32 2 2
github.com/23skdu/longbow/internal/store/store.go:851.32,854.4 2 4
github.com/23skdu/longbow/internal/store/store.go:855.3,856.10 2 2
github.com/23skdu/longbow/internal/store/store.go:859.2,859.16 1 2
github.com/23skdu/longbow/internal/store/store.go:859.16,861.3 1 0
github.com/23skdu/longbow/internal/store/store.go:862.2,862.35 1 2
github.com/23skdu/longbow/internal/store/store.go:867.67,869.11 2 8
github.com/23skdu/longbow/internal/store/store.go:869.11,870.20 1 8
github.com/23skdu/longbow/internal/store/store.go:870.20,872.2 1 0
github.com/23skdu/longbow/internal/store/store.go:877.38,883.33 5 1
github.com/23skdu/longbow/internal/store/store.go:883.33,885.2 1 0
github.com/23skdu/longbow/internal/store/store.go:888.1,890.15 3 1
github.com/23skdu/longbow/internal/store/store.go:890.15,891.24 1 0
github.com/23skdu/longbow/internal/store/store.go:891.24,893.2 1 0
github.com/23skdu/longbow/internal/store/store.go:894.1,894.7 1 0
github.com/23skdu/longbow/internal/store/store.go:897.1,897.24 1 1
github.com/23skdu/longbow/internal/store/store.go:897.24,899.36 2 1
github.com/23skdu/longbow/internal/store/store.go:899.36,901.2 1 0
github.com/23skdu/longbow/internal/store/store.go:906.60,907.34 1 23
github.com/23skdu/longbow/internal/store/store.go:907.34,909.13 2 230
github.com/23skdu/longbow/internal/store/store.go:909.13,911.33 2 230
github.com/23skdu/longbow/internal/store/store.go:911.33,915.31 4 171
github.com/23skdu/longbow/internal/store/store.go:915.31,916.14 1 100
github.com/23skdu/longbow/internal/store/store.go:918.5,918.66 1 71
github.com/23skdu/longbow/internal/store/store.go:918.66,920.6 1 0
github.com/23skdu/longbow/internal/store/test_helpers.go:8.32,10.2 1 6
