mode: set
github.com/23skdu/longbow/internal/onnx/onnx.go:22.19,23.17 1 1
github.com/23skdu/longbow/internal/onnx/onnx.go:23.17,26.20 2 1
github.com/23skdu/longbow/internal/onnx/onnx.go:26.20,27.32 1 1
github.com/23skdu/longbow/internal/onnx/onnx.go:27.32,29.47 2 1
github.com/23skdu/longbow/internal/onnx/onnx.go:29.47,31.6 1 1
github.com/23skdu/longbow/internal/onnx/onnx.go:32.10,32.38 1 0
github.com/23skdu/longbow/internal/onnx/onnx.go:32.38,34.47 2 0
github.com/23skdu/longbow/internal/onnx/onnx.go:34.47,36.6 1 0
github.com/23skdu/longbow/internal/onnx/onnx.go:37.10,39.5 1 0
github.com/23skdu/longbow/internal/onnx/onnx.go:42.3,43.53 2 1
github.com/23skdu/longbow/internal/onnx/onnx.go:43.53,45.4 1 1
github.com/23skdu/longbow/internal/onnx/onnx.go:45.9,47.4 1 0
github.com/23skdu/longbow/internal/onnx/onnx.go:49.2,49.16 1 1
github.com/23skdu/longbow/internal/onnx/onnx.go:62.53,64.82 1 1
github.com/23skdu/longbow/internal/onnx/onnx.go:64.82,66.17 2 0
github.com/23skdu/longbow/internal/onnx/onnx.go:66.17,67.54 1 0
github.com/23skdu/longbow/internal/onnx/onnx.go:67.54,72.5 1 0
github.com/23skdu/longbow/internal/onnx/onnx.go:73.4,73.18 1 0
github.com/23skdu/longbow/internal/onnx/onnx.go:78.2,78.31 1 1
github.com/23skdu/longbow/internal/onnx/onnx.go:78.31,80.3 1 1
github.com/23skdu/longbow/internal/onnx/onnx.go:83.2,84.16 2 0
github.com/23skdu/longbow/internal/onnx/onnx.go:84.16,86.3 1 0
github.com/23skdu/longbow/internal/onnx/onnx.go:87.2,89.29 2 0
github.com/23skdu/longbow/internal/onnx/onnx.go:89.29,92.3 1 0
github.com/23skdu/longbow/internal/onnx/onnx.go:95.2,98.16 4 0
github.com/23skdu/longbow/internal/onnx/onnx.go:98.16,100.3 1 0
github.com/23skdu/longbow/internal/onnx/onnx.go:102.2,110.15 4 0
github.com/23skdu/longbow/internal/onnx/onnx.go:116.94,117.15 1 1
github.com/23skdu/longbow/internal/onnx/onnx.go:117.15,119.3 1 0
github.com/23skdu/longbow/internal/onnx/onnx.go:121.2,121.25 1 1
github.com/23skdu/longbow/internal/onnx/onnx.go:121.25,123.3 1 1
github.com/23skdu/longbow/internal/onnx/onnx.go:125.2,126.18 2 0
github.com/23skdu/longbow/internal/onnx/onnx.go:126.18,128.3 1 0
github.com/23skdu/longbow/internal/onnx/onnx.go:137.2,142.27 4 0
github.com/23skdu/longbow/internal/onnx/onnx.go:142.27,145.49 3 0
github.com/23skdu/longbow/internal/onnx/onnx.go:145.49,148.4 2 0
github.com/23skdu/longbow/internal/onnx/onnx.go:152.2,166.36 8 0
github.com/23skdu/longbow/internal/onnx/onnx.go:166.36,167.31 1 0
github.com/23skdu/longbow/internal/onnx/onnx.go:167.31,169.9 2 0
github.com/23skdu/longbow/internal/onnx/onnx.go:172.2,172.21 1 0
github.com/23skdu/longbow/internal/onnx/onnx.go:172.21,177.3 4 0
github.com/23skdu/longbow/internal/onnx/onnx.go:179.2,181.36 2 0
github.com/23skdu/longbow/internal/onnx/onnx.go:181.36,182.37 1 0
github.com/23skdu/longbow/internal/onnx/onnx.go:182.37,184.4 1 0
github.com/23skdu/longbow/internal/onnx/onnx.go:187.2,189.16 3 0
github.com/23skdu/longbow/internal/onnx/onnx.go:189.16,191.3 1 0
github.com/23skdu/longbow/internal/onnx/onnx.go:192.2,192.15 1 0
github.com/23skdu/longbow/internal/onnx/onnx.go:192.15,193.29 1 0
github.com/23skdu/longbow/internal/onnx/onnx.go:193.29,194.16 1 0
github.com/23skdu/longbow/internal/onnx/onnx.go:194.16,196.5 1 0
github.com/23skdu/longbow/internal/onnx/onnx.go:201.2,201.23 1 0
github.com/23skdu/longbow/internal/onnx/onnx.go:201.23,203.3 1 0
github.com/23skdu/longbow/internal/onnx/onnx.go:205.2,206.36 2 0
github.com/23skdu/longbow/internal/onnx/onnx.go:209.33,210.15 1 1
github.com/23skdu/longbow/internal/onnx/onnx.go:210.15,212.3 1 0
github.com/23skdu/longbow/internal/onnx/onnx.go:213.2,213.25 1 1
github.com/23skdu/longbow/internal/onnx/onnx.go:213.25,215.3 1 0
github.com/23skdu/longbow/internal/onnx/onnx.go:216.2,216.12 1 1
github.com/23skdu/longbow/internal/simd/batch_operations.go:17.103,18.34 1 1
github.com/23skdu/longbow/internal/simd/batch_operations.go:18.34,20.3 1 0
github.com/23skdu/longbow/internal/simd/batch_operations.go:21.2,21.23 1 1
github.com/23skdu/longbow/internal/simd/batch_operations.go:21.23,23.3 1 0
github.com/23skdu/longbow/internal/simd/batch_operations.go:24.2,24.63 1 1
github.com/23skdu/longbow/internal/simd/batch_operations.go:29.92,30.34 1 1
github.com/23skdu/longbow/internal/simd/batch_operations.go:30.34,32.3 1 0
github.com/23skdu/longbow/internal/simd/batch_operations.go:33.2,33.23 1 1
github.com/23skdu/longbow/internal/simd/batch_operations.go:33.23,35.3 1 0
github.com/23skdu/longbow/internal/simd/batch_operations.go:36.2,37.17 2 1
github.com/23skdu/longbow/internal/simd/batch_operations.go:37.17,38.29 1 0
github.com/23skdu/longbow/internal/simd/batch_operations.go:38.29,39.33 1 0
github.com/23skdu/longbow/internal/simd/batch_operations.go:39.33,41.13 2 0
github.com/23skdu/longbow/internal/simd/batch_operations.go:43.4,44.18 2 0
github.com/23skdu/longbow/internal/simd/batch_operations.go:46.3,46.13 1 0
github.com/23skdu/longbow/internal/simd/batch_operations.go:48.2,48.17 1 1
github.com/23skdu/longbow/internal/simd/batch_operations.go:48.17,49.29 1 1
github.com/23skdu/longbow/internal/simd/batch_operations.go:49.29,50.33 1 1
github.com/23skdu/longbow/internal/simd/batch_operations.go:50.33,52.13 2 0
github.com/23skdu/longbow/internal/simd/batch_operations.go:54.4,55.18 2 1
github.com/23skdu/longbow/internal/simd/batch_operations.go:57.3,57.13 1 1
github.com/23skdu/longbow/internal/simd/batch_operations.go:59.2,59.72 1 1
github.com/23skdu/longbow/internal/simd/batch_operations.go:64.110,65.21 1 1
github.com/23skdu/longbow/internal/simd/batch_operations.go:65.21,67.3 1 0
github.com/23skdu/longbow/internal/simd/batch_operations.go:68.2,68.17 1 1
github.com/23skdu/longbow/internal/simd/batch_operations.go:68.17,69.35 1 0
github.com/23skdu/longbow/internal/simd/batch_operations.go:69.35,74.4 4 0
github.com/23skdu/longbow/internal/simd/batch_operations.go:75.3,75.13 1 0
github.com/23skdu/longbow/internal/simd/batch_operations.go:77.2,77.17 1 1
github.com/23skdu/longbow/internal/simd/batch_operations.go:77.17,78.35 1 1
github.com/23skdu/longbow/internal/simd/batch_operations.go:78.35,83.4 4 1
github.com/23skdu/longbow/internal/simd/batch_operations.go:84.3,84.13 1 1
github.com/23skdu/longbow/internal/simd/batch_operations.go:86.2,86.98 1 0
github.com/23skdu/longbow/internal/simd/batch_operations.go:91.100,92.34 1 1
github.com/23skdu/longbow/internal/simd/batch_operations.go:92.34,94.3 1 0
github.com/23skdu/longbow/internal/simd/batch_operations.go:95.2,95.23 1 1
github.com/23skdu/longbow/internal/simd/batch_operations.go:95.23,97.3 1 0
github.com/23skdu/longbow/internal/simd/batch_operations.go:98.2,99.32 2 1
github.com/23skdu/longbow/internal/simd/batch_operations.go:99.32,102.3 1 1
github.com/23skdu/longbow/internal/simd/batch_operations.go:103.2,103.68 1 0
github.com/23skdu/longbow/internal/simd/batch_operations.go:107.89,108.34 1 1
github.com/23skdu/longbow/internal/simd/batch_operations.go:108.34,110.3 1 0
github.com/23skdu/longbow/internal/simd/batch_operations.go:111.2,111.23 1 1
github.com/23skdu/longbow/internal/simd/batch_operations.go:111.23,113.3 1 0
github.com/23skdu/longbow/internal/simd/batch_operations.go:114.2,114.63 1 1
github.com/23skdu/longbow/internal/simd/batch_operations.go:119.90,120.44 1 1
github.com/23skdu/longbow/internal/simd/batch_operations.go:120.44,122.3 1 0
github.com/23skdu/longbow/internal/simd/batch_operations.go:123.2,123.12 1 1
github.com/23skdu/longbow/internal/simd/batch_operations.go:123.12,125.3 1 0
github.com/23skdu/longbow/internal/simd/batch_operations.go:126.2,126.59 1 1
github.com/23skdu/longbow/internal/simd/batch_operations.go:131.89,132.23 1 1
github.com/23skdu/longbow/internal/simd/batch_operations.go:132.23,134.3 1 0
github.com/23skdu/longbow/internal/simd/batch_operations.go:135.2,135.33 1 1
github.com/23skdu/longbow/internal/simd/batch_operations.go:135.33,137.3 1 0
github.com/23skdu/longbow/internal/simd/batch_operations.go:138.2,141.12 4 1
github.com/23skdu/longbow/internal/simd/batch_operations.go:146.85,147.23 1 1
github.com/23skdu/longbow/internal/simd/batch_operations.go:147.23,149.3 1 0
github.com/23skdu/longbow/internal/simd/batch_operations.go:150.2,150.33 1 1
github.com/23skdu/longbow/internal/simd/batch_operations.go:150.33,152.3 1 0
github.com/23skdu/longbow/internal/simd/batch_operations.go:153.2,156.12 4 1
github.com/23skdu/longbow/internal/simd/batch_operations.go:160.39,162.24 2 1
github.com/23skdu/longbow/internal/simd/batch_operations.go:162.24,164.3 1 1
github.com/23skdu/longbow/internal/simd/batch_operations.go:165.2,165.12 1 1
github.com/23skdu/longbow/internal/simd/batch_operations.go:168.48,169.19 1 1
github.com/23skdu/longbow/internal/simd/batch_operations.go:169.19,171.3 1 0
github.com/23skdu/longbow/internal/simd/batch_operations.go:172.2,174.41 3 1
github.com/23skdu/longbow/internal/simd/bitops_arm64.go:9.13,12.2 1 1
github.com/23skdu/longbow/internal/simd/bitops_arm64.go:17.37,18.17 1 1
github.com/23skdu/longbow/internal/simd/bitops_arm64.go:18.17,20.3 1 1
github.com/23skdu/longbow/internal/simd/bitops_arm64.go:21.2,21.80 1 1
github.com/23skdu/longbow/internal/simd/cpu_detection.go:25.18,48.9 6 1
github.com/23skdu/longbow/internal/simd/cpu_detection.go:49.26,50.28 1 0
github.com/23skdu/longbow/internal/simd/cpu_detection.go:51.24,53.71 1 0
github.com/23skdu/longbow/internal/simd/cpu_detection.go:53.71,55.4 1 0
github.com/23skdu/longbow/internal/simd/cpu_detection.go:55.9,57.4 1 0
github.com/23skdu/longbow/internal/simd/cpu_detection.go:58.24,59.26 1 1
github.com/23skdu/longbow/internal/simd/cpu_detection.go:60.10,61.29 1 0
github.com/23skdu/longbow/internal/simd/cpu_detection.go:66.35,68.2 1 1
github.com/23skdu/longbow/internal/simd/cpu_detection.go:71.33,73.2 1 1
github.com/23skdu/longbow/internal/simd/dispatch.go:87.27,89.13 2 1
github.com/23skdu/longbow/internal/simd/dispatch.go:89.13,92.3 1 0
github.com/23skdu/longbow/internal/simd/dispatch.go:93.2,94.24 2 1
github.com/23skdu/longbow/internal/simd/dispatch.go:95.16,118.23 22 1
github.com/23skdu/longbow/internal/simd/dispatch.go:118.23,120.4 1 0
github.com/23skdu/longbow/internal/simd/dispatch.go:120.9,122.4 1 1
github.com/23skdu/longbow/internal/simd/dispatch.go:123.3,136.63 13 1
github.com/23skdu/longbow/internal/simd/dispatch.go:137.14,175.50 37 1
github.com/23skdu/longbow/internal/simd/dispatch.go:176.14,217.56 40 1
github.com/23skdu/longbow/internal/simd/dispatch.go:218.10,256.56 38 1
github.com/23skdu/longbow/internal/simd/dispatch.go:264.2,307.88 31 1
github.com/23skdu/longbow/internal/simd/dispatch.go:311.76,312.22 1 1
github.com/23skdu/longbow/internal/simd/dispatch.go:312.22,314.3 1 0
github.com/23skdu/longbow/internal/simd/dispatch.go:315.2,315.17 1 1
github.com/23skdu/longbow/internal/simd/dispatch.go:315.17,317.3 1 0
github.com/23skdu/longbow/internal/simd/dispatch.go:319.2,323.19 4 1
github.com/23skdu/longbow/internal/simd/dispatch.go:323.19,325.3 1 0
github.com/23skdu/longbow/internal/simd/dispatch.go:327.2,328.15 2 1
github.com/23skdu/longbow/internal/simd/dispatch.go:328.15,330.3 1 1
github.com/23skdu/longbow/internal/simd/dispatch.go:332.2,332.28 1 1
github.com/23skdu/longbow/internal/simd/dispatch.go:333.39,334.17 1 1
github.com/23skdu/longbow/internal/simd/dispatch.go:335.20,336.39 1 1
github.com/23skdu/longbow/internal/simd/dispatch.go:336.39,339.4 2 1
github.com/23skdu/longbow/internal/simd/dispatch.go:340.23,341.43 1 0
github.com/23skdu/longbow/internal/simd/dispatch.go:341.43,344.4 2 0
github.com/23skdu/longbow/internal/simd/dispatch.go:345.10,346.75 1 0
github.com/23skdu/longbow/internal/simd/dispatch.go:348.2,348.77 1 0
github.com/23skdu/longbow/internal/simd/dispatch.go:352.44,354.26 2 1
github.com/23skdu/longbow/internal/simd/dispatch.go:355.15,356.25 1 1
github.com/23skdu/longbow/internal/simd/dispatch.go:357.19,358.25 1 0
github.com/23skdu/longbow/internal/simd/dispatch.go:359.12,360.22 1 1
github.com/23skdu/longbow/internal/simd/dispatch.go:361.13,362.23 1 0
github.com/23skdu/longbow/internal/simd/dispatch.go:363.13,364.23 1 0
github.com/23skdu/longbow/internal/simd/dispatch.go:365.14,366.24 1 0
github.com/23skdu/longbow/internal/simd/dispatch.go:367.13,368.23 1 0
github.com/23skdu/longbow/internal/simd/dispatch.go:369.14,370.24 1 0
github.com/23skdu/longbow/internal/simd/dispatch.go:371.13,372.23 1 0
github.com/23skdu/longbow/internal/simd/dispatch.go:373.14,374.24 1 0
github.com/23skdu/longbow/internal/simd/dispatch.go:375.15,376.25 1 1
github.com/23skdu/longbow/internal/simd/dispatch.go:377.17,378.27 1 0
github.com/23skdu/longbow/internal/simd/dispatch.go:379.18,380.28 1 0
github.com/23skdu/longbow/internal/simd/dispatch.go:382.2,382.24 1 0
github.com/23skdu/longbow/internal/simd/distance_functions.go:16.57,17.22 1 1
github.com/23skdu/longbow/internal/simd/distance_functions.go:17.22,19.3 1 1
github.com/23skdu/longbow/internal/simd/distance_functions.go:20.2,20.17 1 1
github.com/23skdu/longbow/internal/simd/distance_functions.go:20.17,22.3 1 1
github.com/23skdu/longbow/internal/simd/distance_functions.go:24.2,26.22 2 1
github.com/23skdu/longbow/internal/simd/distance_functions.go:26.22,27.23 1 1
github.com/23skdu/longbow/internal/simd/distance_functions.go:27.23,29.4 1 0
github.com/23skdu/longbow/internal/simd/distance_functions.go:30.3,30.23 1 1
github.com/23skdu/longbow/internal/simd/distance_functions.go:30.23,32.4 1 1
github.com/23skdu/longbow/internal/simd/distance_functions.go:33.3,33.52 1 0
github.com/23skdu/longbow/internal/simd/distance_functions.go:35.2,35.22 1 1
github.com/23skdu/longbow/internal/simd/distance_functions.go:35.22,37.3 1 1
github.com/23skdu/longbow/internal/simd/distance_functions.go:39.2,39.22 1 1
github.com/23skdu/longbow/internal/simd/distance_functions.go:39.22,41.3 1 1
github.com/23skdu/longbow/internal/simd/distance_functions.go:42.2,42.48 1 1
github.com/23skdu/longbow/internal/simd/distance_functions.go:47.49,48.22 1 1
github.com/23skdu/longbow/internal/simd/distance_functions.go:48.22,50.3 1 0
github.com/23skdu/longbow/internal/simd/distance_functions.go:51.2,51.17 1 1
github.com/23skdu/longbow/internal/simd/distance_functions.go:51.17,53.3 1 0
github.com/23skdu/longbow/internal/simd/distance_functions.go:54.2,54.28 1 1
github.com/23skdu/longbow/internal/simd/distance_functions.go:59.54,60.22 1 1
github.com/23skdu/longbow/internal/simd/distance_functions.go:60.22,62.3 1 1
github.com/23skdu/longbow/internal/simd/distance_functions.go:63.2,63.17 1 1
github.com/23skdu/longbow/internal/simd/distance_functions.go:63.17,65.3 1 0
github.com/23skdu/longbow/internal/simd/distance_functions.go:66.2,66.45 1 1
github.com/23skdu/longbow/internal/simd/distance_functions.go:71.50,72.22 1 1
github.com/23skdu/longbow/internal/simd/distance_functions.go:72.22,74.3 1 0
github.com/23skdu/longbow/internal/simd/distance_functions.go:75.2,75.17 1 1
github.com/23skdu/longbow/internal/simd/distance_functions.go:75.17,77.3 1 0
github.com/23skdu/longbow/internal/simd/distance_functions.go:78.2,78.19 1 1
github.com/23skdu/longbow/internal/simd/distance_functions.go:78.19,80.3 1 1
github.com/23skdu/longbow/internal/simd/distance_functions.go:81.2,81.19 1 1
github.com/23skdu/longbow/internal/simd/distance_functions.go:81.19,83.3 1 1
github.com/23skdu/longbow/internal/simd/distance_functions.go:85.2,85.19 1 1
github.com/23skdu/longbow/internal/simd/distance_functions.go:85.19,87.3 1 1
github.com/23skdu/longbow/internal/simd/distance_functions.go:88.2,88.41 1 1
github.com/23skdu/longbow/internal/simd/distance_functions.go:92.64,93.22 1 1
github.com/23skdu/longbow/internal/simd/distance_functions.go:93.22,95.3 1 0
github.com/23skdu/longbow/internal/simd/distance_functions.go:96.2,96.17 1 1
github.com/23skdu/longbow/internal/simd/distance_functions.go:96.17,98.3 1 0
github.com/23skdu/longbow/internal/simd/distance_functions.go:99.2,99.39 1 1
github.com/23skdu/longbow/internal/simd/distance_functions.go:103.61,104.22 1 1
github.com/23skdu/longbow/internal/simd/distance_functions.go:104.22,106.3 1 0
github.com/23skdu/longbow/internal/simd/distance_functions.go:107.2,107.17 1 1
github.com/23skdu/longbow/internal/simd/distance_functions.go:107.17,109.3 1 0
github.com/23skdu/longbow/internal/simd/distance_functions.go:110.2,110.36 1 1
github.com/23skdu/longbow/internal/simd/distance_functions.go:114.57,115.22 1 1
github.com/23skdu/longbow/internal/simd/distance_functions.go:115.22,117.3 1 0
github.com/23skdu/longbow/internal/simd/distance_functions.go:118.2,118.17 1 1
github.com/23skdu/longbow/internal/simd/distance_functions.go:118.17,120.3 1 0
github.com/23skdu/longbow/internal/simd/distance_functions.go:121.2,121.32 1 1
github.com/23skdu/longbow/internal/simd/distance_functions.go:126.64,127.22 1 1
github.com/23skdu/longbow/internal/simd/distance_functions.go:127.22,129.3 1 0
github.com/23skdu/longbow/internal/simd/distance_functions.go:130.2,130.17 1 1
github.com/23skdu/longbow/internal/simd/distance_functions.go:130.17,132.3 1 0
github.com/23skdu/longbow/internal/simd/distance_functions.go:134.2,134.19 1 1
github.com/23skdu/longbow/internal/simd/distance_functions.go:134.19,136.3 1 0
github.com/23skdu/longbow/internal/simd/distance_functions.go:137.2,137.43 1 1
github.com/23skdu/longbow/internal/simd/distance_functions.go:142.61,143.22 1 1
github.com/23skdu/longbow/internal/simd/distance_functions.go:143.22,145.3 1 1
github.com/23skdu/longbow/internal/simd/distance_functions.go:146.2,146.17 1 1
github.com/23skdu/longbow/internal/simd/distance_functions.go:146.17,148.3 1 1
github.com/23skdu/longbow/internal/simd/distance_functions.go:149.2,149.40 1 1
github.com/23skdu/longbow/internal/simd/distance_functions.go:153.68,154.22 1 1
github.com/23skdu/longbow/internal/simd/distance_functions.go:154.22,156.3 1 0
github.com/23skdu/longbow/internal/simd/distance_functions.go:157.2,157.17 1 1
github.com/23skdu/longbow/internal/simd/distance_functions.go:157.17,159.3 1 0
github.com/23skdu/longbow/internal/simd/distance_functions.go:161.2,164.36 3 1
github.com/23skdu/longbow/internal/simd/distance_functions.go:168.70,169.22 1 1
github.com/23skdu/longbow/internal/simd/distance_functions.go:169.22,171.3 1 0
github.com/23skdu/longbow/internal/simd/distance_functions.go:172.2,172.17 1 1
github.com/23skdu/longbow/internal/simd/distance_functions.go:172.17,174.3 1 0
github.com/23skdu/longbow/internal/simd/distance_functions.go:183.2,186.43 3 1
github.com/23skdu/longbow/internal/simd/distance_functions.go:190.53,191.22 1 1
github.com/23skdu/longbow/internal/simd/distance_functions.go:191.22,193.3 1 0
github.com/23skdu/longbow/internal/simd/distance_functions.go:194.2,194.17 1 1
github.com/23skdu/longbow/internal/simd/distance_functions.go:194.17,196.3 1 0
github.com/23skdu/longbow/internal/simd/distance_functions.go:198.2,198.19 1 1
github.com/23skdu/longbow/internal/simd/distance_functions.go:198.19,200.3 1 0
github.com/23skdu/longbow/internal/simd/distance_functions.go:201.2,201.35 1 1
github.com/23skdu/longbow/internal/simd/distance_functions.go:205.61,206.22 1 1
github.com/23skdu/longbow/internal/simd/distance_functions.go:206.22,208.3 1 0
github.com/23skdu/longbow/internal/simd/distance_functions.go:209.2,209.17 1 1
github.com/23skdu/longbow/internal/simd/distance_functions.go:209.17,211.3 1 0
github.com/23skdu/longbow/internal/simd/distance_functions.go:213.2,213.19 1 1
github.com/23skdu/longbow/internal/simd/distance_functions.go:213.19,217.3 3 0
github.com/23skdu/longbow/internal/simd/distance_functions.go:218.2,218.35 1 1
github.com/23skdu/longbow/internal/simd/distance_functions.go:222.63,223.22 1 1
github.com/23skdu/longbow/internal/simd/distance_functions.go:223.22,225.3 1 0
github.com/23skdu/longbow/internal/simd/distance_functions.go:226.2,226.17 1 1
github.com/23skdu/longbow/internal/simd/distance_functions.go:226.17,228.3 1 0
github.com/23skdu/longbow/internal/simd/distance_functions.go:230.2,230.19 1 1
github.com/23skdu/longbow/internal/simd/distance_functions.go:230.19,234.3 3 0
github.com/23skdu/longbow/internal/simd/distance_functions.go:235.2,235.36 1 1
github.com/23skdu/longbow/internal/simd/distance_functions.go:240.56,241.22 1 1
github.com/23skdu/longbow/internal/simd/distance_functions.go:241.22,243.3 1 0
github.com/23skdu/longbow/internal/simd/distance_functions.go:244.2,244.17 1 1
github.com/23skdu/longbow/internal/simd/distance_functions.go:244.17,246.3 1 1
github.com/23skdu/longbow/internal/simd/distance_functions.go:248.2,253.24 4 1
github.com/23skdu/longbow/internal/simd/distance_functions.go:253.24,263.3 8 1
github.com/23skdu/longbow/internal/simd/distance_functions.go:266.2,266.19 1 1
github.com/23skdu/longbow/internal/simd/distance_functions.go:266.19,269.3 2 1
github.com/23skdu/longbow/internal/simd/distance_functions.go:271.2,271.39 1 1
github.com/23skdu/longbow/internal/simd/distance_functions.go:275.58,276.22 1 1
github.com/23skdu/longbow/internal/simd/distance_functions.go:276.22,278.3 1 0
github.com/23skdu/longbow/internal/simd/distance_functions.go:279.2,279.17 1 1
github.com/23skdu/longbow/internal/simd/distance_functions.go:279.17,281.3 1 0
github.com/23skdu/longbow/internal/simd/distance_functions.go:283.2,283.19 1 1
github.com/23skdu/longbow/internal/simd/distance_functions.go:283.19,285.3 1 0
github.com/23skdu/longbow/internal/simd/distance_functions.go:286.2,286.40 1 1
github.com/23skdu/longbow/internal/simd/distance_functions.go:290.51,291.22 1 1
github.com/23skdu/longbow/internal/simd/distance_functions.go:291.22,293.3 1 0
github.com/23skdu/longbow/internal/simd/distance_functions.go:294.2,294.17 1 1
github.com/23skdu/longbow/internal/simd/distance_functions.go:294.17,296.3 1 0
github.com/23skdu/longbow/internal/simd/distance_functions.go:298.2,298.19 1 1
github.com/23skdu/longbow/internal/simd/distance_functions.go:298.19,300.3 1 0
github.com/23skdu/longbow/internal/simd/distance_functions.go:301.2,301.32 1 1
github.com/23skdu/longbow/internal/simd/distance_functions.go:305.60,306.22 1 1
github.com/23skdu/longbow/internal/simd/distance_functions.go:306.22,308.3 1 0
github.com/23skdu/longbow/internal/simd/distance_functions.go:309.2,309.17 1 1
github.com/23skdu/longbow/internal/simd/distance_functions.go:309.17,311.3 1 0
github.com/23skdu/longbow/internal/simd/distance_functions.go:313.2,313.19 1 1
github.com/23skdu/longbow/internal/simd/distance_functions.go:313.19,315.3 1 0
github.com/23skdu/longbow/internal/simd/distance_functions.go:316.2,316.41 1 1
github.com/23skdu/longbow/internal/simd/distance_functions.go:320.53,321.22 1 1
github.com/23skdu/longbow/internal/simd/distance_functions.go:321.22,323.3 1 0
github.com/23skdu/longbow/internal/simd/distance_functions.go:324.2,324.17 1 1
github.com/23skdu/longbow/internal/simd/distance_functions.go:324.17,326.3 1 0
github.com/23skdu/longbow/internal/simd/distance_functions.go:328.2,328.19 1 1
github.com/23skdu/longbow/internal/simd/distance_functions.go:328.19,330.3 1 0
github.com/23skdu/longbow/internal/simd/distance_functions.go:331.2,331.33 1 1
github.com/23skdu/longbow/internal/simd/distance_functions.go:335.60,336.22 1 1
github.com/23skdu/longbow/internal/simd/distance_functions.go:336.22,338.3 1 0
github.com/23skdu/longbow/internal/simd/distance_functions.go:339.2,339.17 1 1
github.com/23skdu/longbow/internal/simd/distance_functions.go:339.17,341.3 1 0
github.com/23skdu/longbow/internal/simd/distance_functions.go:343.2,343.19 1 1
github.com/23skdu/longbow/internal/simd/distance_functions.go:343.19,345.3 1 0
github.com/23skdu/longbow/internal/simd/distance_functions.go:346.2,346.39 1 1
github.com/23skdu/longbow/internal/simd/distance_functions.go:350.53,351.22 1 1
github.com/23skdu/longbow/internal/simd/distance_functions.go:351.22,353.3 1 0
github.com/23skdu/longbow/internal/simd/distance_functions.go:354.2,354.17 1 1
github.com/23skdu/longbow/internal/simd/distance_functions.go:354.17,356.3 1 0
github.com/23skdu/longbow/internal/simd/distance_functions.go:358.2,358.19 1 1
github.com/23skdu/longbow/internal/simd/distance_functions.go:358.19,360.3 1 0
github.com/23skdu/longbow/internal/simd/distance_functions.go:361.2,361.33 1 1
github.com/23skdu/longbow/internal/simd/distance_functions.go:365.62,366.22 1 1
github.com/23skdu/longbow/internal/simd/distance_functions.go:366.22,368.3 1 0
github.com/23skdu/longbow/internal/simd/distance_functions.go:369.2,369.17 1 1
github.com/23skdu/longbow/internal/simd/distance_functions.go:369.17,371.3 1 0
github.com/23skdu/longbow/internal/simd/distance_functions.go:372.2,372.19 1 1
github.com/23skdu/longbow/internal/simd/distance_functions.go:372.19,374.3 1 0
github.com/23skdu/longbow/internal/simd/distance_functions.go:375.2,375.40 1 1
github.com/23skdu/longbow/internal/simd/distance_functions.go:379.55,380.22 1 1
github.com/23skdu/longbow/internal/simd/distance_functions.go:380.22,382.3 1 0
github.com/23skdu/longbow/internal/simd/distance_functions.go:383.2,383.17 1 1
github.com/23skdu/longbow/internal/simd/distance_functions.go:383.17,385.3 1 0
github.com/23skdu/longbow/internal/simd/distance_functions.go:386.2,386.19 1 1
github.com/23skdu/longbow/internal/simd/distance_functions.go:386.19,388.3 1 0
github.com/23skdu/longbow/internal/simd/distance_functions.go:389.2,389.34 1 1
github.com/23skdu/longbow/internal/simd/distance_functions.go:393.62,394.22 1 1
github.com/23skdu/longbow/internal/simd/distance_functions.go:394.22,396.3 1 0
github.com/23skdu/longbow/internal/simd/distance_functions.go:397.2,397.17 1 1
github.com/23skdu/longbow/internal/simd/distance_functions.go:397.17,399.3 1 0
github.com/23skdu/longbow/internal/simd/distance_functions.go:400.2,400.19 1 1
github.com/23skdu/longbow/internal/simd/distance_functions.go:400.19,402.3 1 0
github.com/23skdu/longbow/internal/simd/distance_functions.go:403.2,403.40 1 1
github.com/23skdu/longbow/internal/simd/distance_functions.go:407.55,408.22 1 1
github.com/23skdu/longbow/internal/simd/distance_functions.go:408.22,410.3 1 0
github.com/23skdu/longbow/internal/simd/distance_functions.go:411.2,411.17 1 1
github.com/23skdu/longbow/internal/simd/distance_functions.go:411.17,413.3 1 0
github.com/23skdu/longbow/internal/simd/distance_functions.go:414.2,414.19 1 1
github.com/23skdu/longbow/internal/simd/distance_functions.go:414.19,416.3 1 0
github.com/23skdu/longbow/internal/simd/distance_functions.go:417.2,417.34 1 1
github.com/23skdu/longbow/internal/simd/distance_functions.go:421.60,422.22 1 1
github.com/23skdu/longbow/internal/simd/distance_functions.go:422.22,424.3 1 0
github.com/23skdu/longbow/internal/simd/distance_functions.go:425.2,425.17 1 1
github.com/23skdu/longbow/internal/simd/distance_functions.go:425.17,427.3 1 0
github.com/23skdu/longbow/internal/simd/distance_functions.go:428.2,428.19 1 1
github.com/23skdu/longbow/internal/simd/distance_functions.go:428.19,430.3 1 0
github.com/23skdu/longbow/internal/simd/distance_functions.go:431.2,431.39 1 1
github.com/23skdu/longbow/internal/simd/distance_functions.go:435.53,436.22 1 1
github.com/23skdu/longbow/internal/simd/distance_functions.go:436.22,438.3 1 0
github.com/23skdu/longbow/internal/simd/distance_functions.go:439.2,439.17 1 1
github.com/23skdu/longbow/internal/simd/distance_functions.go:439.17,441.3 1 0
github.com/23skdu/longbow/internal/simd/distance_functions.go:442.2,442.19 1 1
github.com/23skdu/longbow/internal/simd/distance_functions.go:442.19,444.3 1 0
github.com/23skdu/longbow/internal/simd/distance_functions.go:445.2,445.33 1 1
github.com/23skdu/longbow/internal/simd/distance_functions.go:449.62,450.22 1 1
github.com/23skdu/longbow/internal/simd/distance_functions.go:450.22,452.3 1 0
github.com/23skdu/longbow/internal/simd/distance_functions.go:453.2,453.17 1 1
github.com/23skdu/longbow/internal/simd/distance_functions.go:453.17,455.3 1 0
github.com/23skdu/longbow/internal/simd/distance_functions.go:456.2,456.19 1 1
github.com/23skdu/longbow/internal/simd/distance_functions.go:456.19,458.3 1 0
github.com/23skdu/longbow/internal/simd/distance_functions.go:459.2,459.40 1 1
github.com/23skdu/longbow/internal/simd/distance_functions.go:463.55,464.22 1 1
github.com/23skdu/longbow/internal/simd/distance_functions.go:464.22,466.3 1 0
github.com/23skdu/longbow/internal/simd/distance_functions.go:467.2,467.17 1 1
github.com/23skdu/longbow/internal/simd/distance_functions.go:467.17,469.3 1 0
github.com/23skdu/longbow/internal/simd/distance_functions.go:470.2,470.19 1 1
github.com/23skdu/longbow/internal/simd/distance_functions.go:470.19,472.3 1 0
github.com/23skdu/longbow/internal/simd/distance_functions.go:473.2,473.34 1 1
github.com/23skdu/longbow/internal/simd/distance_functions.go:478.33,480.2 1 1
github.com/23skdu/longbow/internal/simd/hadamard.go:9.54,10.22 1 0
github.com/23skdu/longbow/internal/simd/hadamard.go:10.22,12.3 1 0
github.com/23skdu/longbow/internal/simd/hadamard.go:13.2,13.47 1 0
github.com/23skdu/longbow/internal/simd/hadamard.go:16.61,18.30 2 1
github.com/23skdu/longbow/internal/simd/hadamard.go:18.30,20.3 1 0
github.com/23skdu/longbow/internal/simd/hadamard.go:22.2,22.29 1 1
github.com/23skdu/longbow/internal/simd/hadamard.go:22.29,23.34 1 1
github.com/23skdu/longbow/internal/simd/hadamard.go:23.34,24.29 1 1
github.com/23skdu/longbow/internal/simd/hadamard.go:24.29,29.5 4 1
github.com/23skdu/longbow/internal/simd/hadamard.go:41.2,41.12 1 1
github.com/23skdu/longbow/internal/simd/hadamard.go:47.52,48.22 1 0
github.com/23skdu/longbow/internal/simd/hadamard.go:48.22,50.3 1 0
github.com/23skdu/longbow/internal/simd/hadamard.go:51.2,51.39 1 0
github.com/23skdu/longbow/internal/simd/hadamard.go:54.59,57.19 1 1
github.com/23skdu/longbow/internal/simd/hadamard.go:57.19,59.65 1 1
github.com/23skdu/longbow/internal/simd/hadamard.go:59.65,61.4 1 1
github.com/23skdu/longbow/internal/simd/hadamard.go:66.2,66.47 1 1
github.com/23skdu/longbow/internal/simd/hadamard.go:70.43,72.12 2 0
github.com/23skdu/longbow/internal/simd/hadamard.go:72.12,74.3 1 0
github.com/23skdu/longbow/internal/simd/hadamard.go:75.2,75.24 1 0
github.com/23skdu/longbow/internal/simd/hadamard.go:75.24,77.3 1 0
github.com/23skdu/longbow/internal/simd/hadamard.go:78.2,79.15 2 0
github.com/23skdu/longbow/internal/simd/hadamard.go:79.15,81.3 1 0
github.com/23skdu/longbow/internal/simd/hadamard.go:82.2,84.15 3 0
github.com/23skdu/longbow/internal/simd/jit_codegen.go:44.37,46.2 1 1
github.com/23skdu/longbow/internal/simd/jit_codegen.go:48.38,52.2 3 1
github.com/23skdu/longbow/internal/simd/jit_codegen.go:54.33,56.2 1 1
github.com/23skdu/longbow/internal/simd/jit_codegen.go:58.57,61.2 2 1
github.com/23skdu/longbow/internal/simd/jit_codegen.go:64.43,158.13 58 1
github.com/23skdu/longbow/internal/simd/jit_codegen.go:158.13,160.3 1 1
github.com/23skdu/longbow/internal/simd/jit_codegen.go:160.8,162.3 1 0
github.com/23skdu/longbow/internal/simd/jit_codegen.go:163.2,168.14 4 1
github.com/23skdu/longbow/internal/simd/jit_codegen.go:171.34,229.2 7 1
github.com/23skdu/longbow/internal/simd/jit_codegen.go:231.33,331.2 7 1
github.com/23skdu/longbow/internal/simd/jit_codegen.go:333.37,524.2 7 1
github.com/23skdu/longbow/internal/simd/jit_runtime.go:32.22,42.16 6 1
github.com/23skdu/longbow/internal/simd/jit_runtime.go:42.16,44.3 1 0
github.com/23skdu/longbow/internal/simd/jit_runtime.go:45.2,55.12 4 1
github.com/23skdu/longbow/internal/simd/jit_runtime.go:58.57,60.12 2 1
github.com/23skdu/longbow/internal/simd/jit_runtime.go:60.12,62.3 1 0
github.com/23skdu/longbow/internal/simd/jit_runtime.go:64.2,73.25 7 1
github.com/23skdu/longbow/internal/simd/jit_runtime.go:73.25,75.3 1 0
github.com/23skdu/longbow/internal/simd/jit_runtime.go:77.2,81.16 4 1
github.com/23skdu/longbow/internal/simd/jit_runtime.go:81.16,84.3 2 0
github.com/23skdu/longbow/internal/simd/jit_runtime.go:85.2,87.34 2 1
github.com/23skdu/longbow/internal/simd/jit_runtime.go:91.46,92.17 1 1
github.com/23skdu/longbow/internal/simd/jit_runtime.go:92.17,94.3 1 0
github.com/23skdu/longbow/internal/simd/jit_runtime.go:95.2,97.25 3 1
github.com/23skdu/longbow/internal/simd/jit_runtime.go:97.25,99.3 1 1
github.com/23skdu/longbow/internal/simd/jit_runtime.go:100.2,100.12 1 1
github.com/23skdu/longbow/internal/simd/jit_runtime.go:103.95,104.23 1 1
github.com/23skdu/longbow/internal/simd/jit_runtime.go:104.23,106.3 1 0
github.com/23skdu/longbow/internal/simd/jit_runtime.go:107.2,124.28 13 1
github.com/23skdu/longbow/internal/simd/jit_runtime.go:124.28,126.37 2 0
github.com/23skdu/longbow/internal/simd/jit_runtime.go:126.37,128.28 2 0
github.com/23skdu/longbow/internal/simd/jit_runtime.go:128.28,130.5 1 0
github.com/23skdu/longbow/internal/simd/jit_runtime.go:134.2,134.36 1 1
github.com/23skdu/longbow/internal/simd/jit_runtime.go:134.36,136.3 1 0
github.com/23skdu/longbow/internal/simd/jit_runtime.go:138.2,140.28 2 1
github.com/23skdu/longbow/internal/simd/jit_runtime.go:140.28,142.3 1 1
github.com/23skdu/longbow/internal/simd/jit_runtime.go:144.2,145.16 2 1
github.com/23skdu/longbow/internal/simd/jit_runtime.go:145.16,148.3 2 0
github.com/23skdu/longbow/internal/simd/jit_runtime.go:149.2,152.43 3 1
github.com/23skdu/longbow/internal/simd/jit_runtime.go:155.105,156.23 1 0
github.com/23skdu/longbow/internal/simd/jit_runtime.go:156.23,158.3 1 0
github.com/23skdu/longbow/internal/simd/jit_runtime.go:159.2,159.33 1 0
github.com/23skdu/longbow/internal/simd/jit_runtime.go:159.33,161.3 1 0
github.com/23skdu/longbow/internal/simd/jit_runtime.go:163.2,180.36 13 0
github.com/23skdu/longbow/internal/simd/jit_runtime.go:180.36,182.40 2 0
github.com/23skdu/longbow/internal/simd/jit_runtime.go:182.40,185.4 2 0
github.com/23skdu/longbow/internal/simd/jit_runtime.go:188.2,190.28 2 0
github.com/23skdu/longbow/internal/simd/jit_runtime.go:190.28,192.3 1 0
github.com/23skdu/longbow/internal/simd/jit_runtime.go:194.2,195.16 2 0
github.com/23skdu/longbow/internal/simd/jit_runtime.go:195.16,198.3 2 0
github.com/23skdu/longbow/internal/simd/jit_runtime.go:199.2,205.12 5 0
github.com/23skdu/longbow/internal/simd/registry.go:16.37,17.11 1 1
github.com/23skdu/longbow/internal/simd/registry.go:18.23,19.21 1 1
github.com/23skdu/longbow/internal/simd/registry.go:20.20,21.18 1 1
github.com/23skdu/longbow/internal/simd/registry.go:22.24,23.15 1 1
github.com/23skdu/longbow/internal/simd/registry.go:24.10,25.19 1 1
github.com/23skdu/longbow/internal/simd/registry.go:49.39,50.11 1 1
github.com/23skdu/longbow/internal/simd/registry.go:51.20,52.16 1 1
github.com/23skdu/longbow/internal/simd/registry.go:53.21,54.17 1 0
github.com/23skdu/longbow/internal/simd/registry.go:55.21,56.17 1 0
github.com/23skdu/longbow/internal/simd/registry.go:57.22,58.18 1 0
github.com/23skdu/longbow/internal/simd/registry.go:59.21,60.17 1 0
github.com/23skdu/longbow/internal/simd/registry.go:61.22,62.18 1 0
github.com/23skdu/longbow/internal/simd/registry.go:63.21,64.17 1 0
github.com/23skdu/longbow/internal/simd/registry.go:65.22,66.18 1 0
github.com/23skdu/longbow/internal/simd/registry.go:67.23,68.19 1 1
github.com/23skdu/longbow/internal/simd/registry.go:69.23,70.19 1 1
github.com/23skdu/longbow/internal/simd/registry.go:71.23,72.19 1 1
github.com/23skdu/longbow/internal/simd/registry.go:73.25,74.21 1 1
github.com/23skdu/longbow/internal/simd/registry.go:75.26,76.22 1 1
github.com/23skdu/longbow/internal/simd/registry.go:77.10,78.19 1 0
github.com/23skdu/longbow/internal/simd/registry.go:100.93,105.2 4 1
github.com/23skdu/longbow/internal/simd/registry.go:109.80,114.57 3 1
github.com/23skdu/longbow/internal/simd/registry.go:114.57,116.3 1 1
github.com/23skdu/longbow/internal/simd/registry.go:119.2,119.54 1 1
github.com/23skdu/longbow/internal/simd/registry.go:119.54,121.3 1 1
github.com/23skdu/longbow/internal/simd/registry.go:123.2,123.12 1 0
github.com/23skdu/longbow/internal/simd/simd.go:105.13,112.37 4 1
github.com/23skdu/longbow/internal/simd/simd.go:112.37,113.35 1 0
github.com/23skdu/longbow/internal/simd/simd.go:113.35,115.4 1 0
github.com/23skdu/longbow/internal/simd/simd.go:115.9,117.101 1 0
github.com/23skdu/longbow/internal/simd/simd.go:117.101,118.77 1 0
github.com/23skdu/longbow/internal/simd/simd.go:118.77,120.6 1 0
github.com/23skdu/longbow/internal/simd/simd.go:121.5,121.15 1 0
github.com/23skdu/longbow/internal/simd/simd.go:123.4,123.58 1 0
github.com/23skdu/longbow/internal/simd/simd.go:130.38,131.26 1 0
github.com/23skdu/longbow/internal/simd/simd.go:131.26,133.3 1 0
github.com/23skdu/longbow/internal/simd/simd.go:134.2,135.12 2 0
github.com/23skdu/longbow/internal/simd/simd.go:140.37,141.26 1 0
github.com/23skdu/longbow/internal/simd/simd.go:141.26,143.3 1 0
github.com/23skdu/longbow/internal/simd/simd.go:144.2,145.12 2 0
github.com/23skdu/longbow/internal/simd/simd.go:149.33,152.2 2 0
github.com/23skdu/longbow/internal/simd/simd.go:155.34,157.2 1 0
github.com/23skdu/longbow/internal/simd/simd.go:163.56,166.2 2 1
github.com/23skdu/longbow/internal/simd/simd.go:170.53,171.22 1 1
github.com/23skdu/longbow/internal/simd/simd.go:171.22,173.3 1 0
github.com/23skdu/longbow/internal/simd/simd.go:174.2,175.30 2 1
github.com/23skdu/longbow/internal/simd/simd.go:175.30,179.3 3 1
github.com/23skdu/longbow/internal/simd/simd.go:180.2,180.30 1 1
github.com/23skdu/longbow/internal/simd/simd.go:180.30,182.3 1 1
github.com/23skdu/longbow/internal/simd/simd.go:183.2,183.77 1 1
github.com/23skdu/longbow/internal/simd/simd.go:186.50,187.22 1 1
github.com/23skdu/longbow/internal/simd/simd.go:187.22,189.3 1 0
github.com/23skdu/longbow/internal/simd/simd.go:190.2,191.30 2 1
github.com/23skdu/longbow/internal/simd/simd.go:191.30,193.3 1 1
github.com/23skdu/longbow/internal/simd/simd.go:194.2,194.17 1 1
github.com/23skdu/longbow/internal/simd/simd.go:202.88,203.28 1 1
github.com/23skdu/longbow/internal/simd/simd.go:203.28,204.15 1 1
github.com/23skdu/longbow/internal/simd/simd.go:204.15,205.12 1 0
github.com/23skdu/longbow/internal/simd/simd.go:207.3,208.17 2 1
github.com/23skdu/longbow/internal/simd/simd.go:208.17,210.4 1 0
github.com/23skdu/longbow/internal/simd/simd.go:211.3,211.26 1 1
github.com/23skdu/longbow/internal/simd/simd.go:213.2,213.12 1 1
github.com/23skdu/longbow/internal/simd/simd.go:217.91,218.28 1 1
github.com/23skdu/longbow/internal/simd/simd.go:218.28,219.15 1 1
github.com/23skdu/longbow/internal/simd/simd.go:219.15,220.12 1 0
github.com/23skdu/longbow/internal/simd/simd.go:222.3,223.17 2 1
github.com/23skdu/longbow/internal/simd/simd.go:223.17,225.4 1 0
github.com/23skdu/longbow/internal/simd/simd.go:226.3,226.17 1 1
github.com/23skdu/longbow/internal/simd/simd.go:228.2,228.12 1 1
github.com/23skdu/longbow/internal/simd/simd.go:235.109,236.32 1 0
github.com/23skdu/longbow/internal/simd/simd.go:236.32,238.3 1 0
github.com/23skdu/longbow/internal/simd/simd.go:239.2,239.40 1 0
github.com/23skdu/longbow/internal/simd/simd.go:239.40,241.3 1 0
github.com/23skdu/longbow/internal/simd/simd.go:242.2,242.21 1 0
github.com/23skdu/longbow/internal/simd/simd.go:242.21,244.3 1 0
github.com/23skdu/longbow/internal/simd/simd.go:246.2,247.22 2 0
github.com/23skdu/longbow/internal/simd/simd.go:247.22,249.3 1 0
github.com/23skdu/longbow/internal/simd/simd.go:251.2,251.34 1 0
github.com/23skdu/longbow/internal/simd/simd.go:251.34,255.17 4 0
github.com/23skdu/longbow/internal/simd/simd.go:255.17,257.4 1 0
github.com/23skdu/longbow/internal/simd/simd.go:258.3,258.17 1 0
github.com/23skdu/longbow/internal/simd/simd.go:260.2,260.12 1 0
github.com/23skdu/longbow/internal/simd/simd.go:264.106,266.2 1 0
github.com/23skdu/longbow/internal/simd/simd.go:269.108,271.2 1 0
github.com/23skdu/longbow/internal/simd/simd.go:273.85,274.28 1 1
github.com/23skdu/longbow/internal/simd/simd.go:274.28,275.15 1 1
github.com/23skdu/longbow/internal/simd/simd.go:275.15,276.12 1 0
github.com/23skdu/longbow/internal/simd/simd.go:278.3,279.17 2 1
github.com/23skdu/longbow/internal/simd/simd.go:279.17,281.4 1 0
github.com/23skdu/longbow/internal/simd/simd.go:282.3,282.17 1 1
github.com/23skdu/longbow/internal/simd/simd.go:284.2,284.12 1 1
github.com/23skdu/longbow/internal/simd/simd.go:287.88,288.28 1 1
github.com/23skdu/longbow/internal/simd/simd.go:288.28,289.15 1 1
github.com/23skdu/longbow/internal/simd/simd.go:289.15,290.12 1 0
github.com/23skdu/longbow/internal/simd/simd.go:292.3,293.17 2 1
github.com/23skdu/longbow/internal/simd/simd.go:293.17,295.4 1 0
github.com/23skdu/longbow/internal/simd/simd.go:296.3,296.17 1 1
github.com/23skdu/longbow/internal/simd/simd.go:298.2,298.12 1 1
github.com/23skdu/longbow/internal/simd/simd.go:310.84,311.31 1 0
github.com/23skdu/longbow/internal/simd/simd.go:311.31,313.3 1 0
github.com/23skdu/longbow/internal/simd/simd.go:315.2,315.12 1 0
github.com/23skdu/longbow/internal/simd/simd.go:315.12,319.26 3 0
github.com/23skdu/longbow/internal/simd/simd.go:319.26,323.20 4 0
github.com/23skdu/longbow/internal/simd/simd.go:323.20,326.5 2 0
github.com/23skdu/longbow/internal/simd/simd.go:328.3,328.27 1 0
github.com/23skdu/longbow/internal/simd/simd.go:332.2,333.89 2 0
github.com/23skdu/longbow/internal/simd/simd.go:333.89,337.26 3 0
github.com/23skdu/longbow/internal/simd/simd.go:337.26,340.23 3 0
github.com/23skdu/longbow/internal/simd/simd.go:340.23,343.5 2 0
github.com/23skdu/longbow/internal/simd/simd.go:345.3,345.27 1 0
github.com/23skdu/longbow/internal/simd/simd.go:349.2,351.25 3 0
github.com/23skdu/longbow/internal/simd/simd.go:351.25,352.28 1 0
github.com/23skdu/longbow/internal/simd/simd.go:352.28,355.4 2 0
github.com/23skdu/longbow/internal/simd/simd.go:357.2,357.26 1 0
github.com/23skdu/longbow/internal/simd/simd.go:366.100,368.25 2 0
github.com/23skdu/longbow/internal/simd/simd.go:368.25,373.3 4 0
github.com/23skdu/longbow/internal/simd/simd.go:374.2,374.14 1 0
github.com/23skdu/longbow/internal/simd/simd.go:377.89,378.36 1 1
github.com/23skdu/longbow/internal/simd/simd.go:378.36,381.31 3 1
github.com/23skdu/longbow/internal/simd/simd.go:381.31,383.4 1 1
github.com/23skdu/longbow/internal/simd/simd.go:384.3,384.48 1 1
github.com/23skdu/longbow/internal/simd/simd.go:386.2,386.12 1 1
github.com/23skdu/longbow/internal/simd/simd.go:397.59,398.22 1 1
github.com/23skdu/longbow/internal/simd/simd.go:398.22,400.3 1 0
github.com/23skdu/longbow/internal/simd/simd.go:401.2,401.17 1 1
github.com/23skdu/longbow/internal/simd/simd.go:401.17,403.3 1 1
github.com/23skdu/longbow/internal/simd/simd.go:405.2,410.25 4 1
github.com/23skdu/longbow/internal/simd/simd.go:410.25,419.3 8 1
github.com/23skdu/longbow/internal/simd/simd.go:422.2,422.19 1 1
github.com/23skdu/longbow/internal/simd/simd.go:422.19,425.3 2 1
github.com/23skdu/longbow/internal/simd/simd.go:427.2,427.68 1 1
github.com/23skdu/longbow/internal/simd/simd.go:431.56,432.22 1 1
github.com/23skdu/longbow/internal/simd/simd.go:432.22,434.3 1 0
github.com/23skdu/longbow/internal/simd/simd.go:435.2,435.17 1 1
github.com/23skdu/longbow/internal/simd/simd.go:435.17,437.3 1 1
github.com/23skdu/longbow/internal/simd/simd.go:439.2,446.25 6 1
github.com/23skdu/longbow/internal/simd/simd.go:446.25,464.3 14 1
github.com/23skdu/longbow/internal/simd/simd.go:467.2,467.19 1 1
github.com/23skdu/longbow/internal/simd/simd.go:467.19,471.3 3 1
github.com/23skdu/longbow/internal/simd/simd.go:474.2,478.30 4 1
github.com/23skdu/longbow/internal/simd/simd.go:478.30,480.3 1 0
github.com/23skdu/longbow/internal/simd/simd.go:481.2,481.77 1 1
github.com/23skdu/longbow/internal/simd/simd.go:485.53,486.22 1 1
github.com/23skdu/longbow/internal/simd/simd.go:486.22,488.3 1 0
github.com/23skdu/longbow/internal/simd/simd.go:489.2,489.17 1 1
github.com/23skdu/longbow/internal/simd/simd.go:489.17,491.3 1 1
github.com/23skdu/longbow/internal/simd/simd.go:493.2,498.25 4 1
github.com/23skdu/longbow/internal/simd/simd.go:498.25,503.3 4 1
github.com/23skdu/longbow/internal/simd/simd.go:506.2,506.19 1 1
github.com/23skdu/longbow/internal/simd/simd.go:506.19,508.3 1 1
github.com/23skdu/longbow/internal/simd/simd.go:510.2,510.39 1 1
github.com/23skdu/longbow/internal/simd/simd.go:514.94,515.28 1 1
github.com/23skdu/longbow/internal/simd/simd.go:515.28,517.17 2 1
github.com/23skdu/longbow/internal/simd/simd.go:517.17,519.4 1 0
github.com/23skdu/longbow/internal/simd/simd.go:520.3,520.17 1 1
github.com/23skdu/longbow/internal/simd/simd.go:522.2,522.12 1 1
github.com/23skdu/longbow/internal/simd/simd.go:527.91,528.28 1 1
github.com/23skdu/longbow/internal/simd/simd.go:528.28,530.17 2 1
github.com/23skdu/longbow/internal/simd/simd.go:530.17,532.4 1 0
github.com/23skdu/longbow/internal/simd/simd.go:533.3,533.17 1 1
github.com/23skdu/longbow/internal/simd/simd.go:535.2,535.12 1 1
github.com/23skdu/longbow/internal/simd/simd.go:540.88,541.28 1 1
github.com/23skdu/longbow/internal/simd/simd.go:541.28,543.17 2 1
github.com/23skdu/longbow/internal/simd/simd.go:543.17,545.4 1 0
github.com/23skdu/longbow/internal/simd/simd.go:546.3,546.17 1 1
github.com/23skdu/longbow/internal/simd/simd.go:548.2,548.12 1 1
github.com/23skdu/longbow/internal/simd/simd.go:553.62,554.36 1 1
github.com/23skdu/longbow/internal/simd/simd.go:554.36,556.3 1 0
github.com/23skdu/longbow/internal/simd/simd.go:558.2,563.30 4 1
github.com/23skdu/longbow/internal/simd/simd.go:563.30,572.3 8 1
github.com/23skdu/longbow/internal/simd/simd.go:573.2,573.68 1 1
github.com/23skdu/longbow/internal/simd/simd.go:578.62,579.36 1 1
github.com/23skdu/longbow/internal/simd/simd.go:579.36,581.3 1 0
github.com/23skdu/longbow/internal/simd/simd.go:582.2,586.30 4 1
github.com/23skdu/longbow/internal/simd/simd.go:586.30,595.3 8 1
github.com/23skdu/longbow/internal/simd/simd.go:596.2,596.68 1 1
github.com/23skdu/longbow/internal/simd/simd.go:601.62,602.36 1 1
github.com/23skdu/longbow/internal/simd/simd.go:602.36,604.3 1 0
github.com/23skdu/longbow/internal/simd/simd.go:605.2,609.30 4 1
github.com/23skdu/longbow/internal/simd/simd.go:609.30,618.3 8 1
github.com/23skdu/longbow/internal/simd/simd.go:619.2,619.68 1 1
github.com/23skdu/longbow/internal/simd/simd.go:624.63,625.38 1 1
github.com/23skdu/longbow/internal/simd/simd.go:625.38,627.3 1 0
github.com/23skdu/longbow/internal/simd/simd.go:628.2,632.31 4 1
github.com/23skdu/longbow/internal/simd/simd.go:632.31,641.3 8 1
github.com/23skdu/longbow/internal/simd/simd.go:642.2,642.68 1 1
github.com/23skdu/longbow/internal/simd/simd.go:645.56,646.36 1 0
github.com/23skdu/longbow/internal/simd/simd.go:646.36,648.3 1 0
github.com/23skdu/longbow/internal/simd/simd.go:649.2,653.30 4 0
github.com/23skdu/longbow/internal/simd/simd.go:653.30,658.3 4 0
github.com/23skdu/longbow/internal/simd/simd.go:659.2,659.39 1 0
github.com/23skdu/longbow/internal/simd/simd.go:673.73,674.26 1 1
github.com/23skdu/longbow/internal/simd/simd.go:674.26,676.3 1 0
github.com/23skdu/longbow/internal/simd/simd.go:677.2,677.42 1 1
github.com/23skdu/longbow/internal/simd/simd.go:682.79,683.26 1 1
github.com/23skdu/longbow/internal/simd/simd.go:683.26,685.3 1 0
github.com/23skdu/longbow/internal/simd/simd.go:687.2,688.12 2 1
github.com/23skdu/longbow/internal/simd/simd.go:693.79,694.26 1 0
github.com/23skdu/longbow/internal/simd/simd.go:694.26,696.3 1 0
github.com/23skdu/longbow/internal/simd/simd.go:697.2,697.44 1 0
github.com/23skdu/longbow/internal/simd/simd.go:700.80,701.12 1 1
github.com/23skdu/longbow/internal/simd/simd.go:702.17,703.25 1 1
github.com/23skdu/longbow/internal/simd/simd.go:703.25,713.16 1 1
github.com/23skdu/longbow/internal/simd/simd.go:713.16,715.5 1 1
github.com/23skdu/longbow/internal/simd/simd.go:715.10,717.5 1 1
github.com/23skdu/longbow/internal/simd/simd.go:749.4,749.16 1 1
github.com/23skdu/longbow/internal/simd/simd.go:749.16,751.5 1 1
github.com/23skdu/longbow/internal/simd/simd.go:751.10,753.5 1 1
github.com/23skdu/longbow/internal/simd/simd.go:755.18,756.25 1 1
github.com/23skdu/longbow/internal/simd/simd.go:756.25,760.4 3 1
github.com/23skdu/longbow/internal/simd/simd.go:761.17,762.25 1 1
github.com/23skdu/longbow/internal/simd/simd.go:762.25,763.15 1 1
github.com/23skdu/longbow/internal/simd/simd.go:763.15,765.5 1 1
github.com/23skdu/longbow/internal/simd/simd.go:765.10,767.5 1 1
github.com/23skdu/longbow/internal/simd/simd.go:769.17,770.25 1 1
github.com/23skdu/longbow/internal/simd/simd.go:770.25,771.16 1 1
github.com/23skdu/longbow/internal/simd/simd.go:771.16,773.5 1 1
github.com/23skdu/longbow/internal/simd/simd.go:773.10,775.5 1 1
github.com/23skdu/longbow/internal/simd/simd.go:777.17,778.25 1 1
github.com/23skdu/longbow/internal/simd/simd.go:778.25,779.15 1 1
github.com/23skdu/longbow/internal/simd/simd.go:779.15,781.5 1 1
github.com/23skdu/longbow/internal/simd/simd.go:781.10,783.5 1 1
github.com/23skdu/longbow/internal/simd/simd.go:785.17,786.25 1 1
github.com/23skdu/longbow/internal/simd/simd.go:786.25,787.16 1 1
github.com/23skdu/longbow/internal/simd/simd.go:787.16,789.5 1 1
github.com/23skdu/longbow/internal/simd/simd.go:789.10,791.5 1 1
github.com/23skdu/longbow/internal/simd/simd.go:793.10,795.25 1 0
github.com/23skdu/longbow/internal/simd/simd.go:795.25,796.16 1 0
github.com/23skdu/longbow/internal/simd/simd.go:796.16,798.5 1 0
github.com/23skdu/longbow/internal/simd/simd.go:798.10,800.5 1 0
github.com/23skdu/longbow/internal/simd/simd.go:803.2,803.12 1 1
github.com/23skdu/longbow/internal/simd/simd.go:807.86,812.12 1 1
github.com/23skdu/longbow/internal/simd/simd.go:813.17,814.25 1 1
github.com/23skdu/longbow/internal/simd/simd.go:814.25,815.16 1 1
github.com/23skdu/longbow/internal/simd/simd.go:815.16,817.5 1 1
github.com/23skdu/longbow/internal/simd/simd.go:817.10,819.5 1 1
github.com/23skdu/longbow/internal/simd/simd.go:821.18,822.25 1 1
github.com/23skdu/longbow/internal/simd/simd.go:822.25,823.16 1 1
github.com/23skdu/longbow/internal/simd/simd.go:823.16,825.5 1 1
github.com/23skdu/longbow/internal/simd/simd.go:825.10,827.5 1 1
github.com/23skdu/longbow/internal/simd/simd.go:829.17,830.25 1 1
github.com/23skdu/longbow/internal/simd/simd.go:830.25,831.15 1 1
github.com/23skdu/longbow/internal/simd/simd.go:831.15,833.5 1 1
github.com/23skdu/longbow/internal/simd/simd.go:833.10,835.5 1 1
github.com/23skdu/longbow/internal/simd/simd.go:837.17,838.25 1 1
github.com/23skdu/longbow/internal/simd/simd.go:838.25,839.16 1 1
github.com/23skdu/longbow/internal/simd/simd.go:839.16,841.5 1 1
github.com/23skdu/longbow/internal/simd/simd.go:841.10,843.5 1 1
github.com/23skdu/longbow/internal/simd/simd.go:845.17,846.25 1 1
github.com/23skdu/longbow/internal/simd/simd.go:846.25,847.15 1 1
github.com/23skdu/longbow/internal/simd/simd.go:847.15,849.5 1 1
github.com/23skdu/longbow/internal/simd/simd.go:849.10,851.5 1 1
github.com/23skdu/longbow/internal/simd/simd.go:853.17,854.25 1 1
github.com/23skdu/longbow/internal/simd/simd.go:854.25,855.16 1 1
github.com/23skdu/longbow/internal/simd/simd.go:855.16,857.5 1 1
github.com/23skdu/longbow/internal/simd/simd.go:857.10,859.5 1 1
github.com/23skdu/longbow/internal/simd/simd.go:861.10,863.25 1 0
github.com/23skdu/longbow/internal/simd/simd.go:863.25,864.16 1 0
github.com/23skdu/longbow/internal/simd/simd.go:864.16,866.5 1 0
github.com/23skdu/longbow/internal/simd/simd.go:866.10,868.5 1 0
github.com/23skdu/longbow/internal/simd/simd.go:871.2,871.12 1 1
github.com/23skdu/longbow/internal/simd/simd.go:875.86,876.12 1 1
github.com/23skdu/longbow/internal/simd/simd.go:877.17,878.25 1 1
github.com/23skdu/longbow/internal/simd/simd.go:878.25,879.16 1 1
github.com/23skdu/longbow/internal/simd/simd.go:879.16,881.5 1 1
github.com/23skdu/longbow/internal/simd/simd.go:881.10,883.5 1 0
github.com/23skdu/longbow/internal/simd/simd.go:885.18,886.25 1 0
github.com/23skdu/longbow/internal/simd/simd.go:886.25,887.16 1 0
github.com/23skdu/longbow/internal/simd/simd.go:887.16,889.5 1 0
github.com/23skdu/longbow/internal/simd/simd.go:889.10,891.5 1 0
github.com/23skdu/longbow/internal/simd/simd.go:893.17,894.25 1 0
github.com/23skdu/longbow/internal/simd/simd.go:894.25,895.15 1 0
github.com/23skdu/longbow/internal/simd/simd.go:895.15,897.5 1 0
github.com/23skdu/longbow/internal/simd/simd.go:897.10,899.5 1 0
github.com/23skdu/longbow/internal/simd/simd.go:901.17,902.25 1 0
github.com/23skdu/longbow/internal/simd/simd.go:902.25,903.16 1 0
github.com/23skdu/longbow/internal/simd/simd.go:903.16,905.5 1 0
github.com/23skdu/longbow/internal/simd/simd.go:905.10,907.5 1 0
github.com/23skdu/longbow/internal/simd/simd.go:909.17,910.25 1 0
github.com/23skdu/longbow/internal/simd/simd.go:910.25,911.15 1 0
github.com/23skdu/longbow/internal/simd/simd.go:911.15,913.5 1 0
github.com/23skdu/longbow/internal/simd/simd.go:913.10,915.5 1 0
github.com/23skdu/longbow/internal/simd/simd.go:917.17,918.25 1 0
github.com/23skdu/longbow/internal/simd/simd.go:918.25,919.16 1 0
github.com/23skdu/longbow/internal/simd/simd.go:919.16,921.5 1 0
github.com/23skdu/longbow/internal/simd/simd.go:921.10,923.5 1 0
github.com/23skdu/longbow/internal/simd/simd.go:925.10,927.25 1 0
github.com/23skdu/longbow/internal/simd/simd.go:927.25,928.16 1 0
github.com/23skdu/longbow/internal/simd/simd.go:928.16,930.5 1 0
github.com/23skdu/longbow/internal/simd/simd.go:930.10,932.5 1 0
github.com/23skdu/longbow/internal/simd/simd.go:935.2,935.12 1 1
github.com/23skdu/longbow/internal/simd/simd.go:942.66,943.22 1 1
github.com/23skdu/longbow/internal/simd/simd.go:943.22,945.3 1 0
github.com/23skdu/longbow/internal/simd/simd.go:946.2,949.25 4 1
github.com/23skdu/longbow/internal/simd/simd.go:949.25,958.3 8 1
github.com/23skdu/longbow/internal/simd/simd.go:959.2,959.19 1 1
github.com/23skdu/longbow/internal/simd/simd.go:959.19,962.3 2 1
github.com/23skdu/longbow/internal/simd/simd.go:963.2,963.68 1 1
github.com/23skdu/longbow/internal/simd/simd.go:966.60,967.22 1 1
github.com/23skdu/longbow/internal/simd/simd.go:967.22,969.3 1 0
github.com/23skdu/longbow/internal/simd/simd.go:970.2,973.25 4 1
github.com/23skdu/longbow/internal/simd/simd.go:973.25,978.3 4 1
github.com/23skdu/longbow/internal/simd/simd.go:979.2,979.19 1 1
github.com/23skdu/longbow/internal/simd/simd.go:979.19,981.3 1 1
github.com/23skdu/longbow/internal/simd/simd.go:982.2,982.39 1 1
github.com/23skdu/longbow/internal/simd/simd.go:985.63,986.22 1 1
github.com/23skdu/longbow/internal/simd/simd.go:986.22,988.3 1 0
github.com/23skdu/longbow/internal/simd/simd.go:989.2,994.25 6 1
github.com/23skdu/longbow/internal/simd/simd.go:994.25,1009.3 14 1
github.com/23skdu/longbow/internal/simd/simd.go:1010.2,1010.19 1 1
github.com/23skdu/longbow/internal/simd/simd.go:1010.19,1015.3 4 1
github.com/23skdu/longbow/internal/simd/simd.go:1016.2,1019.30 4 1
github.com/23skdu/longbow/internal/simd/simd.go:1019.30,1021.3 1 1
github.com/23skdu/longbow/internal/simd/simd.go:1022.2,1022.77 1 1
github.com/23skdu/longbow/internal/simd/simd_arm64.go:49.53,50.22 1 1
github.com/23skdu/longbow/internal/simd/simd_arm64.go:50.22,52.3 1 0
github.com/23skdu/longbow/internal/simd/simd_arm64.go:53.2,53.17 1 1
github.com/23skdu/longbow/internal/simd/simd_arm64.go:53.17,55.3 1 0
github.com/23skdu/longbow/internal/simd/simd_arm64.go:56.2,56.39 1 1
github.com/23skdu/longbow/internal/simd/simd_arm64.go:59.47,60.22 1 1
github.com/23skdu/longbow/internal/simd/simd_arm64.go:60.22,62.3 1 0
github.com/23skdu/longbow/internal/simd/simd_arm64.go:63.2,63.17 1 1
github.com/23skdu/longbow/internal/simd/simd_arm64.go:63.17,65.3 1 0
github.com/23skdu/longbow/internal/simd/simd_arm64.go:66.2,66.33 1 1
github.com/23skdu/longbow/internal/simd/simd_arm64.go:70.56,72.2 1 0
github.com/23skdu/longbow/internal/simd/simd_arm64.go:75.56,77.2 1 0
github.com/23skdu/longbow/internal/simd/simd_arm64.go:80.57,82.2 1 0
github.com/23skdu/longbow/internal/simd/simd_arm64.go:84.56,86.2 1 1
github.com/23skdu/longbow/internal/simd/simd_arm64.go:88.50,90.2 1 1
github.com/23skdu/longbow/internal/simd/simd_arm64.go:92.50,94.2 1 0
github.com/23skdu/longbow/internal/simd/simd_arm64.go:96.51,98.2 1 0
github.com/23skdu/longbow/internal/simd/simd_arm64.go:100.50,102.2 1 1
github.com/23skdu/longbow/internal/simd/simd_arm64.go:105.50,106.23 1 1
github.com/23skdu/longbow/internal/simd/simd_arm64.go:106.23,108.3 1 0
github.com/23skdu/longbow/internal/simd/simd_arm64.go:110.2,110.22 1 1
github.com/23skdu/longbow/internal/simd/simd_arm64.go:110.22,112.3 1 0
github.com/23skdu/longbow/internal/simd/simd_arm64.go:114.2,118.25 4 1
github.com/23skdu/longbow/internal/simd/simd_arm64.go:118.25,122.3 3 1
github.com/23skdu/longbow/internal/simd/simd_arm64.go:124.2,124.19 1 1
github.com/23skdu/longbow/internal/simd/simd_arm64.go:124.19,128.3 3 1
github.com/23skdu/longbow/internal/simd/simd_arm64.go:130.2,130.30 1 1
github.com/23skdu/longbow/internal/simd/simd_arm64.go:130.30,132.3 1 1
github.com/23skdu/longbow/internal/simd/simd_arm64.go:133.2,133.77 1 1
github.com/23skdu/longbow/internal/simd/simd_arm64.go:136.86,138.2 1 0
github.com/23skdu/longbow/internal/simd/simd_arm64.go:139.88,140.28 1 1
github.com/23skdu/longbow/internal/simd/simd_arm64.go:140.28,142.17 2 1
github.com/23skdu/longbow/internal/simd/simd_arm64.go:142.17,144.4 1 0
github.com/23skdu/longbow/internal/simd/simd_arm64.go:145.3,145.17 1 1
github.com/23skdu/longbow/internal/simd/simd_arm64.go:147.2,147.12 1 1
github.com/23skdu/longbow/internal/simd/simd_arm64.go:150.82,151.28 1 1
github.com/23skdu/longbow/internal/simd/simd_arm64.go:151.28,153.17 2 1
github.com/23skdu/longbow/internal/simd/simd_arm64.go:153.17,155.4 1 0
github.com/23skdu/longbow/internal/simd/simd_arm64.go:156.3,156.17 1 1
github.com/23skdu/longbow/internal/simd/simd_arm64.go:158.2,158.12 1 1
github.com/23skdu/longbow/internal/simd/simd_arm64.go:161.85,162.28 1 1
github.com/23skdu/longbow/internal/simd/simd_arm64.go:162.28,164.17 2 1
github.com/23skdu/longbow/internal/simd/simd_arm64.go:164.17,166.4 1 0
github.com/23skdu/longbow/internal/simd/simd_arm64.go:167.3,167.17 1 1
github.com/23skdu/longbow/internal/simd/simd_arm64.go:169.2,169.12 1 1
github.com/23skdu/longbow/internal/simd/simd_arm64.go:172.96,174.2 1 0
github.com/23skdu/longbow/internal/simd/simd_arm64.go:176.53,177.22 1 1
github.com/23skdu/longbow/internal/simd/simd_arm64.go:177.22,179.3 1 0
github.com/23skdu/longbow/internal/simd/simd_arm64.go:180.2,180.17 1 1
github.com/23skdu/longbow/internal/simd/simd_arm64.go:180.17,182.3 1 0
github.com/23skdu/longbow/internal/simd/simd_arm64.go:183.2,183.39 1 1
github.com/23skdu/longbow/internal/simd/simd_arm64.go:186.58,188.30 2 1
github.com/23skdu/longbow/internal/simd/simd_arm64.go:188.30,190.3 1 0
github.com/23skdu/longbow/internal/simd/simd_arm64.go:193.2,193.12 1 1
github.com/23skdu/longbow/internal/simd/simd_arm64.go:193.12,195.3 1 1
github.com/23skdu/longbow/internal/simd/simd_arm64.go:198.2,198.29 1 1
github.com/23skdu/longbow/internal/simd/simd_arm64.go:198.29,200.3 1 1
github.com/23skdu/longbow/internal/simd/simd_arm64.go:203.2,203.12 1 1
github.com/23skdu/longbow/internal/simd/simd_arm64.go:203.12,204.31 1 1
github.com/23skdu/longbow/internal/simd/simd_arm64.go:204.31,205.35 1 1
github.com/23skdu/longbow/internal/simd/simd_arm64.go:205.35,208.32 2 1
github.com/23skdu/longbow/internal/simd/simd_arm64.go:208.32,210.6 1 1
github.com/23skdu/longbow/internal/simd/simd_arm64.go:212.5,212.30 1 1
github.com/23skdu/longbow/internal/simd/simd_arm64.go:212.30,214.6 1 0
github.com/23skdu/longbow/internal/simd/simd_arm64.go:216.5,216.24 1 1
github.com/23skdu/longbow/internal/simd/simd_arm64.go:216.24,221.6 4 0
github.com/23skdu/longbow/internal/simd/simd_arm64.go:226.2,226.12 1 1
github.com/23skdu/longbow/internal/simd/simd_arm64.go:229.56,232.13 2 1
github.com/23skdu/longbow/internal/simd/simd_arm64.go:232.13,234.3 1 1
github.com/23skdu/longbow/internal/simd/simd_arm64.go:234.8,235.20 1 0
github.com/23skdu/longbow/internal/simd/simd_arm64.go:235.20,237.66 1 0
github.com/23skdu/longbow/internal/simd/simd_arm64.go:237.66,239.5 1 0
github.com/23skdu/longbow/internal/simd/simd_arm64.go:244.2,244.44 1 1
github.com/23skdu/longbow/internal/simd/simd_baseline.go:13.60,14.22 1 1
github.com/23skdu/longbow/internal/simd/simd_baseline.go:14.22,16.3 1 0
github.com/23skdu/longbow/internal/simd/simd_baseline.go:17.2,20.25 4 1
github.com/23skdu/longbow/internal/simd/simd_baseline.go:20.25,29.3 8 0
github.com/23skdu/longbow/internal/simd/simd_baseline.go:30.2,30.19 1 1
github.com/23skdu/longbow/internal/simd/simd_baseline.go:30.19,33.3 2 1
github.com/23skdu/longbow/internal/simd/simd_baseline.go:34.2,34.68 1 1
github.com/23skdu/longbow/internal/simd/simd_baseline.go:37.54,38.22 1 1
github.com/23skdu/longbow/internal/simd/simd_baseline.go:38.22,40.3 1 0
github.com/23skdu/longbow/internal/simd/simd_baseline.go:41.2,44.25 4 1
github.com/23skdu/longbow/internal/simd/simd_baseline.go:44.25,49.3 4 0
github.com/23skdu/longbow/internal/simd/simd_baseline.go:50.2,50.19 1 1
github.com/23skdu/longbow/internal/simd/simd_baseline.go:50.19,52.3 1 1
github.com/23skdu/longbow/internal/simd/simd_baseline.go:53.2,53.39 1 1
github.com/23skdu/longbow/internal/simd/simd_baseline.go:59.62,60.22 1 1
github.com/23skdu/longbow/internal/simd/simd_baseline.go:60.22,62.3 1 0
github.com/23skdu/longbow/internal/simd/simd_baseline.go:63.2,66.25 4 1
github.com/23skdu/longbow/internal/simd/simd_baseline.go:66.25,75.3 8 0
github.com/23skdu/longbow/internal/simd/simd_baseline.go:76.2,76.19 1 1
github.com/23skdu/longbow/internal/simd/simd_baseline.go:76.19,79.3 2 1
github.com/23skdu/longbow/internal/simd/simd_baseline.go:80.2,80.68 1 1
github.com/23skdu/longbow/internal/simd/simd_baseline.go:83.56,84.22 1 1
github.com/23skdu/longbow/internal/simd/simd_baseline.go:84.22,86.3 1 0
github.com/23skdu/longbow/internal/simd/simd_baseline.go:87.2,90.25 4 1
github.com/23skdu/longbow/internal/simd/simd_baseline.go:90.25,95.3 4 0
github.com/23skdu/longbow/internal/simd/simd_baseline.go:96.2,96.19 1 1
github.com/23skdu/longbow/internal/simd/simd_baseline.go:96.19,98.3 1 1
github.com/23skdu/longbow/internal/simd/simd_baseline.go:99.2,99.39 1 1
github.com/23skdu/longbow/internal/simd/simd_baseline.go:103.62,104.22 1 1
github.com/23skdu/longbow/internal/simd/simd_baseline.go:104.22,106.3 1 0
github.com/23skdu/longbow/internal/simd/simd_baseline.go:107.2,110.25 4 1
github.com/23skdu/longbow/internal/simd/simd_baseline.go:110.25,119.3 8 0
github.com/23skdu/longbow/internal/simd/simd_baseline.go:120.2,120.19 1 1
github.com/23skdu/longbow/internal/simd/simd_baseline.go:120.19,123.3 2 1
github.com/23skdu/longbow/internal/simd/simd_baseline.go:124.2,124.68 1 1
github.com/23skdu/longbow/internal/simd/simd_baseline.go:127.56,128.22 1 1
github.com/23skdu/longbow/internal/simd/simd_baseline.go:128.22,130.3 1 0
github.com/23skdu/longbow/internal/simd/simd_baseline.go:131.2,134.25 4 1
github.com/23skdu/longbow/internal/simd/simd_baseline.go:134.25,139.3 4 0
github.com/23skdu/longbow/internal/simd/simd_baseline.go:140.2,140.19 1 1
github.com/23skdu/longbow/internal/simd/simd_baseline.go:140.19,142.3 1 1
github.com/23skdu/longbow/internal/simd/simd_baseline.go:143.2,143.48 1 1
github.com/23skdu/longbow/internal/simd/simd_baseline.go:147.62,148.22 1 1
github.com/23skdu/longbow/internal/simd/simd_baseline.go:148.22,150.3 1 0
github.com/23skdu/longbow/internal/simd/simd_baseline.go:151.2,154.25 4 1
github.com/23skdu/longbow/internal/simd/simd_baseline.go:154.25,163.3 8 0
github.com/23skdu/longbow/internal/simd/simd_baseline.go:164.2,164.19 1 1
github.com/23skdu/longbow/internal/simd/simd_baseline.go:164.19,167.3 2 1
github.com/23skdu/longbow/internal/simd/simd_baseline.go:168.2,168.59 1 1
github.com/23skdu/longbow/internal/simd/simd_baseline.go:172.68,173.22 1 0
github.com/23skdu/longbow/internal/simd/simd_baseline.go:173.22,175.3 1 0
github.com/23skdu/longbow/internal/simd/simd_baseline.go:176.2,179.25 4 0
github.com/23skdu/longbow/internal/simd/simd_baseline.go:179.25,189.3 8 0
github.com/23skdu/longbow/internal/simd/simd_baseline.go:190.2,190.19 1 0
github.com/23skdu/longbow/internal/simd/simd_baseline.go:190.19,193.3 2 0
github.com/23skdu/longbow/internal/simd/simd_baseline.go:194.2,194.68 1 0
github.com/23skdu/longbow/internal/simd/simd_baseline.go:197.62,198.22 1 1
github.com/23skdu/longbow/internal/simd/simd_baseline.go:198.22,200.3 1 0
github.com/23skdu/longbow/internal/simd/simd_baseline.go:201.2,204.25 4 1
github.com/23skdu/longbow/internal/simd/simd_baseline.go:204.25,209.3 4 0
github.com/23skdu/longbow/internal/simd/simd_baseline.go:210.2,210.19 1 1
github.com/23skdu/longbow/internal/simd/simd_baseline.go:210.19,212.3 1 1
github.com/23skdu/longbow/internal/simd/simd_baseline.go:213.2,213.45 1 1
github.com/23skdu/longbow/internal/simd/simd_baseline.go:217.62,218.22 1 0
github.com/23skdu/longbow/internal/simd/simd_baseline.go:218.22,220.3 1 0
github.com/23skdu/longbow/internal/simd/simd_baseline.go:221.2,224.25 4 0
github.com/23skdu/longbow/internal/simd/simd_baseline.go:224.25,233.3 8 0
github.com/23skdu/longbow/internal/simd/simd_baseline.go:234.2,234.19 1 0
github.com/23skdu/longbow/internal/simd/simd_baseline.go:234.19,237.3 2 0
github.com/23skdu/longbow/internal/simd/simd_baseline.go:238.2,238.68 1 0
github.com/23skdu/longbow/internal/simd/simd_baseline.go:241.64,242.22 1 1
github.com/23skdu/longbow/internal/simd/simd_baseline.go:242.22,244.3 1 0
github.com/23skdu/longbow/internal/simd/simd_baseline.go:245.2,248.25 4 1
github.com/23skdu/longbow/internal/simd/simd_baseline.go:248.25,257.3 8 0
github.com/23skdu/longbow/internal/simd/simd_baseline.go:258.2,258.19 1 1
github.com/23skdu/longbow/internal/simd/simd_baseline.go:258.19,261.3 2 1
github.com/23skdu/longbow/internal/simd/simd_baseline.go:262.2,262.68 1 1
github.com/23skdu/longbow/internal/simd/simd_baseline.go:265.64,266.22 1 1
github.com/23skdu/longbow/internal/simd/simd_baseline.go:266.22,268.3 1 0
github.com/23skdu/longbow/internal/simd/simd_baseline.go:269.2,272.25 4 1
github.com/23skdu/longbow/internal/simd/simd_baseline.go:272.25,281.3 8 0
github.com/23skdu/longbow/internal/simd/simd_baseline.go:282.2,282.19 1 1
github.com/23skdu/longbow/internal/simd/simd_baseline.go:282.19,285.3 2 1
github.com/23skdu/longbow/internal/simd/simd_baseline.go:286.2,286.59 1 1
github.com/23skdu/longbow/internal/simd/simd_baseline.go:289.64,290.22 1 1
github.com/23skdu/longbow/internal/simd/simd_baseline.go:290.22,292.3 1 0
github.com/23skdu/longbow/internal/simd/simd_baseline.go:293.2,296.25 4 1
github.com/23skdu/longbow/internal/simd/simd_baseline.go:296.25,305.3 8 0
github.com/23skdu/longbow/internal/simd/simd_baseline.go:306.2,306.19 1 1
github.com/23skdu/longbow/internal/simd/simd_baseline.go:306.19,309.3 2 1
github.com/23skdu/longbow/internal/simd/simd_baseline.go:310.2,310.59 1 1
github.com/23skdu/longbow/internal/simd/simd_baseline.go:314.70,315.22 1 0
github.com/23skdu/longbow/internal/simd/simd_baseline.go:315.22,317.3 1 0
github.com/23skdu/longbow/internal/simd/simd_baseline.go:318.2,321.25 4 0
github.com/23skdu/longbow/internal/simd/simd_baseline.go:321.25,331.3 8 0
github.com/23skdu/longbow/internal/simd/simd_baseline.go:332.2,332.19 1 0
github.com/23skdu/longbow/internal/simd/simd_baseline.go:332.19,335.3 2 0
github.com/23skdu/longbow/internal/simd/simd_baseline.go:336.2,336.59 1 0
github.com/23skdu/longbow/internal/simd/simd_baseline.go:340.66,341.22 1 1
github.com/23skdu/longbow/internal/simd/simd_baseline.go:341.22,343.3 1 0
github.com/23skdu/longbow/internal/simd/simd_baseline.go:344.2,347.25 4 1
github.com/23skdu/longbow/internal/simd/simd_baseline.go:347.25,356.3 8 1
github.com/23skdu/longbow/internal/simd/simd_baseline.go:357.2,357.19 1 1
github.com/23skdu/longbow/internal/simd/simd_baseline.go:357.19,360.3 2 1
github.com/23skdu/longbow/internal/simd/simd_baseline.go:361.2,361.59 1 1
github.com/23skdu/longbow/internal/simd/simd_baseline.go:364.60,365.22 1 1
github.com/23skdu/longbow/internal/simd/simd_baseline.go:365.22,367.3 1 0
github.com/23skdu/longbow/internal/simd/simd_baseline.go:368.2,371.25 4 1
github.com/23skdu/longbow/internal/simd/simd_baseline.go:371.25,376.3 4 1
github.com/23skdu/longbow/internal/simd/simd_baseline.go:377.2,377.19 1 1
github.com/23skdu/longbow/internal/simd/simd_baseline.go:377.19,379.3 1 1
github.com/23skdu/longbow/internal/simd/simd_baseline.go:380.2,380.48 1 1
github.com/23skdu/longbow/internal/simd/simd_baseline.go:383.58,384.22 1 1
github.com/23skdu/longbow/internal/simd/simd_baseline.go:384.22,386.3 1 0
github.com/23skdu/longbow/internal/simd/simd_baseline.go:387.2,390.25 4 1
github.com/23skdu/longbow/internal/simd/simd_baseline.go:390.25,395.3 4 0
github.com/23skdu/longbow/internal/simd/simd_baseline.go:396.2,396.19 1 1
github.com/23skdu/longbow/internal/simd/simd_baseline.go:396.19,398.3 1 1
github.com/23skdu/longbow/internal/simd/simd_baseline.go:399.2,399.48 1 1
github.com/23skdu/longbow/internal/simd/simd_baseline.go:402.58,403.22 1 1
github.com/23skdu/longbow/internal/simd/simd_baseline.go:403.22,405.3 1 0
github.com/23skdu/longbow/internal/simd/simd_baseline.go:406.2,409.25 4 1
github.com/23skdu/longbow/internal/simd/simd_baseline.go:409.25,414.3 4 0
github.com/23skdu/longbow/internal/simd/simd_baseline.go:415.2,415.19 1 1
github.com/23skdu/longbow/internal/simd/simd_baseline.go:415.19,417.3 1 1
github.com/23skdu/longbow/internal/simd/simd_baseline.go:418.2,418.48 1 1
github.com/23skdu/longbow/internal/simd/simd_baseline.go:421.56,422.22 1 1
github.com/23skdu/longbow/internal/simd/simd_baseline.go:422.22,424.3 1 0
github.com/23skdu/longbow/internal/simd/simd_baseline.go:425.2,428.25 4 1
github.com/23skdu/longbow/internal/simd/simd_baseline.go:428.25,433.3 4 0
github.com/23skdu/longbow/internal/simd/simd_baseline.go:434.2,434.19 1 1
github.com/23skdu/longbow/internal/simd/simd_baseline.go:434.19,436.3 1 1
github.com/23skdu/longbow/internal/simd/simd_baseline.go:437.2,437.48 1 1
github.com/23skdu/longbow/internal/simd/simd_baseline.go:440.58,441.22 1 1
github.com/23skdu/longbow/internal/simd/simd_baseline.go:441.22,443.3 1 0
github.com/23skdu/longbow/internal/simd/simd_baseline.go:444.2,447.25 4 1
github.com/23skdu/longbow/internal/simd/simd_baseline.go:447.25,452.3 4 0
github.com/23skdu/longbow/internal/simd/simd_baseline.go:453.2,453.19 1 1
github.com/23skdu/longbow/internal/simd/simd_baseline.go:453.19,455.3 1 1
github.com/23skdu/longbow/internal/simd/simd_baseline.go:456.2,456.48 1 1
github.com/23skdu/longbow/internal/simd/simd_baseline.go:459.64,460.22 1 1
github.com/23skdu/longbow/internal/simd/simd_baseline.go:460.22,462.3 1 0
github.com/23skdu/longbow/internal/simd/simd_baseline.go:463.2,467.25 5 1
github.com/23skdu/longbow/internal/simd/simd_baseline.go:467.25,478.3 10 0
github.com/23skdu/longbow/internal/simd/simd_baseline.go:479.2,479.19 1 1
github.com/23skdu/longbow/internal/simd/simd_baseline.go:479.19,482.3 2 1
github.com/23skdu/longbow/internal/simd/simd_baseline.go:483.2,483.88 1 1
github.com/23skdu/longbow/internal/simd/simd_baseline.go:487.63,488.22 1 1
github.com/23skdu/longbow/internal/simd/simd_baseline.go:488.22,490.3 1 0
github.com/23skdu/longbow/internal/simd/simd_baseline.go:491.2,491.17 1 1
github.com/23skdu/longbow/internal/simd/simd_baseline.go:491.17,493.3 1 0
github.com/23skdu/longbow/internal/simd/simd_baseline.go:495.2,500.25 4 1
github.com/23skdu/longbow/internal/simd/simd_baseline.go:500.25,504.3 3 1
github.com/23skdu/longbow/internal/simd/simd_baseline.go:507.2,507.19 1 1
github.com/23skdu/longbow/internal/simd/simd_baseline.go:507.19,511.3 3 1
github.com/23skdu/longbow/internal/simd/simd_baseline.go:514.2,514.36 1 1
github.com/23skdu/longbow/internal/simd/simd_baseline.go:514.36,516.3 1 1
github.com/23skdu/longbow/internal/simd/simd_baseline.go:518.2,520.22 2 1
github.com/23skdu/longbow/internal/simd/simd_baseline.go:520.22,522.3 1 0
github.com/23skdu/longbow/internal/simd/simd_baseline.go:522.8,522.30 1 1
github.com/23skdu/longbow/internal/simd/simd_baseline.go:522.30,524.3 1 0
github.com/23skdu/longbow/internal/simd/simd_baseline.go:527.2,527.39 1 1
github.com/23skdu/longbow/internal/simd/simd_batch_baseline.go:8.102,9.28 1 1
github.com/23skdu/longbow/internal/simd/simd_batch_baseline.go:9.28,10.15 1 1
github.com/23skdu/longbow/internal/simd/simd_batch_baseline.go:10.15,11.12 1 0
github.com/23skdu/longbow/internal/simd/simd_batch_baseline.go:13.3,14.17 2 1
github.com/23skdu/longbow/internal/simd/simd_batch_baseline.go:14.17,16.4 1 0
github.com/23skdu/longbow/internal/simd/simd_batch_baseline.go:17.3,17.17 1 1
github.com/23skdu/longbow/internal/simd/simd_batch_baseline.go:19.2,19.12 1 1
github.com/23skdu/longbow/internal/simd/simd_bitops.go:3.39,4.21 1 1
github.com/23skdu/longbow/internal/simd/simd_bitops.go:4.21,6.3 1 1
github.com/23skdu/longbow/internal/simd/simd_bitops.go:9.38,10.21 1 1
github.com/23skdu/longbow/internal/simd/simd_bitops.go:10.21,12.3 1 1
github.com/23skdu/longbow/internal/simd/simd_bitops.go:15.34,16.21 1 0
github.com/23skdu/longbow/internal/simd/simd_bitops.go:16.21,17.18 1 0
github.com/23skdu/longbow/internal/simd/simd_bitops.go:17.18,19.4 1 0
github.com/23skdu/longbow/internal/simd/simd_bitops.go:19.9,21.4 1 0
github.com/23skdu/longbow/internal/simd/simd_bitops.go:25.41,26.24 1 1
github.com/23skdu/longbow/internal/simd/simd_bitops.go:26.24,27.13 1 1
github.com/23skdu/longbow/internal/simd/simd_bitops.go:27.13,29.4 1 0
github.com/23skdu/longbow/internal/simd/simd_bitops.go:31.2,31.13 1 1
github.com/23skdu/longbow/internal/simd/simd_bitops.go:37.29,44.2 1 0
github.com/23skdu/longbow/internal/simd/simd_bitops.go:50.41,52.2 1 1
github.com/23skdu/longbow/internal/simd/simd_bitops.go:55.48,57.30 2 0
github.com/23skdu/longbow/internal/simd/simd_bitops.go:57.30,59.3 1 0
github.com/23skdu/longbow/internal/simd/simd_bitops.go:60.2,60.13 1 0
github.com/23skdu/longbow/internal/simd/simd_bitops.go:67.32,80.2 10 0
github.com/23skdu/longbow/internal/simd/simd_blocked.go:22.64,23.35 1 1
github.com/23skdu/longbow/internal/simd/simd_blocked.go:23.35,25.3 1 1
github.com/23skdu/longbow/internal/simd/simd_blocked.go:27.2,30.17 3 1
github.com/23skdu/longbow/internal/simd/simd_blocked.go:30.17,32.3 1 0
github.com/23skdu/longbow/internal/simd/simd_blocked.go:34.2,35.68 2 1
github.com/23skdu/longbow/internal/simd/simd_blocked.go:35.68,39.17 4 1
github.com/23skdu/longbow/internal/simd/simd_blocked.go:39.17,41.4 1 0
github.com/23skdu/longbow/internal/simd/simd_blocked.go:42.3,42.11 1 1
github.com/23skdu/longbow/internal/simd/simd_blocked.go:46.2,46.16 1 1
github.com/23skdu/longbow/internal/simd/simd_blocked.go:46.16,48.17 2 1
github.com/23skdu/longbow/internal/simd/simd_blocked.go:48.17,50.4 1 0
github.com/23skdu/longbow/internal/simd/simd_blocked.go:51.3,51.11 1 1
github.com/23skdu/longbow/internal/simd/simd_blocked.go:54.2,54.17 1 1
github.com/23skdu/longbow/internal/simd/simd_blocked.go:58.56,59.35 1 1
github.com/23skdu/longbow/internal/simd/simd_blocked.go:59.35,61.3 1 0
github.com/23skdu/longbow/internal/simd/simd_blocked.go:63.2,65.68 3 1
github.com/23skdu/longbow/internal/simd/simd_blocked.go:65.68,67.17 2 1
github.com/23skdu/longbow/internal/simd/simd_blocked.go:67.17,69.4 1 0
github.com/23skdu/longbow/internal/simd/simd_blocked.go:70.3,70.11 1 1
github.com/23skdu/longbow/internal/simd/simd_blocked.go:74.2,74.16 1 1
github.com/23skdu/longbow/internal/simd/simd_blocked.go:74.16,76.17 2 1
github.com/23skdu/longbow/internal/simd/simd_blocked.go:76.17,78.4 1 0
github.com/23skdu/longbow/internal/simd/simd_blocked.go:79.3,79.11 1 1
github.com/23skdu/longbow/internal/simd/simd_blocked.go:82.2,82.46 1 1
github.com/23skdu/longbow/internal/simd/simd_blocked.go:87.97,88.40 1 1
github.com/23skdu/longbow/internal/simd/simd_blocked.go:88.40,90.3 1 0
github.com/23skdu/longbow/internal/simd/simd_blocked.go:92.2,95.25 2 1
github.com/23skdu/longbow/internal/simd/simd_blocked.go:95.25,97.3 1 1
github.com/23skdu/longbow/internal/simd/simd_blocked.go:99.2,103.50 3 1
github.com/23skdu/longbow/internal/simd/simd_blocked.go:103.50,105.17 2 1
github.com/23skdu/longbow/internal/simd/simd_blocked.go:105.17,107.4 1 0
github.com/23skdu/longbow/internal/simd/simd_blocked.go:108.3,111.32 2 1
github.com/23skdu/longbow/internal/simd/simd_blocked.go:111.32,114.18 3 1
github.com/23skdu/longbow/internal/simd/simd_blocked.go:114.18,116.5 1 0
github.com/23skdu/longbow/internal/simd/simd_blocked.go:117.4,117.19 1 1
github.com/23skdu/longbow/internal/simd/simd_blocked.go:122.2,122.25 1 1
github.com/23skdu/longbow/internal/simd/simd_blocked.go:122.25,124.3 1 1
github.com/23skdu/longbow/internal/simd/simd_blocked.go:125.2,125.12 1 1
github.com/23skdu/longbow/internal/simd/simd_blocked.go:129.90,130.40 1 0
github.com/23skdu/longbow/internal/simd/simd_blocked.go:130.40,132.3 1 0
github.com/23skdu/longbow/internal/simd/simd_blocked.go:135.2,135.25 1 0
github.com/23skdu/longbow/internal/simd/simd_blocked.go:135.25,137.3 1 0
github.com/23skdu/longbow/internal/simd/simd_blocked.go:139.2,144.50 4 0
github.com/23skdu/longbow/internal/simd/simd_blocked.go:144.50,146.17 2 0
github.com/23skdu/longbow/internal/simd/simd_blocked.go:146.17,148.4 1 0
github.com/23skdu/longbow/internal/simd/simd_blocked.go:149.3,152.32 2 0
github.com/23skdu/longbow/internal/simd/simd_blocked.go:152.32,154.18 2 0
github.com/23skdu/longbow/internal/simd/simd_blocked.go:154.18,156.5 1 0
github.com/23skdu/longbow/internal/simd/simd_blocked.go:157.4,157.19 1 0
github.com/23skdu/longbow/internal/simd/simd_blocked.go:160.2,160.12 1 0
github.com/23skdu/longbow/internal/simd/simd_blocked.go:166.72,167.22 1 1
github.com/23skdu/longbow/internal/simd/simd_blocked.go:167.22,169.3 1 0
github.com/23skdu/longbow/internal/simd/simd_blocked.go:170.2,170.39 1 1
github.com/23skdu/longbow/internal/simd/simd_blocked.go:170.39,172.3 1 0
github.com/23skdu/longbow/internal/simd/simd_blocked.go:174.2,176.17 3 1
github.com/23skdu/longbow/internal/simd/simd_blocked.go:176.17,178.3 1 0
github.com/23skdu/longbow/internal/simd/simd_blocked.go:180.2,184.46 4 1
github.com/23skdu/longbow/internal/simd/simd_blocked.go:184.46,187.23 2 1
github.com/23skdu/longbow/internal/simd/simd_blocked.go:187.23,190.4 2 1
github.com/23skdu/longbow/internal/simd/simd_blocked.go:192.3,195.17 4 1
github.com/23skdu/longbow/internal/simd/simd_blocked.go:195.17,197.4 1 0
github.com/23skdu/longbow/internal/simd/simd_blocked.go:198.3,198.11 1 1
github.com/23skdu/longbow/internal/simd/simd_blocked.go:202.2,202.16 1 1
github.com/23skdu/longbow/internal/simd/simd_blocked.go:202.16,204.17 2 0
github.com/23skdu/longbow/internal/simd/simd_blocked.go:204.17,206.4 1 0
github.com/23skdu/longbow/internal/simd/simd_blocked.go:207.3,207.11 1 0
github.com/23skdu/longbow/internal/simd/simd_blocked.go:210.2,210.17 1 1
github.com/23skdu/longbow/internal/simd/simd_blocked.go:215.71,216.22 1 1
github.com/23skdu/longbow/internal/simd/simd_blocked.go:216.22,218.3 1 0
github.com/23skdu/longbow/internal/simd/simd_blocked.go:219.2,219.39 1 1
github.com/23skdu/longbow/internal/simd/simd_blocked.go:219.39,221.3 1 0
github.com/23skdu/longbow/internal/simd/simd_blocked.go:223.2,228.46 5 1
github.com/23skdu/longbow/internal/simd/simd_blocked.go:228.46,231.23 2 1
github.com/23skdu/longbow/internal/simd/simd_blocked.go:231.23,234.4 2 1
github.com/23skdu/longbow/internal/simd/simd_blocked.go:236.3,237.17 2 1
github.com/23skdu/longbow/internal/simd/simd_blocked.go:237.17,239.4 1 0
github.com/23skdu/longbow/internal/simd/simd_blocked.go:240.3,240.11 1 1
github.com/23skdu/longbow/internal/simd/simd_blocked.go:244.2,244.16 1 1
github.com/23skdu/longbow/internal/simd/simd_blocked.go:244.16,246.17 2 0
github.com/23skdu/longbow/internal/simd/simd_blocked.go:246.17,248.4 1 0
github.com/23skdu/longbow/internal/simd/simd_blocked.go:249.3,249.11 1 0
github.com/23skdu/longbow/internal/simd/simd_blocked.go:252.2,252.46 1 1
github.com/23skdu/longbow/internal/simd/simd_blocked.go:255.59,257.2 1 1
github.com/23skdu/longbow/internal/simd/simd_blocked.go:259.59,261.2 1 1
github.com/23skdu/longbow/internal/simd/simd_blocked.go:263.60,265.2 1 1
github.com/23skdu/longbow/internal/simd/simd_blocked.go:267.60,269.2 1 1
github.com/23skdu/longbow/internal/simd/simd_blocked.go:271.60,273.2 1 1
github.com/23skdu/longbow/internal/simd/simd_blocked.go:275.60,277.2 1 1
github.com/23skdu/longbow/internal/simd/simd_blocked.go:279.78,280.22 1 1
github.com/23skdu/longbow/internal/simd/simd_blocked.go:280.22,282.3 1 0
github.com/23skdu/longbow/internal/simd/simd_blocked.go:283.2,283.17 1 1
[...]
github.com/23skdu/longbow/internal/query/zero_alloc_utils.go:247.2,247.17 1 1
github.com/23skdu/longbow/internal/query/zero_alloc_utils.go:250.52,252.22 2 1
github.com/23skdu/longbow/internal/query/zero_alloc_utils.go:252.22,254.23 2 1
github.com/23skdu/longbow/internal/query/zero_alloc_utils.go:254.23,256.4 1 0
github.com/23skdu/longbow/internal/query/zero_alloc_utils.go:257.3,257.23 1 1
github.com/23skdu/longbow/internal/query/zero_alloc_utils.go:257.23,259.4 1 1
github.com/23skdu/longbow/internal/query/zero_alloc_utils.go:260.3,262.17 3 1
github.com/23skdu/longbow/internal/query/zero_alloc_utils.go:262.17,264.4 1 1
github.com/23skdu/longbow/internal/query/zero_alloc_utils.go:265.3,266.43 2 1
github.com/23skdu/longbow/internal/query/zero_alloc_utils.go:266.43,268.4 1 0
github.com/23skdu/longbow/internal/query/zero_alloc_utils.go:269.3,271.17 3 1
github.com/23skdu/longbow/internal/query/zero_alloc_utils.go:271.17,273.4 1 0
github.com/23skdu/longbow/internal/query/zero_alloc_utils.go:274.3,275.42 2 1
github.com/23skdu/longbow/internal/query/zero_alloc_utils.go:275.42,277.4 1 1
github.com/23skdu/longbow/internal/query/zero_alloc_utils.go:279.2,279.43 1 0
github.com/23skdu/longbow/internal/query/zero_alloc_utils.go:282.51,284.22 2 1
github.com/23skdu/longbow/internal/query/zero_alloc_utils.go:284.22,286.23 2 1
github.com/23skdu/longbow/internal/query/zero_alloc_utils.go:286.23,288.4 1 0
github.com/23skdu/longbow/internal/query/zero_alloc_utils.go:289.3,289.23 1 1
github.com/23skdu/longbow/internal/query/zero_alloc_utils.go:289.23,291.4 1 1
github.com/23skdu/longbow/internal/query/zero_alloc_utils.go:292.3,294.17 3 1
github.com/23skdu/longbow/internal/query/zero_alloc_utils.go:294.17,296.4 1 0
github.com/23skdu/longbow/internal/query/zero_alloc_utils.go:297.3,298.42 2 1
github.com/23skdu/longbow/internal/query/zero_alloc_utils.go:298.42,300.4 1 1
github.com/23skdu/longbow/internal/query/zero_alloc_utils.go:302.2,302.42 1 0
github.com/23skdu/longbow/internal/query/zero_alloc_utils.go:305.34,307.2 1 0
github.com/23skdu/longbow/internal/query/zero_alloc_utils.go:309.66,311.42 2 1
github.com/23skdu/longbow/internal/query/zero_alloc_utils.go:311.42,313.3 1 0
github.com/23skdu/longbow/internal/query/zero_alloc_utils.go:314.2,315.22 2 1
github.com/23skdu/longbow/internal/query/zero_alloc_utils.go:315.22,317.43 2 1
github.com/23skdu/longbow/internal/query/zero_alloc_utils.go:317.43,318.23 1 1
github.com/23skdu/longbow/internal/query/zero_alloc_utils.go:318.23,320.5 1 1
github.com/23skdu/longbow/internal/query/zero_alloc_utils.go:321.4,321.22 1 1
github.com/23skdu/longbow/internal/query/zero_alloc_utils.go:323.3,324.17 2 1
github.com/23skdu/longbow/internal/query/zero_alloc_utils.go:324.17,326.4 1 0
github.com/23skdu/longbow/internal/query/zero_alloc_utils.go:327.3,329.43 3 1
github.com/23skdu/longbow/internal/query/zero_alloc_utils.go:329.43,331.4 1 0
github.com/23skdu/longbow/internal/query/zero_alloc_utils.go:332.3,334.14 3 1
github.com/23skdu/longbow/internal/query/zero_alloc_utils.go:335.16,337.18 2 1
github.com/23skdu/longbow/internal/query/zero_alloc_utils.go:337.18,339.5 1 0
github.com/23skdu/longbow/internal/query/zero_alloc_utils.go:340.4,341.16 2 1
github.com/23skdu/longbow/internal/query/zero_alloc_utils.go:342.25,344.18 2 1
github.com/23skdu/longbow/internal/query/zero_alloc_utils.go:344.18,346.5 1 0
github.com/23skdu/longbow/internal/query/zero_alloc_utils.go:347.4,348.16 2 1
github.com/23skdu/longbow/internal/query/zero_alloc_utils.go:349.16,350.24 1 1
github.com/23skdu/longbow/internal/query/zero_alloc_utils.go:350.24,352.19 2 1
github.com/23skdu/longbow/internal/query/zero_alloc_utils.go:352.19,354.6 1 0
github.com/23skdu/longbow/internal/query/zero_alloc_utils.go:355.5,356.17 2 1
github.com/23skdu/longbow/internal/query/zero_alloc_utils.go:357.10,359.168 2 0
github.com/23skdu/longbow/internal/query/zero_alloc_utils.go:359.168,361.6 1 0
github.com/23skdu/longbow/internal/query/zero_alloc_utils.go:362.5,362.42 1 0
github.com/23skdu/longbow/internal/query/zero_alloc_utils.go:364.16,366.18 2 1
github.com/23skdu/longbow/internal/query/zero_alloc_utils.go:366.18,368.5 1 0
github.com/23skdu/longbow/internal/query/zero_alloc_utils.go:369.4,370.16 2 1
github.com/23skdu/longbow/internal/query/zero_alloc_utils.go:371.18,374.18 3 1
github.com/23skdu/longbow/internal/query/zero_alloc_utils.go:374.18,376.5 1 0
github.com/23skdu/longbow/internal/query/zero_alloc_utils.go:377.4,378.16 2 1
github.com/23skdu/longbow/internal/query/zero_alloc_utils.go:379.11,381.18 2 0
github.com/23skdu/longbow/internal/query/zero_alloc_utils.go:381.18,383.5 1 0
github.com/23skdu/longbow/internal/query/zero_alloc_utils.go:385.3,386.42 2 1
github.com/23skdu/longbow/internal/query/zero_alloc_utils.go:386.42,388.4 1 1
github.com/23skdu/longbow/internal/query/zero_alloc_utils.go:390.2,390.20 1 0
github.com/23skdu/longbow/internal/query/zero_alloc_utils.go:393.82,394.42 1 1
github.com/23skdu/longbow/internal/query/zero_alloc_utils.go:394.42,396.3 1 1
github.com/23skdu/longbow/internal/query/zero_alloc_utils.go:397.2,398.22 2 1
github.com/23skdu/longbow/internal/query/zero_alloc_utils.go:398.22,400.43 2 1
github.com/23skdu/longbow/internal/query/zero_alloc_utils.go:400.43,401.23 1 1
github.com/23skdu/longbow/internal/query/zero_alloc_utils.go:401.23,403.5 1 1
github.com/23skdu/longbow/internal/query/zero_alloc_utils.go:404.4,404.19 1 1
github.com/23skdu/longbow/internal/query/zero_alloc_utils.go:406.3,407.17 2 1
github.com/23skdu/longbow/internal/query/zero_alloc_utils.go:407.17,409.4 1 0
github.com/23skdu/longbow/internal/query/zero_alloc_utils.go:410.3,413.42 4 1
github.com/23skdu/longbow/internal/query/zero_alloc_utils.go:413.42,415.4 1 1
github.com/23skdu/longbow/internal/query/zero_alloc_utils.go:417.2,417.17 1 0
github.com/23skdu/longbow/internal/query/zero_alloc_utils.go:420.91,421.42 1 1
github.com/23skdu/longbow/internal/query/zero_alloc_utils.go:421.42,423.3 1 0
github.com/23skdu/longbow/internal/query/zero_alloc_utils.go:424.2,426.22 3 1
github.com/23skdu/longbow/internal/query/zero_alloc_utils.go:426.22,428.43 2 1
github.com/23skdu/longbow/internal/query/zero_alloc_utils.go:428.43,429.23 1 1
github.com/23skdu/longbow/internal/query/zero_alloc_utils.go:429.23,431.5 1 1
github.com/23skdu/longbow/internal/query/zero_alloc_utils.go:432.4,432.24 1 1
github.com/23skdu/longbow/internal/query/zero_alloc_utils.go:434.3,435.17 2 1
github.com/23skdu/longbow/internal/query/zero_alloc_utils.go:435.17,437.4 1 0
github.com/23skdu/longbow/internal/query/zero_alloc_utils.go:438.3,441.42 4 1
github.com/23skdu/longbow/internal/query/zero_alloc_utils.go:441.42,443.4 1 1
github.com/23skdu/longbow/internal/query/zero_alloc_utils.go:445.2,445.47 1 0
github.com/23skdu/longbow/internal/query/zero_alloc_utils.go:448.88,450.42 2 1
github.com/23skdu/longbow/internal/query/zero_alloc_utils.go:450.42,452.3 1 0
github.com/23skdu/longbow/internal/query/zero_alloc_utils.go:453.2,454.22 2 1
github.com/23skdu/longbow/internal/query/zero_alloc_utils.go:454.22,456.43 2 1
github.com/23skdu/longbow/internal/query/zero_alloc_utils.go:456.43,457.23 1 1
github.com/23skdu/longbow/internal/query/zero_alloc_utils.go:457.23,459.5 1 1
github.com/23skdu/longbow/internal/query/zero_alloc_utils.go:460.4,460.23 1 1
github.com/23skdu/longbow/internal/query/zero_alloc_utils.go:462.3,463.17 2 1
github.com/23skdu/longbow/internal/query/zero_alloc_utils.go:463.17,465.4 1 0
github.com/23skdu/longbow/internal/query/zero_alloc_utils.go:466.3,468.43 3 1
github.com/23skdu/longbow/internal/query/zero_alloc_utils.go:468.43,470.4 1 0
github.com/23skdu/longbow/internal/query/zero_alloc_utils.go:471.3,473.14 3 1
github.com/23skdu/longbow/internal/query/zero_alloc_utils.go:474.15,476.18 2 1
github.com/23skdu/longbow/internal/query/zero_alloc_utils.go:476.18,478.5 1 0
github.com/23skdu/longbow/internal/query/zero_alloc_utils.go:479.4,480.16 2 1
github.com/23skdu/longbow/internal/query/zero_alloc_utils.go:481.13,483.18 2 1
github.com/23skdu/longbow/internal/query/zero_alloc_utils.go:483.18,485.5 1 0
github.com/23skdu/longbow/internal/query/zero_alloc_utils.go:486.4,487.16 2 1
github.com/23skdu/longbow/internal/query/zero_alloc_utils.go:488.16,490.18 2 0
github.com/23skdu/longbow/internal/query/zero_alloc_utils.go:490.18,492.5 1 0
github.com/23skdu/longbow/internal/query/zero_alloc_utils.go:493.4,494.16 2 0
github.com/23skdu/longbow/internal/query/zero_alloc_utils.go:495.15,497.18 2 1
github.com/23skdu/longbow/internal/query/zero_alloc_utils.go:497.18,499.5 1 0
github.com/23skdu/longbow/internal/query/zero_alloc_utils.go:500.4,501.16 2 1
github.com/23skdu/longbow/internal/query/zero_alloc_utils.go:502.11,504.18 2 0
github.com/23skdu/longbow/internal/query/zero_alloc_utils.go:504.18,506.5 1 0
github.com/23skdu/longbow/internal/query/zero_alloc_utils.go:508.3,509.42 2 1
github.com/23skdu/longbow/internal/query/zero_alloc_utils.go:509.42,511.4 1 1
github.com/23skdu/longbow/internal/query/zero_alloc_utils.go:513.2,513.21 1 0
github.com/23skdu/longbow/internal/query/zero_alloc_utils.go:516.80,518.42 2 1
github.com/23skdu/longbow/internal/query/zero_alloc_utils.go:518.42,520.3 1 0
github.com/23skdu/longbow/internal/query/zero_alloc_utils.go:521.2,522.22 2 1
github.com/23skdu/longbow/internal/query/zero_alloc_utils.go:522.22,524.43 2 1
github.com/23skdu/longbow/internal/query/zero_alloc_utils.go:524.43,525.23 1 1
github.com/23skdu/longbow/internal/query/zero_alloc_utils.go:525.23,527.5 1 1
github.com/23skdu/longbow/internal/query/zero_alloc_utils.go:528.4,528.25 1 1
github.com/23skdu/longbow/internal/query/zero_alloc_utils.go:530.3,531.17 2 1
github.com/23skdu/longbow/internal/query/zero_alloc_utils.go:531.17,533.4 1 0
github.com/23skdu/longbow/internal/query/zero_alloc_utils.go:534.3,536.43 3 1
github.com/23skdu/longbow/internal/query/zero_alloc_utils.go:536.43,538.4 1 0
github.com/23skdu/longbow/internal/query/zero_alloc_utils.go:539.3,541.14 3 1
github.com/23skdu/longbow/internal/query/zero_alloc_utils.go:542.23,543.24 1 1
github.com/23skdu/longbow/internal/query/zero_alloc_utils.go:543.24,545.5 1 0
github.com/23skdu/longbow/internal/query/zero_alloc_utils.go:546.4,547.24 2 1
github.com/23skdu/longbow/internal/query/zero_alloc_utils.go:547.24,549.25 2 1
github.com/23skdu/longbow/internal/query/zero_alloc_utils.go:549.25,551.11 2 1
github.com/23skdu/longbow/internal/query/zero_alloc_utils.go:553.5,554.19 2 1
github.com/23skdu/longbow/internal/query/zero_alloc_utils.go:554.19,556.6 1 0
github.com/23skdu/longbow/internal/query/zero_alloc_utils.go:557.5,560.44 4 1
github.com/23skdu/longbow/internal/query/zero_alloc_utils.go:560.44,562.6 1 0
github.com/23skdu/longbow/internal/query/zero_alloc_utils.go:564.19,565.24 1 1
github.com/23skdu/longbow/internal/query/zero_alloc_utils.go:565.24,567.5 1 0
github.com/23skdu/longbow/internal/query/zero_alloc_utils.go:568.4,569.24 2 1
github.com/23skdu/longbow/internal/query/zero_alloc_utils.go:569.24,571.25 2 1
github.com/23skdu/longbow/internal/query/zero_alloc_utils.go:571.25,573.11 2 1
github.com/23skdu/longbow/internal/query/zero_alloc_utils.go:575.5,576.19 2 1
github.com/23skdu/longbow/internal/query/zero_alloc_utils.go:576.19,578.6 1 0
github.com/23skdu/longbow/internal/query/zero_alloc_utils.go:579.5,582.44 4 1
github.com/23skdu/longbow/internal/query/zero_alloc_utils.go:582.44,584.6 1 0
github.com/23skdu/longbow/internal/query/zero_alloc_utils.go:586.11,588.18 2 0
github.com/23skdu/longbow/internal/query/zero_alloc_utils.go:588.18,590.5 1 0
github.com/23skdu/longbow/internal/query/zero_alloc_utils.go:592.3,593.42 2 1
github.com/23skdu/longbow/internal/query/zero_alloc_utils.go:593.42,595.4 1 1
github.com/23skdu/longbow/internal/query/zero_alloc_utils.go:597.2,597.23 1 0
github.com/23skdu/longbow/internal/query/zero_alloc_utils.go:600.82,602.42 2 1
github.com/23skdu/longbow/internal/query/zero_alloc_utils.go:602.42,604.3 1 0
github.com/23skdu/longbow/internal/query/zero_alloc_utils.go:605.2,606.22 2 1
github.com/23skdu/longbow/internal/query/zero_alloc_utils.go:606.22,608.43 2 1
github.com/23skdu/longbow/internal/query/zero_alloc_utils.go:608.43,609.23 1 1
github.com/23skdu/longbow/internal/query/zero_alloc_utils.go:609.23,611.5 1 1
github.com/23skdu/longbow/internal/query/zero_alloc_utils.go:612.4,612.26 1 1
github.com/23skdu/longbow/internal/query/zero_alloc_utils.go:614.3,615.17 2 1
github.com/23skdu/longbow/internal/query/zero_alloc_utils.go:615.17,617.4 1 0
github.com/23skdu/longbow/internal/query/zero_alloc_utils.go:618.3,620.43 3 1
github.com/23skdu/longbow/internal/query/zero_alloc_utils.go:620.43,622.4 1 0
github.com/23skdu/longbow/internal/query/zero_alloc_utils.go:623.3,625.14 3 1
github.com/23skdu/longbow/internal/query/zero_alloc_utils.go:626.16,628.18 2 1
github.com/23skdu/longbow/internal/query/zero_alloc_utils.go:628.18,630.5 1 0
github.com/23skdu/longbow/internal/query/zero_alloc_utils.go:631.4,632.16 2 1
github.com/23skdu/longbow/internal/query/zero_alloc_utils.go:633.29,635.18 2 1
github.com/23skdu/longbow/internal/query/zero_alloc_utils.go:635.18,637.5 1 0
github.com/23skdu/longbow/internal/query/zero_alloc_utils.go:638.4,639.16 2 1
github.com/23skdu/longbow/internal/query/zero_alloc_utils.go:640.11,642.18 2 0
github.com/23skdu/longbow/internal/query/zero_alloc_utils.go:642.18,644.5 1 0
github.com/23skdu/longbow/internal/query/zero_alloc_utils.go:646.3,647.42 2 1
github.com/23skdu/longbow/internal/query/zero_alloc_utils.go:647.42,649.4 1 1
github.com/23skdu/longbow/internal/query/zero_alloc_utils.go:651.2,651.24 1 0
github.com/23skdu/longbow/internal/query/zero_alloc_vector_search.go:22.103,28.2 1 1
github.com/23skdu/longbow/internal/query/zero_alloc_vector_search.go:33.87,43.20 8 1
github.com/23skdu/longbow/internal/query/zero_alloc_vector_search.go:43.20,45.3 1 0
github.com/23skdu/longbow/internal/query/zero_alloc_vector_search.go:47.2,48.38 2 1
github.com/23skdu/longbow/internal/query/zero_alloc_vector_search.go:48.38,50.3 1 0
github.com/23skdu/longbow/internal/query/zero_alloc_vector_search.go:51.2,53.20 2 1
github.com/23skdu/longbow/internal/query/zero_alloc_vector_search.go:53.20,55.21 2 1
github.com/23skdu/longbow/internal/query/zero_alloc_vector_search.go:55.21,57.4 1 0
github.com/23skdu/longbow/internal/query/zero_alloc_vector_search.go:59.3,59.21 1 1
github.com/23skdu/longbow/internal/query/zero_alloc_vector_search.go:59.21,62.26 2 1
github.com/23skdu/longbow/internal/query/zero_alloc_vector_search.go:62.26,65.5 2 0
github.com/23skdu/longbow/internal/query/zero_alloc_vector_search.go:65.10,67.5 1 1
github.com/23skdu/longbow/internal/query/zero_alloc_vector_search.go:68.4,68.24 1 1
github.com/23skdu/longbow/internal/query/zero_alloc_vector_search.go:71.3,71.21 1 1
github.com/23skdu/longbow/internal/query/zero_alloc_vector_search.go:71.21,73.4 1 0
github.com/23skdu/longbow/internal/query/zero_alloc_vector_search.go:75.3,76.17 2 1
github.com/23skdu/longbow/internal/query/zero_alloc_vector_search.go:76.17,78.4 1 0
github.com/23skdu/longbow/internal/query/zero_alloc_vector_search.go:79.3,82.39 3 1
github.com/23skdu/longbow/internal/query/zero_alloc_vector_search.go:82.39,84.4 1 0
github.com/23skdu/longbow/internal/query/zero_alloc_vector_search.go:85.3,88.14 3 1
github.com/23skdu/longbow/internal/query/zero_alloc_vector_search.go:89.18,91.18 2 1
github.com/23skdu/longbow/internal/query/zero_alloc_vector_search.go:91.18,93.5 1 0
github.com/23skdu/longbow/internal/query/zero_alloc_vector_search.go:94.4,95.14 2 1
github.com/23skdu/longbow/internal/query/zero_alloc_vector_search.go:96.12,98.18 2 1
github.com/23skdu/longbow/internal/query/zero_alloc_vector_search.go:98.18,100.5 1 0
github.com/23skdu/longbow/internal/query/zero_alloc_vector_search.go:101.4,102.14 2 1
github.com/23skdu/longbow/internal/query/zero_alloc_vector_search.go:103.17,105.18 2 1
github.com/23skdu/longbow/internal/query/zero_alloc_vector_search.go:105.18,107.5 1 0
github.com/23skdu/longbow/internal/query/zero_alloc_vector_search.go:108.4,108.14 1 1
github.com/23skdu/longbow/internal/query/zero_alloc_vector_search.go:109.18,111.18 2 0
github.com/23skdu/longbow/internal/query/zero_alloc_vector_search.go:111.18,113.5 1 0
github.com/23skdu/longbow/internal/query/zero_alloc_vector_search.go:114.4,114.14 1 0
github.com/23skdu/longbow/internal/query/zero_alloc_vector_search.go:115.21,117.18 2 0
github.com/23skdu/longbow/internal/query/zero_alloc_vector_search.go:117.18,119.5 1 0
github.com/23skdu/longbow/internal/query/zero_alloc_vector_search.go:120.4,121.14 2 0
github.com/23skdu/longbow/internal/query/zero_alloc_vector_search.go:122.21,124.57 1 0
github.com/23skdu/longbow/internal/query/zero_alloc_vector_search.go:124.57,127.5 2 0
github.com/23skdu/longbow/internal/query/zero_alloc_vector_search.go:127.10,129.19 2 0
github.com/23skdu/longbow/internal/query/zero_alloc_vector_search.go:129.19,131.6 1 0
github.com/23skdu/longbow/internal/query/zero_alloc_vector_search.go:132.5,133.15 2 0
github.com/23skdu/longbow/internal/query/zero_alloc_vector_search.go:135.16,137.18 2 1
github.com/23skdu/longbow/internal/query/zero_alloc_vector_search.go:137.18,139.5 1 0
github.com/23skdu/longbow/internal/query/zero_alloc_vector_search.go:140.4,141.14 2 1
github.com/23skdu/longbow/internal/query/zero_alloc_vector_search.go:142.22,144.18 2 0
github.com/23skdu/longbow/internal/query/zero_alloc_vector_search.go:144.18,146.5 1 0
github.com/23skdu/longbow/internal/query/zero_alloc_vector_search.go:147.4,148.14 2 0
github.com/23skdu/longbow/internal/query/zero_alloc_vector_search.go:149.26,151.18 2 0
github.com/23skdu/longbow/internal/query/zero_alloc_vector_search.go:151.18,153.5 1 0
github.com/23skdu/longbow/internal/query/zero_alloc_vector_search.go:154.4,155.14 2 0
github.com/23skdu/longbow/internal/query/zero_alloc_vector_search.go:156.24,158.57 1 0
github.com/23skdu/longbow/internal/query/zero_alloc_vector_search.go:158.57,161.5 2 0
github.com/23skdu/longbow/internal/query/zero_alloc_vector_search.go:161.10,163.19 2 0
github.com/23skdu/longbow/internal/query/zero_alloc_vector_search.go:163.19,165.6 1 0
github.com/23skdu/longbow/internal/query/zero_alloc_vector_search.go:166.5,167.15 2 0
github.com/23skdu/longbow/internal/query/zero_alloc_vector_search.go:169.27,171.18 2 0
github.com/23skdu/longbow/internal/query/zero_alloc_vector_search.go:171.18,173.5 1 0
github.com/23skdu/longbow/internal/query/zero_alloc_vector_search.go:174.4,175.14 2 0
github.com/23skdu/longbow/internal/query/zero_alloc_vector_search.go:176.11,180.56 2 1
github.com/23skdu/longbow/internal/query/zero_alloc_vector_search.go:183.3,184.38 2 1
github.com/23skdu/longbow/internal/query/zero_alloc_vector_search.go:184.38,186.4 1 1
github.com/23skdu/longbow/internal/query/zero_alloc_vector_search.go:189.2,189.55 1 0
github.com/23skdu/longbow/internal/query/zero_alloc_vector_search.go:193.92,194.42 1 1
github.com/23skdu/longbow/internal/query/zero_alloc_vector_search.go:194.42,196.3 1 0
github.com/23skdu/longbow/internal/query/zero_alloc_vector_search.go:197.2,199.22 2 1
github.com/23skdu/longbow/internal/query/zero_alloc_vector_search.go:199.22,201.23 2 1
github.com/23skdu/longbow/internal/query/zero_alloc_vector_search.go:201.23,203.4 1 0
github.com/23skdu/longbow/internal/query/zero_alloc_vector_search.go:205.3,205.23 1 1
github.com/23skdu/longbow/internal/query/zero_alloc_vector_search.go:205.23,207.4 1 1
github.com/23skdu/longbow/internal/query/zero_alloc_vector_search.go:210.3,211.17 2 1
github.com/23skdu/longbow/internal/query/zero_alloc_vector_search.go:211.17,213.4 1 0
github.com/23skdu/longbow/internal/query/zero_alloc_vector_search.go:214.3,218.42 4 1
github.com/23skdu/longbow/internal/query/zero_alloc_vector_search.go:218.42,222.45 3 1
github.com/23skdu/longbow/internal/query/zero_alloc_vector_search.go:222.45,224.5 1 0
github.com/23skdu/longbow/internal/query/zero_alloc_vector_search.go:228.2,228.58 1 0
github.com/23skdu/longbow/internal/query/zero_alloc_vector_search.go:232.87,234.2 1 0
